A1BG
A1CF
A2BP1
A2M
AAAS
AACS
AADAC
AADACL4
AADAT
AAGAB
AAK1
AAMP
AANAT
AARS
AARS2
AASDH
AASDHPPT
AASS
AATF
AATK
ABAT
ABCA1
ABCA10
ABCA11P
ABCA17P
ABCA2
ABCA3
ABCA4
ABCA5
ABCA7
ABCB1
ABCB10
ABCB6
ABCB7
ABCB8
ABCC11
ABCC12
ABCC2
ABCC3
ABCC4
ABCC5
ABCC8
ABCC9
ABCD1
ABCD2
ABCD3
ABCD4
ABCE1
ABCF1
ABCF2
ABCF3
ABCG1
ABCG5
ABCG8
ABHD10
ABHD11
ABHD12B
ABHD14B
ABHD2
ABHD4
ABHD5
ABHD8
ABI1
ABI2
ABI3
ABI3BP
ABL1
ABL2
ABLIM1
ABLIM2
ABLIM3
ABP1
ABR
ABT1
ABTB1
ABTB2
ACAA1
ACAA2
ACACA
ACACB
ACAD10
ACAD8
ACAD9
ACADL
ACADM
ACADS
ACADSB
ACADVL
ACAN
ACAP1
ACAP2
ACAP3
ACAT1
ACAT2
ACBD3
ACBD4
ACBD5
ACBD6
ACCN1
ACCN2
ACCN3
ACCN4
ACCS
ACD
ACE
ACER2
ACER3
ACHE
ACIN1
ACLY
ACMSD
ACO1
ACO2
ACOT1
ACOT11
ACOT12
ACOT13
ACOT2
ACOT8
ACOT9
ACOX1
ACOX3
ACP1
ACP2
ACP5
ACP6
ACPP
ACPT
ACR
ACRBP
ACRC
ACSBG2
ACSF3
ACSL1
ACSL3
ACSL4
ACSL5
ACSL6
ACSM1
ACSM3
ACSS1
ACSS2
ACTA1
ACTA2
ACTB
ACTBL2
ACTC1
ACTG1
ACTG2
ACTL6A
ACTL6B
ACTL7A
ACTN1
ACTN2
ACTN3
ACTN4
ACTR1A
ACTR1B
ACTR2
ACTR3
ACTR3B
ACTR3C
ACTR5
ACTR6
ACTR8
ACVR1
ACVR1B
ACVR1C
ACVR2A
ACVR2B
ACVRL1
ACY1
ACY3
ACYP1
ACYP2
ADA
ADAL
ADAM1
ADAM10
ADAM11
ADAM12
ADAM15
ADAM17
ADAM19
ADAM2
ADAM22
ADAM33
ADAM9
ADAMTS1
ADAMTS17
ADAMTS8
ADAMTSL4
ADAMTSL5
ADAP1
ADAP2
ADAR
ADARB1
ADARB2
ADAT1
ADAT2
ADAT3
ADC
ADCK1
ADCK2
ADCK4
ADCK5
ADCY1
ADCY10
ADCY2
ADCY3
ADCY4
ADCY5
ADCY6
ADCY7
ADCY8
ADCY9
ADCYAP1
ADD1
ADD2
ADH1A
ADH1B
ADH4
ADH5
ADH6
ADH7
ADHFE1
ADI1
ADIPOQ
ADIPOR2
ADK
ADM
ADNP
ADNP2
ADORA1
ADORA2A
ADORA2B
ADORA3
ADPGK
ADPRHL1
ADPRHL2
ADRA1B
ADRA1D
ADRA2A
ADRA2B
ADRA2C
ADRB1
ADRB2
ADRB3
ADRBK1
ADRBK2
ADRM1
ADSL
ADSS
ADSSL1
AEBP2
AES
AFAP1
AFAP1L1
AFF1
AFF3
AFF4
AFG3L1
AFG3L2
AFMID
AFP
AFTPH
AGA
AGAP1
AGAP2
AGAP3
AGBL2
AGBL3
AGBL5
AGER
AGFG1
AGFG2
AGGF1
AGK
AGL
AGMAT
AGPAT1
AGPAT2
AGPAT3
AGPAT4
AGPAT5
AGPAT6
AGPS
AGR2
AGR3
AGRN
AGRP
AGT
AGTPBP1
AGTR1
AGTR2
AGTRAP
AGXT
AGXT2
AHCTF1
AHCY
AHCYL1
AHCYL2
AHDC1
AHI1
AHNAK
AHR
AHRR
AHSA1
AHSA2
AHSG
AHSP
AICDA
AIDA
AIF1L
AIFM1
AIFM2
AIG1
AIM2
AIMP1
AIMP2
AIP
AIPL1
AIRE
AJAP1
AK1
AK2
AK3
AK4
AK5
AK7
AKAP1
AKAP10
AKAP11
AKAP12
AKAP13
AKAP14
AKAP2
AKAP3
AKAP4
AKAP5
AKAP6
AKAP7
AKAP8
AKAP8L
AKAP9
AKD1
AKIRIN1
AKIRIN2
AKR1A1
AKR1B1
AKR1B10
AKR1C1
AKR1C2
AKR1C3
AKR1C4
AKR1D1
AKR1E2
AKR7A2
AKR7A3
AKT1
AKT1S1
AKT2
AKT3
AKTIP
ALAD
ALAS1
ALAS2
ALB
ALCAM
ALDH16A1
ALDH18A1
ALDH1A1
ALDH1A2
ALDH1A3
ALDH1B1
ALDH1L1
ALDH1L2
ALDH2
ALDH3A1
ALDH3A2
ALDH3B1
ALDH4A1
ALDH5A1
ALDH6A1
ALDH7A1
ALDH9A1
ALDOA
ALDOB
ALDOC
ALG1
ALG10
ALG10B
ALG11
ALG12
ALG14
ALG2
ALG3
ALG5
ALG8
ALG9
ALK
ALKBH1
ALKBH2
ALKBH3
ALKBH4
ALKBH5
ALKBH6
ALKBH7
ALKBH8
ALL1
ALOX12
ALOX15
ALOX15B
ALOX5
ALOX5AP
ALOXE3
ALPI
ALPK1
ALPL
ALPP
ALPPL2
ALS2
ALS2CL
ALS2CR11
ALS2CR12
ALS2CR8
ALX1
ALX3
ALX4
AMAC1L3
AMACR
AMBP
AMBRA1
AMD1
AMDHD1
AMDHD2
AMFR
AMH
AMHR2
AMICA1
AMIGO1
AMIGO2
AMIGO3
AMMECR1L
AMN
AMN1
AMOT
AMOTL1
AMOTL2
AMPD1
AMPD2
AMPD3
AMPH
AMT
AMY1A
AMY1C
AMY2A
AMZ2
AMZ2P1
ANAPC1
ANAPC10
ANAPC11
ANAPC13
ANAPC16
ANAPC2
ANAPC4
ANAPC5
ANAPC7
ANG
ANGEL2
ANGPT1
ANGPT2
ANGPT4
ANGPTL4
ANGPTL5
ANGPTL6
ANK1
ANK2
ANK3
ANKFY1
ANKH
ANKHD1
ANKHD1-EIF4EBP3
ANKIB1
ANKLE1
ANKLE2
ANKMY2
ANKRA2
ANKRD1
ANKRD11
ANKRD12
ANKRD13A
ANKRD13B
ANKRD13C
ANKRD16
ANKRD17
ANKRD18A
ANKRD2
ANKRD22
ANKRD23
ANKRD24
ANKRD26
ANKRD27
ANKRD28
ANKRD30BL
ANKRD32
ANKRD33B
ANKRD34C
ANKRD36
ANKRD36B
ANKRD36BP1
ANKRD39
ANKRD44
ANKRD45
ANKRD46
ANKRD5
ANKRD52
ANKRD53
ANKRD54
ANKRD55
ANKRD57
ANKRD6
ANKS1A
ANKS1B
ANKS3
ANKS4B
ANKZF1
ANLN
ANO6
ANP32A
ANP32B
ANP32E
ANPEP
ANTXR1
ANTXR2
ANUBL1
ANXA1
ANXA11
ANXA2
ANXA2P2
ANXA3
ANXA4
ANXA5
ANXA6
ANXA7
ANXA8
ANXA8L2
ANXA9
AOC2
AOC3
AOX1
AP1B1
AP1G1
AP1G2
AP1M1
AP1M2
AP1S1
AP1S2
AP1S3
AP2A1
AP2A2
AP2B1
AP2M1
AP2S1
AP3B1
AP3B2
AP3D1
AP3M1
AP3M2
AP3S1
AP3S2
AP4B1
AP4E1
AP4M1
AP4S1
APAF1
APBA1
APBA2
APBA3
APBB1
APBB1IP
APBB2
APBB3
APC
APC2
APCS
APEH
APEX1
APEX2
APH1A
API5
APIP
APITD1
APLF
APLP1
APLP2
APOA1
APOA1BP
APOA2
APOA4
APOB
APOB48R
APOBEC1
APOBEC2
APOBEC3A
APOBEC3B
APOBEC3C
APOBEC3D
APOBEC3F
APOBEC3G
APOBEC4
APOC1
APOC1P1
APOC2
APOC3
APOD
APOE
APOF
APOH
APOL1
APOL2
APOL4
APOL6
APOM
APOO
APP
APPBP2
APPL1
APPL2
APRIN
APRT
APTX
AQP1
AQP10
AQP11
AQP2
AQP3
AQP4
AQP5
AQP8
AQR
AR
ARAF
ARAP1
ARAP2
ARC
ARCN1
AREG
ARF1
ARF3
ARF4
ARF5
ARF6
ARFGAP1
ARFGAP2
ARFGAP3
ARFGEF1
ARFGEF2
ARFIP1
ARFIP2
ARFRP1
ARG1
ARG2
ARGLU1
ARHGAP1
ARHGAP10
ARHGAP11A
ARHGAP15
ARHGAP17
ARHGAP18
ARHGAP19
ARHGAP20
ARHGAP21
ARHGAP22
ARHGAP23
ARHGAP24
ARHGAP25
ARHGAP26
ARHGAP27
ARHGAP29
ARHGAP31
ARHGAP32
ARHGAP33
ARHGAP39
ARHGAP4
ARHGAP5
ARHGAP9
ARHGDIA
ARHGDIB
ARHGDIG
ARHGEF1
ARHGEF10
ARHGEF11
ARHGEF12
ARHGEF15
ARHGEF16
ARHGEF17
ARHGEF18
ARHGEF19
ARHGEF2
ARHGEF3
ARHGEF4
ARHGEF5
ARHGEF6
ARHGEF7
ARHGEF9
ARID1A
ARID1B
ARID2
ARID3A
ARID3B
ARID4A
ARID4B
ARID5A
ARID5B
ARIH1
ARIH2
ARL1
ARL11
ARL14
ARL15
ARL16
ARL2
ARL2BP
ARL3
ARL4A
ARL4D
ARL5A
ARL6
ARL6IP1
ARL6IP4
ARL6IP5
ARL6IP6
ARL8B
ARMC10
ARMC5
ARMC6
ARMC7
ARMC8
ARMC9
ARMCX2
ARMCX3
ARNT
ARNT2
ARNTL
ARNTL2
ARPC1A
ARPC1B
ARPC2
ARPC3
ARPC3B
ARPC4
ARPC5
ARPC5L
ARPM1
ARPP19
ARR3
ARRB1
ARRB2
ARRDC1
ARRDC2
ARRDC3
ARRDC4
ARRDC5
ARSB
ARSE
ARSG
ARSK
ART4
ARTN
ARV1
ARVCF
ARX
ASAH1
ASAP1
ASAP2
ASB1
ASB12
ASB13
ASB2
ASB3
ASB4
ASB6
ASB7
ASB8
ASB9
ASCC1
ASCC2
ASCC3
ASCC3L1
ASCL1
ASCL2
ASCL3
ASCL4
ASF1A
ASF1B
ASGR1
ASGR2
ASH1L
ASH2L
ASL
ASMT
ASMTL
ASNA1
ASNS
ASNSD1
ASPA
ASPG
ASPH
ASPHD1
ASPHD2
ASPM
ASPRV1
ASPSCR1
ASRGL1
ASS1
ASTE1
ASTL
ASTN2
ASXL1
ASXL2
ATAD1
ATAD2
ATAD2B
ATAD3A
ATAD3B
ATAD5
ATE1
ATF1
ATF2
ATF3
ATF4
ATF5
ATF6
ATF6B
ATF7
ATF7IP
ATF7IP2
ATG10
ATG12
ATG13
ATG14
ATG16L1
ATG16L2
ATG2A
ATG2B
ATG3
ATG4B
ATG4C
ATG4D
ATG5
ATG7
ATG9A
ATIC
ATL1
ATL2
ATL3
ATM
ATMIN
ATN1
ATOH1
ATOH7
ATOH8
ATOX1
ATP11B
ATP12A
ATP13A1
ATP13A2
ATP13A3
ATP1A1
ATP1B1
ATP1B3
ATP2A1
ATP2A2
ATP2A3
ATP2B1
ATP2B2
ATP2B3
ATP2B4
ATP5A1
ATP5B
ATP5C1
ATP5D
ATP5F1
ATP5G1
ATP5G2
ATP5G3
ATP5H
ATP5I
ATP5J
ATP5J2
ATP5L
ATP5O
ATP5SL
ATP6
ATP6AP1
ATP6AP2
ATP6V0A4
ATP6V0B
ATP6V0C
ATP6V0D1
ATP6V0E1
ATP6V0E2
ATP6V1B1
ATP6V1B2
ATP6V1C1
ATP6V1D
ATP6V1E1
ATP6V1F
ATP6V1G1
ATP6V1G2
ATP6V1H
ATP7A
ATP7B
ATP8
ATP8B2
ATP9B
ATPAF1
ATPAF2
ATPBD4
ATPIF1
ATR
ATRIP
ATRN
ATRNL1
ATRX
ATXN1
ATXN10
ATXN1L
ATXN2
ATXN2L
ATXN3
ATXN7
ATXN7L2
ATXN7L3
ATXN7L3B
AUH
AUP1
AURKA
AURKAIP1
AURKB
AURKC
AVEN
AVIL
AVP
AVPI1
AVPR1A
AVPR1B
AVPR2
AXIN1
AXIN2
AXL
AZGP1
AZI1
AZI2
AZIN1
B2M
B3GALNT2
B3GALT1
B3GALT4
B3GALT6
B3GALTL
B3GAT3
B3GNT1
B3GNT2
B3GNTL1
B4GALNT1
B4GALNT3
B4GALT1
B4GALT2
B4GALT3
B4GALT6
B9D1
B9D2
BAALC
BAAT
BACE1
BACE2
BACH1
BACH2
BAD
BAG1
BAG2
BAG3
BAG4
BAG5
BAGE
BAGE2
BAGE3
BAGE4
BAGE5
BAHCC1
BAHD1
BAI1
BAI2
BAIAP2
BAIAP2L1
BAIAP3
BAK1
BAMBI
BANF1
BANF2
BANK1
BANP
BAP1
BARD1
BARHL1
BARHL2
BARX1
BASP1
BAT1
BAT2
BAT2L1
BAT2L2
BAT3
BAT4
BAT5
BATF
BATF2
BAX
BAZ1A
BAZ1B
BAZ2A
BAZ2B
BBC3
BBOX1
BBS1
BBS10
BBS2
BBS4
BBX
BCAM
BCAN
BCAP29
BCAP31
BCAR1
BCAR3
BCAS1
BCAS2
BCAS3
BCAS4
BCAT1
BCAT2
BCCIP
BCDIN3D
BCHE
BCKDHA
BCKDHB
BCKDK
BCL10
BCL11A
BCL11B
BCL2
BCL2A1
BCL2L1
BCL2L10
BCL2L11
BCL2L12
BCL2L13
BCL2L14
BCL2L2
BCL3
BCL6
BCL6B
BCL7A
BCL7B
BCL7C
BCL9
BCL9L
BCLAF1
BCMO1
BCO2
BCOR
BCORL1
BCR
BCS1L
BDH1
BDH2
BDKRB1
BDKRB2
BDNF
BDNFOS
BDP1
BECN1
BEGAIN
BEND3
BEND5
BEND6
BEND7
BEST1
BEST3
BET1
BET1L
BEX1
BEX2
BFAR
BFSP1
BGN
BHLHA15
BHLHB5
BHLHB9
BHLHE23
BHLHE40
BHLHE41
BHMT
BICD1
BICD2
BID
BIK
BIN1
BIN2
BIN3
BIRC2
BIRC3
BIRC5
BIRC6
BIRC7
BIRC8
BLCAP
BLID
BLK
BLM
BLMH
BLNK
BLOC1S1
BLOC1S2
BLOC1S3
BLVRA
BLVRB
BLZF1
BMF
BMI1
BMP1
BMP15
BMP2
BMP2K
BMP4
BMP5
BMP6
BMP7
BMP8B
BMPR1A
BMPR1B
BMPR2
BMS1
BMS1P4
BMX
BNC1
BNIP1
BNIP2
BNIP3
BNIP3L
BNIPL
BOC
BOD1
BOD1L
BOK
BOKAS
BOLA1
BOLA3
BOLL
BOP1
BPGM
BPIL1
BPNT1
BPTF
BPY2
BRAF
BRAP
BRCA1
BRCA2
BRCC3
BRD1
BRD2
BRD3
BRD4
BRD7
BRD8
BRD9
BRE
BRF1
BRF2
BRI3BP
BRIP1
BRIX1
BRMS1
BRMS1L
BRP44
BRP44L
BRPF1
BRPF3
BRSK1
BRSK2
BRUNOL4
BRUNOL5
BRWD1
BRWD3
BSCL2
BSDC1
BSG
BSN
BSND
BST1
BST2
BSX
BTAF1
BTBD1
BTBD10
BTBD12
BTBD14A
BTBD17
BTBD19
BTBD2
BTBD8
BTBD9
BTC
BTD
BTF3
BTG1
BTG2
BTG3
BTG4
BTK
BTLA
BTN1A1
BTN2A1
BTN2A2
BTN2A3
BTN3A1
BTN3A2
BTN3A3
BTNL2
BTRC
BUB1
BUB1B
BUB3
BUD31
BYSL
BZRAP1
BZW1
BZW1L1
BZW2
C10ORF10
C10ORF11
C10ORF111
C10ORF114
C10ORF118
C10ORF119
C10ORF12
C10ORF128
C10ORF137
C10ORF140
C10ORF18
C10ORF2
C10ORF25
C10ORF26
C10ORF35
C10ORF46
C10ORF54
C10ORF58
C10ORF62
C10ORF71
C10ORF76
C10ORF78
C10ORF82
C10ORF88
C10ORF90
C10ORF91
C11ORF1
C11ORF10
C11ORF16
C11ORF17
C11ORF2
C11ORF20
C11ORF21
C11ORF30
C11ORF31
C11ORF34
C11ORF35
C11ORF41
C11ORF46
C11ORF48
C11ORF49
C11ORF51
C11ORF54
C11ORF58
C11ORF59
C11ORF61
C11ORF65
C11ORF68
C11ORF71
C11ORF73
C11ORF74
C11ORF75
C11ORF80
C11ORF82
C11ORF83
C11ORF86
C11ORF9
C11ORF91
C11ORF95
C12ORF10
C12ORF11
C12ORF12
C12ORF23
C12ORF24
C12ORF26
C12ORF32
C12ORF35
C12ORF41
C12ORF43
C12ORF44
C12ORF45
C12ORF48
C12ORF49
C12ORF57
C12ORF59
C12ORF61
C12ORF62
C12ORF65
C12ORF66
C12ORF70
C12ORF71
C12ORF73
C12ORF77
C13ORF1
C13ORF15
C13ORF18
C13ORF23
C13ORF27
C13ORF29
C13ORF31
C13ORF34
C13ORF37
C14ORF1
C14ORF101
C14ORF102
C14ORF106
C14ORF118
C14ORF119
C14ORF126
C14ORF128
C14ORF129
C14ORF131
C14ORF135
C14ORF139
C14ORF140
C14ORF143
C14ORF147
C14ORF149
C14ORF153
C14ORF156
C14ORF165
C14ORF166
C14ORF167
C14ORF169
C14ORF176
C14ORF179
C14ORF181
C14ORF182
C14ORF2
C14ORF21
C14ORF28
C14ORF34
C14ORF38
C14ORF4
C14ORF43
C14ORF45
C14ORF48
C14ORF80
C15ORF23
C15ORF24
C15ORF27
C15ORF29
C15ORF33
C15ORF34
C15ORF37
C15ORF39
C15ORF40
C15ORF41
C15ORF42
C15ORF44
C15ORF48
C15ORF55
C15ORF57
C15ORF62
C15ORF63
C16ORF13
C16ORF3
C16ORF42
C16ORF44
C16ORF45
C16ORF48
C16ORF5
C16ORF52
C16ORF53
C16ORF54
C16ORF55
C16ORF59
C16ORF61
C16ORF62
C16ORF63
C16ORF7
C16ORF70
C16ORF71
C16ORF72
C16ORF74
C16ORF75
C16ORF80
C16ORF81
C16ORF86
C16ORF88
C17ORF101
C17ORF103
C17ORF106
C17ORF108
C17ORF28
C17ORF37
C17ORF39
C17ORF42
C17ORF44
C17ORF48
C17ORF49
C17ORF53
C17ORF55
C17ORF56
C17ORF57
C17ORF59
C17ORF61
C17ORF62
C17ORF63
C17ORF64
C17ORF70
C17ORF71
C17ORF72
C17ORF78
C17ORF79
C17ORF80
C17ORF81
C17ORF82
C17ORF85
C17ORF86
C17ORF87
C17ORF89
C17ORF90
C17ORF91
C17ORF95
C17ORF96
C17ORF97
C17ORF99
C18ORF1
C18ORF10
C18ORF16
C18ORF19
C18ORF20
C18ORF21
C18ORF22
C18ORF25
C18ORF32
C18ORF45
C18ORF54
C18ORF55
C18ORF56
C18ORF8
C19ORF10
C19ORF12
C19ORF18
C19ORF2
C19ORF20
C19ORF21
C19ORF22
C19ORF23
C19ORF24
C19ORF25
C19ORF28
C19ORF29
C19ORF30
C19ORF33
C19ORF36
C19ORF39
C19ORF40
C19ORF42
C19ORF43
C19ORF44
C19ORF47
C19ORF48
C19ORF50
C19ORF51
C19ORF52
C19ORF53
C19ORF54
C19ORF55
C19ORF56
C19ORF57
C19ORF6
C19ORF60
C19ORF61
C19ORF62
C19ORF63
C19ORF66
C19ORF70
C19ORF71
C19ORF73
C1D
C1GALT1
C1GALT1C1
C1ORF100
C1ORF103
C1ORF104
C1ORF107
C1ORF109
C1ORF111
C1ORF112
C1ORF115
C1ORF116
C1ORF124
C1ORF125
C1ORF126
C1ORF128
C1ORF131
C1ORF135
C1ORF144
C1ORF151
C1ORF156
C1ORF159
C1ORF164
C1ORF168
C1ORF172
C1ORF174
C1ORF176
C1ORF177
C1ORF182
C1ORF183
C1ORF186
C1ORF190
C1ORF194
C1ORF198
C1ORF200
C1ORF204
C1ORF212
C1ORF213
C1ORF216
C1ORF220
C1ORF226
C1ORF228
C1ORF25
C1ORF26
C1ORF27
C1ORF31
C1ORF35
C1ORF43
C1ORF50
C1ORF51
C1ORF52
C1ORF55
C1ORF57
C1ORF58
C1ORF59
C1ORF61
C1ORF63
C1ORF64
C1ORF65
C1ORF66
C1ORF69
C1ORF74
C1ORF77
C1ORF83
C1ORF84
C1ORF85
C1ORF86
C1ORF89
C1ORF9
C1ORF92
C1ORF94
C1QA
C1QBP
C1QC
C1QL4
C1QTNF1
C1QTNF6
C1R
C1RL
C1S
C2
C20ORF11
C20ORF111
C20ORF112
C20ORF116
C20ORF117
C20ORF12
C20ORF141
C20ORF144
C20ORF149
C20ORF151
C20ORF165
C20ORF177
C20ORF185
C20ORF19
C20ORF195
C20ORF196
C20ORF199
C20ORF20
C20ORF203
C20ORF24
C20ORF26
C20ORF27
C20ORF29
C20ORF3
C20ORF30
C20ORF32
C20ORF4
C20ORF43
C20ORF7
C20ORF71
C20ORF72
C20ORF79
C20ORF94
C21ORF119
C21ORF122
C21ORF125
C21ORF129
C21ORF2
C21ORF29
C21ORF33
C21ORF45
C21ORF49
C21ORF56
C21ORF57
C21ORF58
C21ORF63
C21ORF66
C21ORF67
C21ORF7
C21ORF70
C21ORF71
C21ORF90
C21ORF91
C22ORF25
C22ORF28
C22ORF29
C22ORF30
C22ORF31
C22ORF32
C22ORF39
C22ORF45
C22ORF9
C2CD2
C2CD2L
C2CD3
C2CD4A
C2ORF15
C2ORF18
C2ORF24
C2ORF28
C2ORF29
C2ORF34
C2ORF42
C2ORF43
C2ORF44
C2ORF47
C2ORF49
C2ORF50
C2ORF51
C2ORF52
C2ORF54
C2ORF60
C2ORF63
C2ORF64
C2ORF65
C2ORF7
C2ORF74
C2ORF76
C2ORF79
C2ORF85
C2ORF86
C2ORF88
C3
C3ORF1
C3ORF14
C3ORF15
C3ORF17
C3ORF19
C3ORF21
C3ORF26
C3ORF31
C3ORF32
C3ORF33
C3ORF34
C3ORF36
C3ORF37
C3ORF43
C3ORF49
C3ORF54
C3ORF58
C3ORF59
C3ORF63
C3ORF72
C3ORF75
C4A
C4B
C4BPA
C4BPB
C4ORF10
C4ORF14
C4ORF17
C4ORF19
C4ORF21
C4ORF27
C4ORF29
C4ORF32
C4ORF33
C4ORF34
C4ORF41
C4ORF42
C4ORF43
C4ORF46
C4ORF49
C5
C5AR1
C5ORF13
C5ORF16
C5ORF22
C5ORF24
C5ORF25
C5ORF27
C5ORF28
C5ORF33
C5ORF34
C5ORF36
C5ORF39
C5ORF4
C5ORF41
C5ORF42
C5ORF44
C5ORF51
C5ORF55
C5ORF62
C6
C6ORF1
C6ORF10
C6ORF105
C6ORF106
C6ORF108
C6ORF115
C6ORF120
C6ORF125
C6ORF129
C6ORF130
C6ORF136
C6ORF138
C6ORF141
C6ORF145
C6ORF15
C6ORF150
C6ORF151
C6ORF162
C6ORF164
C6ORF165
C6ORF167
C6ORF174
C6ORF176
C6ORF182
C6ORF203
C6ORF204
C6ORF208
C6ORF211
C6ORF218
C6ORF223
C6ORF226
C6ORF227
C6ORF25
C6ORF27
C6ORF35
C6ORF47
C6ORF48
C6ORF52
C6ORF64
C6ORF70
C6ORF75
C6ORF81
C6ORF89
C7
C7ORF10
C7ORF11
C7ORF13
C7ORF23
C7ORF25
C7ORF26
C7ORF27
C7ORF28B
C7ORF30
C7ORF31
C7ORF34
C7ORF36
C7ORF40
C7ORF42
C7ORF43
C7ORF45
C7ORF46
C7ORF47
C7ORF49
C7ORF50
C7ORF51
C7ORF55
C7ORF58
C7ORF59
C7ORF60
C7ORF64
C7ORF70
C8A
C8B
C8G
C8ORF30A
C8ORF31
C8ORF33
C8ORF37
C8ORF38
C8ORF4
C8ORF41
C8ORF44
C8ORF48
C8ORF51
C8ORF55
C8ORF59
C8ORF74
C8ORF75
C8ORF77
C8ORF80
C8ORF86
C9
C9ORF100
C9ORF102
C9ORF116
C9ORF117
C9ORF119
C9ORF122
C9ORF130
C9ORF135
C9ORF139
C9ORF140
C9ORF142
C9ORF156
C9ORF16
C9ORF163
C9ORF167
C9ORF169
C9ORF171
C9ORF172
C9ORF25
C9ORF3
C9ORF30
C9ORF37
C9ORF41
C9ORF43
C9ORF44
C9ORF46
C9ORF5
C9ORF53
C9ORF68
C9ORF69
C9ORF70
C9ORF78
C9ORF82
C9ORF84
C9ORF85
C9ORF86
C9ORF89
C9ORF9
C9ORF91
C9ORF95
C9ORF96
CA1
CA11
CA12
CA13
CA14
CA2
CA3
CA4
CA5A
CA5B
CA6
CA7
CA8
CA9
CAB39
CAB39L
CABC1
CABIN1
CABLES1
CABLES2
CABP1
CABP2
CABP4
CABP5
CACNA1A
CACNA1B
CACNA1C
CACNA1D
CACNA1E
CACNA1F
CACNA1H
CACNA1S
CACNB3
CACNB4
CACNG2
CACNG3
CACNG7
CACYBP
CAD
CADM1
CADM3
CADPS
CADPS2
CAGE1
CALB1
CALB2
CALCOCO1
CALCOCO2
CALCR
CALCRL
CALD1
CALM1
CALM2
CALM3
CALML3
CALML5
CALR
CALR3
CALU
CAMK1
CAMK1D
CAMK2A
CAMK2B
CAMK2D
CAMK2G
CAMK2N1
CAMK2N2
CAMK4
CAMKK1
CAMKK2
CAMKV
CAMLG
CAMP
CAMSAP1
CAMTA1
CAMTA2
CAND1
CAND2
CANT1
CANX
CAP1
CAP2
CAPN1
CAPN13
CAPN2
CAPN3
CAPN7
CAPNS1
CAPRIN1
CAPS2
CAPZA1
CAPZA2
CAPZB
CARD10
CARD11
CARD14
CARD6
CARD8
CARD9
CARHSP1
CARM1
CARS
CARS2
CARTPT
CASC2
CASC4
CASC5
CASK
CASKIN1
CASKIN2
CASP1
CASP10
CASP12
CASP14
CASP2
CASP3
CASP4
CASP5
CASP6
CASP7
CASP8
CASP8AP2
CASP9
CASQ1
CASQ2
CASR
CASS4
CAST
CASZ1
CAT
CATSPER1
CATSPER2P1
CATSPERG
CAV1
CAV2
CAV3
CBARA1
CBFA2T2
CBFA2T3
CBFB
CBL
CBLB
CBLC
CBLL1
CBLN2
CBLN3
CBR1
CBR3
CBS
CBWD2
CBWD5
CBX1
CBX2
CBX3
CBX4
CBX5
CBX6
CBX7
CBX8
CBY1
CBY3
CC2D1A
CC2D1B
CCAR1
CCBE1
CCBL1
CCBL2
CCBP2
CCDC101
CCDC102A
CCDC103
CCDC104
CCDC106
CCDC107
CCDC109A
CCDC109B
CCDC11
CCDC112
CCDC113
CCDC114
CCDC115
CCDC116
CCDC117
CCDC12
CCDC120
CCDC122
CCDC123
CCDC124
CCDC126
CCDC127
CCDC130
CCDC131
CCDC132
CCDC134
CCDC135
CCDC136
CCDC137
CCDC14
CCDC140
CCDC141
CCDC142
CCDC144A
CCDC144B
CCDC144C
CCDC144NL
CCDC146
CCDC147
CCDC149
CCDC150
CCDC151
CCDC155
CCDC158
CCDC159
CCDC16
CCDC163P
CCDC17
CCDC19
CCDC21
CCDC23
CCDC25
CCDC33
CCDC34
CCDC38
CCDC40
CCDC42
CCDC43
CCDC45
CCDC47
CCDC49
CCDC50
CCDC51
CCDC52
CCDC53
CCDC55
CCDC57
CCDC58
CCDC59
CCDC6
CCDC61
CCDC64
CCDC64B
CCDC66
CCDC67
CCDC69
CCDC7
CCDC70
CCDC71
CCDC72
CCDC75
CCDC76
CCDC77
CCDC80
CCDC82
CCDC83
CCDC84
CCDC85A
CCDC85B
CCDC85C
CCDC86
CCDC87
CCDC88A
CCDC88B
CCDC9
CCDC90B
CCDC91
CCDC92
CCDC94
CCDC97
CCDC99
CCHCR1
CCK
CCKAR
CCKBR
CCL1
CCL11
CCL13
CCL14
CCL16
CCL17
CCL18
CCL19
CCL2
CCL20
CCL21
CCL22
CCL23
CCL25
CCL27
CCL28
CCL3
CCL3L1
CCL4
CCL5
CCL7
CCL8
CCM2
CCNA1
CCNA2
CCNB1
CCNB1IP1
CCNB2
CCNB3
CCNC
CCND1
CCND2
CCND3
CCNDBP1
CCNE1
CCNE2
CCNF
CCNG1
CCNG2
CCNH
CCNI
CCNJ
CCNK
CCNL1
CCNL2
CCNO
CCNT1
CCNT2
CCNYL1
CCR1
CCR10
CCR3
CCR4
CCR5
CCR6
CCR7
CCR9
CCRK
CCRL2
CCRN4L
CCS
CCT2
CCT3
CCT4
CCT5
CCT6A
CCT6B
CCT6P1
CCT7
CCT8
CCZ1
CD101
CD109
CD14
CD151
CD163
CD164
CD177
CD180
CD19
CD1D
CD2
CD200
CD200R1
CD209
CD22
CD226
CD24
CD244
CD247
CD27
CD274
CD276
CD28
CD2AP
CD2BP2
CD300A
CD300C
CD302
CD320
CD33
CD34
CD36
CD37
CD38
CD3D
CD3E
CD3EAP
CD3G
CD4
CD40
CD40LG
CD44
CD46
CD47
CD48
CD5
CD53
CD55
CD58
CD59
CD6
CD63
CD68
CD69
CD7
CD70
CD72
CD74
CD79A
CD79B
CD80
CD81
CD82
CD83
CD84
CD86
CD8A
CD8B
CD9
CD93
CD97
CD99
CD99L2
CDA
CDAN1
CDC123
CDC14A
CDC14B
CDC16
CDC2
CDC20
CDC23
CDC25A
CDC25B
CDC25C
CDC26
CDC27
CDC2L5
CDC2L6
CDC34
CDC37
CDC40
CDC42
CDC42BPA
CDC42BPB
CDC42BPG
CDC42EP1
CDC42EP2
CDC42EP3
CDC42EP4
CDC42EP5
CDC42SE1
CDC42SE2
CDC45
CDC5L
CDC6
CDC7
CDC73
CDCA2
CDCA3
CDCA4
CDCA5
CDCA7
CDCA7L
CDCA8
CDH1
CDH10
CDH11
CDH15
CDH17
CDH18
CDH2
CDH23
CDH24
CDH3
CDH4
CDH5
CDH6
CDH7
CDH8
CDH9
CDHR1
CDHR2
CDIPT
CDK1
CDK10
CDK11A
CDK11B
CDK12
CDK13
CDK14
CDK15
CDK16
CDK17
CDK18
CDK19
CDK2
CDK20
CDK2AP1
CDK2AP2
CDK3
CDK4
CDK5
CDK5R1
CDK5R2
CDK5RAP1
CDK5RAP2
CDK5RAP3
CDK6
CDK7
CDK8
CDK9
CDKAL1
CDKL3
CDKL4
CDKL5
CDKN1A
CDKN1B
CDKN1C
CDKN2A
CDKN2AIPNL
CDKN2B
CDKN2C
CDKN2D
CDKN3
CDNA
CDNF
CDO1
CDON
CDR2
CDS1
CDS2
CDSN
CDT1
CDX2
CDYL
CEACAM1
CEACAM16
CEACAM21
CEACAM5
CEACAM8
CEBPA
CEBPB
CEBPD
CEBPE
CEBPG
CEBPZ
CECR1
CECR2
CECR4
CECR5
CECR6
CEL
CELA1
CELF1
CELF2
CELF3
CELF4
CELF6
CELSR1
CELSR2
CELSR3
CEND1
CENPA
CENPB
CENPBD1
CENPC1
CENPE
CENPF
CENPH
CENPI
CENPJ
CENPK
CENPL
CENPM
CENPN
CENPO
CENPP
CENPQ
CENPT
CENPV
CENPW
CENTB2
CENTD2
CEP110
CEP135
CEP152
CEP164
CEP170
CEP170L
CEP192
CEP250
CEP290
CEP350
CEP55
CEP57
CEP63
CEP68
CEP70
CEP72
CEP76
CEP78
CEP97
CEPT1
CERCAM
CERK
CES1
CES3
CES5A
CETN1
CETN2
CETN3
CETP
CFB
CFD
CFDP1
CFH
CFHR1
CFHR3
CFHR4
CFHR5
CFI
CFL1
CFL2
CFLAR
CFLP1
CFP
CFTR
CGA
CGB
CGB1
CGB2
CGGBP1
CGN
CGNL1
CGREF1
CGRRF1
CHAC1
CHAF1A
CHAF1B
CHAT
CHCHD1
CHCHD2
CHCHD3
CHCHD4
CHCHD5
CHCHD6
CHCHD7
CHCHD8
CHD1
CHD1L
CHD2
CHD3
CHD4
CHD6
CHD7
CHD8
CHD9
CHDH
CHEK1
CHEK2
CHERP
CHES1
CHFR
CHGA
CHGB
CHI3L1
CHI3L2
CHIA
CHIC2
CHIT1
CHKA
CHM
CHML
CHMP1A
CHMP1B
CHMP2A
CHMP2B
CHMP4A
CHMP4B
CHMP4C
CHMP5
CHMP6
CHMP7
CHN1
CHN2
CHORDC1
CHP
CHP2
CHPF
CHPF2
CHPT1
CHRAC1
CHRD
CHRDL2
CHRM2
CHRM3
CHRM4
CHRNA1
CHRNA4
CHRNA5
CHRNA7
CHRNB2
CHRND
CHRNE
CHRNG
CHST1
CHST11
CHST12
CHST13
CHST15
CHST4
CHST8
CHTF18
CHTF8
CHUK
CHURC1
CIAO1
CIAPIN1
CIB1
CIB2
CIC
CIDEA
CIDEB
CIDEC
CIDECP
CIITA
CILP
CINP
CIP29
CIR
CIR1
CIRBP
CIRH1A
CISD1
CISD2
CISD3
CISH
CIT
CITED1
CITED2
CITED4
CIZ1
CKAP2L
CKAP4
CKAP5
CKB
CKLF
CKM
CKMT1A
CKMT1B
CKMT2
CKS1A
CKS1B
CKS2
CLASP1
CLASP2
CLCA1
CLCC1
CLCF1
CLCN3
CLCN6
CLCN7
CLDN1
CLDN11
CLDN12
CLDN14
CLDN16
CLDN2
CLDN3
CLDN4
CLDN5
CLDN6
CLDN7
CLDN8
CLDN9
CLDND1
CLDND2
CLEC16A
CLEC17A
CLEC1B
CLEC2D
CLEC2L
CLEC3B
CLEC4C
CLEC4M
CLEC9A
CLECL1
CLGN
CLIC1
CLIC2
CLIC3
CLIC4
CLIC5
CLIC6
CLINT1
CLIP1
CLIP2
CLIP4
CLK1
CLK2
CLK3
CLK4
CLMN
CLN3
CLN5
CLN6
CLNK
CLNS1A
CLOCK
CLP1
CLPB
CLPP
CLPTM1
CLPTM1L
CLPX
CLSPN
CLSTN1
CLSTN2
CLSTN3
CLTA
CLTB
CLTC
CLTCL1
CLU
CLUAP1
CLUL1
CLVS1
CLYBL
CMAS
CMBL
CMIP
CMPK1
CMPK2
CMTM2
CMYA5
CN5H6.4
CNBP
CNDP1
CNDP2
CNGA1
CNGA3
CNGB1
CNIH4
CNKSR1
CNKSR2
CNN1
CNN2
CNN3
CNNM1
CNNM2
CNNM3
CNNM4
CNO
CNOT1
CNOT10
CNOT2
CNOT3
CNOT4
CNOT6
CNOT6L
CNOT7
CNOT8
CNP
CNPY1
CNPY2
CNPY3
CNPY4
CNR1
CNRIP1
CNST
CNTD2
CNTF
CNTFR
CNTLN
CNTN1
CNTN2
CNTNAP1
CNTNAP2
CNTNAP3
CNTNAP4
CNTNAP5
CNTROB
COASY
COBL
COBLL1
COBRA1
COCH
COG1
COG2
COG3
COG4
COG5
COG6
COG7
COG8
COIL
COL10A1
COL11A2
COL12A1
COL13A1
COL14A1
COL16A1
COL17A1
COL18A1
COL1A1
COL1A2
COL20A1
COL23A1
COL25A1
COL2A1
COL3A1
COL4A1
COL4A2
COL4A3
COL4A3BP
COL5A1
COL6A1
COL6A2
COL6A4P1
COL7A1
COL8A1
COL8A2
COL9A1
COL9A2
COL9A3
COLQ
COMMD1
COMMD2
COMMD3
COMMD4
COMMD7
COMMD8
COMMD9
COMP
COMT
COMTD1
COP
COPA
COPB1
COPB2
COPE
COPG
COPG2
COPS2
COPS3
COPS4
COPS5
COPS6
COPS7A
COPS7B
COPS8
COPZ1
COPZ2
COQ10B
COQ2
COQ3
COQ4
COQ5
COQ6
COQ7
COQ9
CORD1
CORO1A
CORO1C
CORO2A
CORO2B
CORO7
CORT
COTL1
COTL1P1
COX1
COX10
COX11
COX15
COX16
COX17
COX18
COX19
COX2
COX4I1
COX4I2
COX4NB
COX5A
COX5B
COX6A1
COX6B1
COX6B2
COX6C
COX7A2
COX7A2L
COX7B
COX7C
COX8A
CP
CP110
CPA4
CPAMD8
CPB2
CPE
CPEB1
CPEB2
CPEB4
CPLX1
CPLX2
CPLX3
CPN1
CPNE1
CPNE2
CPNE3
CPNE4
CPNE6
CPNE7
CPNE9
CPOX
CPPED1
CPS1
CPSF1
CPSF2
CPSF3
CPSF3L
CPSF4
CPSF4L
CPSF6
CPSF7
CPT1A
CPT1B
CPT1C
CPT2
CPVL
CR1
CR1L
CR2
CRABP2
CRADD
CRB1
CRB2
CRBN
CRCP
CRCT1
CREB1
CREB3
CREB3L1
CREB3L2
CREB3L3
CREB3L4
CREB5
CREBBP
CREBL1
CREBZF
CREG1
CRELD1
CRELD2
CREM
CRH
CRHBP
CRHR1
CRHR2
CRIM1
CRIP1
CRIP2
CRIPAK
CRIPT
CRISP3
CRK
CRKL
CRL3
CRLF1
CRLF2
CRLF3
CRLS1
CRMP1
CROCCL1
CRP
CRSP5
CRSP9
CRTAP
CRTC1
CRTC2
CRTC3
CRX
CRY1
CRY2
CRYAA
CRYAB
CRYBA2
CRYBB1
CRYBB2
CRYBB2P1
CRYBB3
CRYGC
CRYM
CRYZ
CRYZL1
CS
CSAD
CSAG2
CSDA
CSDC2
CSDE1
CSE1L
CSF1
CSF1R
CSF2
CSF2RA
CSF2RB
CSF3
CSF3R
CSGALNACT1
CSH2
CSHL1
CSK
CSMD1
CSMD3
CSN1S1
CSN2
CSN3
CSNK1A1
CSNK1A1L
CSNK1D
CSNK1E
CSNK1G1
CSNK1G2
CSNK1G3
CSNK2A1
CSNK2A2
CSNK2B
CSPG4
CSPG5
CSPP1
CSRNP1
CSRNP2
CSRP1
CSRP2
CSRP2BP
CSRP3
CST3
CST5
CST6
CST9
CSTA
CSTB
CSTF1
CSTF2
CSTF2T
CSTF3
CT45A1
CT62
CTAGE5
CTBP1
CTBP2
CTBS
CTCF
CTCFL
CTD
CTDP1
CTDSP1
CTDSP2
CTDSPL
CTDSPL2
CTF1
CTGF
CTH
CTLA4
CTNNA1
CTNNA3
CTNNAL1
CTNNB1
CTNNBIP1
CTNNBL1
CTNND1
CTNND2
CTNS
CTPS
CTPS2
CTR9
CTSA
CTSB
CTSC
CTSD
CTSE
CTSF
CTSG
CTSH
CTSK
CTSL1
CTSS
CTSW
CTSZ
CTTN
CTTNBP2
CTTNBP2NL
CTU1
CTU2
CTXN1
CTXN2
CUBN
CUEDC1
CUEDC2
CUGBP1
CUL1
CUL2
CUL3
CUL4A
CUL4B
CUL5
CUL7
CUL9
CUTA
CUTC
CUTL1
CUX1
CUZD1
CWC15
CWC22
CWC25
CWC27
CWF19L1
CX3CL1
CX3CR1
CXADR
CXCL1
CXCL10
CXCL11
CXCL12
CXCL13
CXCL17
CXCL2
CXCL5
CXCL6
CXCL9
CXCR1
CXCR2
CXCR3
CXCR4
CXCR7
CXORF26
CXORF27
CXORF38
CXORF40B
CXORF45
CXORF56
CXORF58
CXXC1
CXXC5
CYB561
CYB561D1
CYB561D2
CYB5A
CYB5B
CYB5D1
CYB5R1
CYB5R2
CYB5R3
CYB5R4
CYB5RL
CYBA
CYC1
CYCS
CYFIP1
CYFIP2
CYHR1
CYLC2
CYLD
CYORF15B
CYP11A1
CYP11B2
CYP17A1
CYP19A1
CYP1A1
CYP1A2
CYP1B1
CYP21A2
CYP24A1
CYP26A1
CYP26C1
CYP27A1
CYP2A13
CYP2A6
CYP2A7
CYP2B6
CYP2B7P1
CYP2C18
CYP2C19
CYP2C8
CYP2C9
CYP2E1
CYP2F1
CYP2J2
CYP2S1
CYP3A4
CYP3A43
CYP3A5
CYP3A7
CYP4A11
CYP4A22
CYP4F2
CYP4F3
CYP4F8
CYP4V2
CYP51A1
CYP7A1
CYR61
CYTH1
CYTH2
CYTH3
CYTH4
CYTIP
CYTSA
DAAM1
DAB1
DAB2
DAB2IP
DACH1
DACH2
DACT1
DACT3
DAD1
DAG1
DAGLA
DAGLB
DALRD3
DAND5
DAO
DAP
DAP3
DAPK1
DAPK2
DAPK3
DAPP1
DARC
DARS
DARS2
DAXX
DAZ1
DAZ4
DAZAP1
DAZAP2
DAZL
DBC1
DBF4
DBF4B
DBH
DBI
DBN1
DBNDD1
DBNDD2
DBNL
DBP
DBR1
DBT
DBX1
DCAF10
DCAF11
DCAF12
DCAF13
DCAF15
DCAF16
DCAF17
DCAF4
DCAF5
DCAF6
DCAF7
DCAF8
DCAKD
DCBLD2
DCC
DCD
DCDC1
DCDC2
DCHS1
DCI
DCK
DCLK1
DCLK2
DCLRE1A
DCLRE1B
DCLRE1C
DCN
DCP1A
DCP1B
DCP2
DCPS
DCT
DCTD
DCTN1
DCTN2
DCTN4
DCTN5
DCTN6
DCTPP1
DCUN1D1
DCUN1D3
DCUN1D4
DCUN1D5
DCX
DCXR
DDA1
DDAH1
DDAH2
DDB1
DDB2
DDC
DDEF2
DDEFL1
DDHD1
DDI1
DDI2
DDIT3
DDIT4
DDIT4L
DDO
DDOST
DDR1
DDR2
DDRGK1
DDT
DDX1
DDX10
DDX11
DDX11L2
DDX12
DDX17
DDX18
DDX19A
DDX19B
DDX20
DDX21
DDX23
DDX24
DDX25
DDX26B
DDX27
DDX28
DDX31
DDX39
DDX3X
DDX3Y
DDX4
DDX41
DDX42
DDX43
DDX46
DDX47
DDX49
DDX5
DDX50
DDX51
DDX52
DDX53
DDX54
DDX55
DDX56
DDX58
DDX59
DDX6
DDX60
DDX60L
DEAF1
DEC1
DECR1
DEDD
DEDD2
DEF6
DEF8
DEFB1
DEFB132
DEFB136
DEGS1
DEGS2
DEK
DENND1A
DENND2D
DENND3
DENND4A
DENND4B
DENND5A
DENR
DEPDC1
DEPDC1B
DEPDC4
DEPDC5
DEPDC6
DEPDC7
DERA
DERL1
DERL2
DERL3
DES
DET1
DEXI
DFFA
DFFB
DFNA5
DFNB59
DGAT1
DGAT2
DGCR14
DGCR2
DGCR6
DGCR6L
DGCR8
DGKA
DGKB
DGKD
DGKE
DGKG
DGKH
DGKI
DGKQ
DGKZ
DGUOK
DHCR24
DHCR7
DHDDS
DHDH
DHFR
DHFRL1
DHH
DHODH
DHPS
DHRS1
DHRS12
DHRS13
DHRS2
DHRS3
DHRS4
DHRS4L1
DHRS7
DHRS7B
DHRSX
DHX15
DHX16
DHX29
DHX30
DHX32
DHX33
DHX34
DHX35
DHX36
DHX37
DHX38
DHX40
DHX57
DHX58
DHX8
DHX9
DIABLO
DIAPH1
DIAPH2
DIAPH3
DICER1
DIDO1
DIMT1L
DIO2
DIO3
DIP2A
DIP2B
DIP2C
DIRAS2
DIRC3
DIS3
DIS3L
DIS3L2
DISC1
DISC2
DISP1
DISP2
DKC1
DKFZP434B0335
DKFZP434H168
DKFZP434I0714
DKFZP434K028
DKFZP686I15217
DKFZP686O24166
DKFZP761E198
DKFZP779M0652
DKK1
DKKL1
DLAT
DLC1
DLD
DLEU1
DLEU2
DLG1
DLG2
DLG3
DLG4
DLG5
DLGAP1
DLGAP2
DLGAP3
DLGAP4
DLGAP5
DLK1
DLK2
DLL1
DLL3
DLL4
DLST
DLX1
DLX2
DLX3
DLX4
DLX5
DLX6
DLX6AS
DMAP1
DMBT1
DMC1
DMD
DMGDH
DMKN
DMPK
DMRT1
DMRT2
DMRT3
DMRTA2
DMRTB1
DMRTC2
DMTF1
DMWD
DMXL1
DMXL2
DNA2
DNAH1
DNAH14
DNAH7
DNAH9
DNAI2
DNAJA1
DNAJA2
DNAJA3
DNAJA4
DNAJB1
DNAJB11
DNAJB12
DNAJB2
DNAJB3
DNAJB4
DNAJB5
DNAJB6
DNAJB7
DNAJB8
DNAJB9
DNAJC1
DNAJC10
DNAJC11
DNAJC12
DNAJC13
DNAJC14
DNAJC16
DNAJC17
DNAJC18
DNAJC19
DNAJC2
DNAJC21
DNAJC22
DNAJC24
DNAJC27
DNAJC28
DNAJC3
DNAJC30
DNAJC4
DNAJC5
DNAJC5B
DNAJC6
DNAJC7
DNAJC8
DNAJC9
DNAL4
DNALI1
DNASE1
DNASE1L3
DNASE2
DNER
DNHD1
DNLZ
DNM1
DNM1L
DNM2
DNM3
DNMBP
DNMT1
DNMT3A
DNMT3B
DNMT3L
DNPEP
DNTT
DNTTIP1
DNTTIP2
DOC2A
DOC2GP
DOCK1
DOCK10
DOCK2
DOCK4
DOCK5
DOCK6
DOCK7
DOCK8
DOCK9
DOHH
DOK1
DOK2
DOK3
DOK4
DOK5
DOK6
DOK7
DOLK
DOLPP1
DOM3Z
DONSON
DOPEY1
DOT1L
DPAGT1
DPCD
DPEP1
DPEP3
DPF1
DPF2
DPF3
DPH1
DPH2
DPH3
DPM1
DPM2
DPM3
DPP10
DPP3
DPP4
DPP7
DPP8
DPP9
DPPA2
DPPA4
DPT
DPY19L1
DPY19L3
DPY30
DPYD
DPYS
DPYSL2
DPYSL3
DPYSL4
DR-1
DR1
DRAM
DRAM1
DRAP1
DRD1
DRD2
DRD3
DRD4
DRD5
DRG1
DRG2
DRP2
DSC1
DSC2
DSC3
DSCC1
DSCR1
DSCR3
DSE
DSEL
DSG1
DSG2
DSG3
DSN1
DSP
DST
DSTN
DSTYK
DTHD1
DTL
DTNA
DTNB
DTNBP1
DTWD1
DTWD2
DTX1
DTX2
DTX3
DTX3L
DTX4
DTYMK
DULLARD
DUOX2
DUOXA2
DUS1L
DUS2L
DUS3L
DUS4L
DUSP1
DUSP10
DUSP11
DUSP12
DUSP13
DUSP14
DUSP16
DUSP19
DUSP2
DUSP21
DUSP22
DUSP23
DUSP26
DUSP3
DUSP4
DUSP5
DUSP6
DUSP7
DUSP8
DUSP9
DUT
DVL1
DVL1L1
DVL2
DVL3
DYDC1
DYDC2
DYM
DYNC1H1
DYNC1I1
DYNC1I2
DYNC1LI1
DYNC1LI2
DYNC2H1
DYNC2LI1
DYNLL1
DYNLL2
DYNLRB1
DYNLRB2
DYNLT1
DYNLT3
DYRK1A
DYRK1B
DYRK2
DYRK3
DYRK4
DYSF
DYT10
DYX1C1
DZIP3
E2F1
E2F2
E2F3
E2F4
E2F5
E2F6
E2F7
E2F8
E4F1
EAF1
EAF2
EAPP
EARS2
EBAG9
EBF1
EBF2
EBF3
EBF4
EBI3
EBLN2
EBNA1BP2
EBP
EBPL
ECD
ECE1
ECE2
ECH1
ECHS1
ECI1
ECI2
ECSIT
ECT2
EDA
EDA2R
EDAR
EDARADD
EDC3
EDC4
EDEM1
EDEM2
EDEM3
EDF1
EDN1
EDNRA
EDNRB
EEA1
EED
EEF1A1
EEF1A1P5
EEF1A2
EEF1B2
EEF1D
EEF1DP3
EEF1G
EEF2
EEF2K
EEFSEC
EFCAB10
EFCAB2
EFCAB4B
EFCAB5
EFCAB6
EFCAB7
EFCBP1
EFEMP1
EFEMP2
EFHA1
EFHC1
EFHD1
EFHD2
EFNA1
EFNA2
EFNA3
EFNA4
EFNA5
EFNB1
EFNB2
EFNB3
EFS
EFTUD1
EFTUD2
EGF
EGFL6
EGFL7
EGFLAM
EGFR
EGLN1
EGLN2
EGLN3
EGOT
EGR1
EGR2
EGR3
EGR4
EHBP1
EHD1
EHD2
EHD3
EHD4
EHF
EHHADH
EHMT1
EHMT2
EI24
EID1
EID2
EID2B
EID3
EIF1
EIF1AD
EIF1AX
EIF1B
EIF2A
EIF2AK1
EIF2AK2
EIF2AK3
EIF2AK4
EIF2B1
EIF2B2
EIF2B3
EIF2B4
EIF2B5
EIF2C1
EIF2C2
EIF2C3
EIF2C4
EIF2S1
EIF2S2
EIF2S3
EIF3A
EIF3B
EIF3C
EIF3D
EIF3E
EIF3F
EIF3FP3
EIF3G
EIF3H
EIF3I
EIF3J
EIF3K
EIF3L
EIF3M
EIF3S3
EIF3S8
EIF4A1
EIF4A2
EIF4A3
EIF4B
EIF4E
EIF4E2
EIF4E3
EIF4EBP1
EIF4EBP2
EIF4EBP3
EIF4ENIF1
EIF4G1
EIF4G2
EIF4G3
EIF4H
EIF5
EIF5A
EIF5A2
EIF5B
EIF6
ELAC2
ELANE
ELAVL1
ELAVL2
ELAVL3
ELAVL4
ELF1
ELF2
ELF3
ELF4
ELF5
ELK1
ELK3
ELK4
ELL
ELL2
ELL3
ELMO1
ELMO2
ELMO3
ELMOD1
ELMOD2
ELMOD3
ELN
ELOF1
ELOVL1
ELOVL2
ELOVL3
ELOVL6
ELP2
ELP2P
ELP3
ELP4
ELSPBP1
EMCN
EMD
EME1
EME2
EMG1
EMID1
EMILIN1
EMILIN2
EMILIN3
EML1
EML2
EML3
EML4
EMP1
EMP2
EMP3
EMX1
EMX2
EMX2OS
EN1
EN2
ENAH
ENC1
ENDOD1
ENDOG
ENG
ENKUR
ENO1
ENO2
ENO3
ENOPH1
ENOSF1
ENOX1
ENOX2
ENPP1
ENPP2
ENPP3
ENPP6
ENPP7
ENSA
ENTPD1
ENTPD2
ENTPD3
ENTPD4
ENTPD5
ENTPD6
ENTPD7
ENTPD8
ENY2
EOMES
EP300
EP400
EPAS1
EPB41
EPB41L1
EPB41L2
EPB41L3
EPB41L4B
EPB41L5
EPB42
EPB49
EPC1
EPC2
EPCAM
EPHA1
EPHA10
EPHA2
EPHA3
EPHA4
EPHA5
EPHA7
EPHA8
EPHB1
EPHB2
EPHB3
EPHB4
EPHB6
EPHX1
EPHX2
EPM2A
EPM2AIP1
EPN1
EPN2
EPO
EPOR
EPPK1
EPR1
EPRS
EPS15
EPS15L1
EPS8
EPS8L1
EPS8L2
EPS8L3
EPT1
EPX
ERAL1
ERAP1
ERAP2
ERAS
ERBB2
ERBB2IP
ERBB3
ERBB4
ERC1
ERC2
ERCC1
ERCC2
ERCC3
ERCC4
ERCC5
ERCC6
ERCC6L
ERCC8
EREG
ERF
ERG
ERGIC1
ERGIC2
ERGIC3
ERH
ERI1
ERI2
ERI3
ERICH1
ERLEC1
ERLIN1
ERLIN2
ERMAP
ERMN
ERMP1
ERN1
ERO1L
ERO1LB
ERP29
ERP44
ERRFI1
ERV3
ERVWE1
ESAM
ESCO1
ESCO2
ESD
ESF1
ESM1
ESPL1
ESPN
ESPNP
ESR1
ESR2
ESRRA
ESRRB
ESRRG
ESX1
ESYT1
ESYT2
ETF1
ETFA
ETFB
ETFDH
ETHE1
ETNK1
ETNK2
ETS1
ETS2
ETV1
ETV2
ETV3
ETV4
ETV5
ETV6
ETV7
EVC2
EVI2B
EVI5
EVI5L
EVL
EVPL
EVX1
EVX2
EWSR1
EXD1
EXD3
EXO1
EXOC1
EXOC2
EXOC3
EXOC3L
EXOC4
EXOC5
EXOC6
EXOC6B
EXOC7
EXOC8
EXOG
EXOSC1
EXOSC10
EXOSC2
EXOSC3
EXOSC4
EXOSC5
EXOSC6
EXOSC7
EXOSC8
EXOSC9
EXPH5
EXT1
EXT2
EXTL1
EXTL3
EYA1
EYA2
EYA3
EZH1
EZH2
EZR
F10
F11
F11R
F12
F13A1
F13B
F2
F2R
F2RL1
F2RL3
F3
F5
F7
F8
F8A1
F9
FA2H
FAAH
FAAH2
FABP1
FABP3
FABP4
FABP5
FABP5L3
FABP9
FADD
FADS1
FADS2
FADS3
FAF1
FAF2
FAH
FAHD1
FAIM
FAIM2
FAIM3
FAM100A
FAM100B
FAM101B
FAM102A
FAM102B
FAM103A1
FAM104A
FAM105B
FAM107A
FAM107B
FAM108B1
FAM108C1
FAM109A
FAM109B
FAM110A
FAM111A
FAM111B
FAM113A
FAM113B
FAM114A2
FAM115A
FAM116A
FAM117A
FAM118A
FAM118B
FAM119A
FAM119B
FAM120B
FAM122A
FAM122B
FAM122C
FAM123B
FAM123C
FAM124A
FAM124B
FAM126A
FAM127B
FAM128A
FAM128B
FAM129B
FAM129C
FAM131A
FAM131C
FAM133B
FAM134A
FAM135A
FAM135B
FAM136A
FAM138B
FAM13A
FAM13B
FAM13C
FAM149B1
FAM151B
FAM153A
FAM154B
FAM155A
FAM156A
FAM158A
FAM159A
FAM160A2
FAM160B1
FAM161A
FAM162A
FAM164A
FAM164C
FAM165B
FAM167B
FAM168A
FAM168B
FAM169A
FAM171A1
FAM172A
FAM173A
FAM173B
FAM175A
FAM175B
FAM176A
FAM177A1
FAM178A
FAM178B
FAM179B
FAM180B
FAM183A
FAM184A
FAM185A
FAM189A2
FAM189B
FAM18B
FAM18B2
FAM190B
FAM192A
FAM193B
FAM195A
FAM195B
FAM196B
FAM198A
FAM198B
FAM19A2
FAM19A3
FAM19A5
FAM200A
FAM200B
FAM20B
FAM21A
FAM21C
FAM24A
FAM24B
FAM26E
FAM27E3
FAM32A
FAM35A
FAM36A
FAM3B
FAM3C
FAM40A
FAM40B
FAM43A
FAM44A
FAM46B
FAM46C
FAM46D
FAM48A
FAM49B
FAM50B
FAM53C
FAM54A
FAM57A
FAM58A
FAM59A
FAM5B
FAM5C
FAM60A
FAM63A
FAM65A
FAM65B
FAM65C
FAM66B
FAM66C
FAM69A
FAM69B
FAM71C
FAM72B
FAM72D
FAM73A
FAM76A
FAM76B
FAM78A
FAM81A
FAM82A1
FAM82A2
FAM82B
FAM82C
FAM83A
FAM83B
FAM83C
FAM83D
FAM83F
FAM83G
FAM83H
FAM84B
FAM86A
FAM86C
FAM89B
FAM90A1
FAM91A1
FAM92A3
FAM96A
FAM96B
FAM98A
FAM98B
FAM98C
FAM99B
FANCA
FANCB
FANCC
FANCD2
FANCE
FANCF
FANCG
FANCI
FANCL
FANCM
FANK1
FAP
FAR1
FARP2
FARS2
FARSA
FARSB
FAS
FASLG
FASN
FASTK
FASTKD1
FASTKD2
FASTKD5
FAT1
FAT2
FAT3
FAT4
FATE1
FAU
FBF1
FBL
FBLIM1
FBLL1
FBLN1
FBLN2
FBLN5
FBN1
FBN2
FBP1
FBP2
FBRS
FBXL12
FBXL15
FBXL18
FBXL19
FBXL3
FBXL4
FBXL5
FBXL6
FBXL8
FBXO11
FBXO15
FBXO16
FBXO17
FBXO18
FBXO2
FBXO21
FBXO22
FBXO24
FBXO27
FBXO28
FBXO3
FBXO30
FBXO31
FBXO32
FBXO33
FBXO34
FBXO36
FBXO38
FBXO4
FBXO40
FBXO42
FBXO44
FBXO45
FBXO46
FBXO48
FBXO5
FBXO6
FBXO7
FBXO8
FBXO9
FBXW11
FBXW2
FBXW4
FBXW4P1
FBXW5
FBXW7
FBXW8
FBXW9
FCAR
FCER1A
FCER1G
FCER2
FCF1
FCGR1A
FCGR2A
FCGR2B
FCGR3A
FCGR3B
FCGRT
FCHO1
FCHO2
FCHSD1
FCHSD2
FCN1
FCN2
FCP1
FCRL3
FCRLA
FDFT1
FDPS
FDX1
FDX1L
FDXACB1
FDXR
FECH
FEM1A
FEM1B
FEM1C
FEN1
FER
FERMT2
FERMT3
FES
FEV
FEZ1
FEZ2
FEZF1
FEZF2
FFAR1
FFAR2
FGA
FGB
FGD1
FGD2
FGD3
FGD6
FGF1
FGF10
FGF12
FGF13
FGF18
FGF19
FGF2
FGF3
FGF7
FGF8
FGF9
FGFBP1
FGFBP2
FGFR1
FGFR1OP
FGFR1OP2
FGFR2
FGFR3
FGFR4
FGG
FGGY
FGL1
FGR
FH
FHIT
FHL1
FHL2
FHL3
FHL5
FHOD1
FIBCD1
FIBP
FICD
FIG4
FIGF
FIGNL1
FILIP1
FILIP1L
FIP1L1
FIS1
FITM1
FITM2
FIZ1
FJX1
FKBP10
FKBP11
FKBP14
FKBP1A
FKBP1B
FKBP2
FKBP3
FKBP4
FKBP5
FKBP6
FKBP7
FKBP8
FKBPL
FKHL18
FKSG83
FKTN
FLAD1
FLCN
FLG
FLI1
FLII
FLJ10038
FLJ10357
FLJ10404
FLJ10661
FLJ13197
FLJ13224
FLJ16779
FLJ20105
FLJ21908
FLJ22639
FLJ23356
FLJ25006
FLJ26850
FLJ30679
FLJ31306
FLJ32063
FLJ33360
FLJ33630
FLJ35390
FLJ35776
FLJ36031
FLJ37078
FLJ37307
FLJ37453
FLJ39582
FLJ40125
FLJ40852
FLJ41350
FLJ42289
FLJ42393
FLJ42709
FLJ45983
FLNA
FLNB
FLNC
FLOT1
FLOT2
FLRT2
FLRT3
FLT1
FLT3
FLT3LG
FLT4
FLVCR1
FLYWCH1
FMN1
FMNL1
FMNL2
FMNL3
FMOD
FMR1
FN1
FN3K
FN3KRP
FNBP1
FNBP1L
FNBP4
FNDC3A
FNDC5
FNIP1
FNTA
FNTB
FOLH1
FOS
FOSB
FOSL1
FOSL2
FOXA1
FOXA2
FOXA3
FOXB1
FOXB2
FOXC1
FOXC2
FOXD1
FOXD2
FOXD3
FOXD4L1
FOXE1
FOXF1
FOXF2
FOXG1
FOXG1B
FOXH1
FOXI1
FOXJ1
FOXJ3
FOXK1
FOXK2
FOXL1
FOXL2
FOXM1
FOXN2
FOXN3
FOXO1
FOXO3
FOXO4
FOXP1
FOXP2
FOXP3
FOXP4
FOXQ1
FOXR1
FOXRED2
FOXS1
FPGS
FPGT
FPR3
FRA10AC1
FRA10F
FRAT1
FRAT2
FREM1
FREM2
FREQ
FRG1
FRG1B
FRG2C
FRK
FRMD1
FRMD4A
FRMD5
FRMD6
FRMD8
FRS2
FRS3
FRY
FRYL
FRZB
FSCN1
FSCN2
FSD1
FSD2
FSHB
FSHR
FSIP1
FSIP2
FST
FSTL3
FSTL5
FTCD
FTH1
FTL
FTO
FTSJ1
FTSJ2
FTSJ3
FTSJD1
FTSJD2
FUBP1
FUBP3
FUCA1
FUK
FUNDC2
FUNDC2P2
FURIN
FUS
FUSIP1
FUT10
FUT4
FUT5
FUT7
FUT8
FUZ
FXC1
FXN
FXR1
FXR2
FXYD1
FXYD2
FXYD3
FXYD6
FXYD7
FYB
FYCO1
FYN
FZD1
FZD2
FZD3
FZD4
FZD5
FZD6
FZD7
FZD8
FZD9
FZR1
G0S2
G2E3
G3BP1
G3BP2
G6PC
G6PC2
G6PC3
G6PD
GAA
GAB1
GAB2
GAB3
GABARAP
GABARAPL1
GABARAPL2
GABBR1
GABBR2
GABPA
GABPB1
GABPB2
GABRA1
GABRA4
GABRA5
GABRB2
GABRB3
GABRD
GABRG2
GABRR3
GAD1
GAD2
GADD45A
GADD45B
GADD45G
GADD45GIP1
GAGE2E
GAGE5
GAK
GAL3ST1
GAL3ST4
GALC
GALE
GALK1
GALK2
GALM
GALNS
GALNT10
GALNT12
GALNT14
GALNT2
GALNT4
GALNT5
GALR1
GALT
GAMT
GAN
GANAB
GANC
GAP43
GAPDH
GAPDHS
GAPT
GAPVD1
GAR1
GARS
GART
GAS1
GAS2
GAS2L3
GAS5
GAS6
GAS7
GAS8
GAST
GATA1
GATA2
GATA3
GATA4
GATA5
GATA6
GATAD1
GATAD2A
GATAD2B
GATC
GATM
GATSL3
GBA
GBA2
GBAP1
GBAS
GBE1
GBF1
GBP2
GBP3
GBX1
GBX2
GC
GCA
GCAT
GCC1
GCC2
GCDH
GCET2
GCFC1
GCG
GCGR
GCH1
GCHFR
GCK
GCKR
GCLC
GCLM
GCM1
GCN1L1
GCNT1
GCNT2
GCOM1
GCSH
GDA
GDAP1
GDAP1L1
GDE1
GDF1
GDF11
GDF15
GDF2
GDF5
GDF6
GDF7
GDF9
GDI1
GDI2
GDI2P1
GDNF
GDPD2
GEFT
GEM
GEMIN4
GEMIN5
GEMIN6
GEMIN7
GEMIN8
GEMIN8P4
GEN1
GET4
GFAP
GFER
GFI1
GFI1B
GFM1
GFM2
GFPT1
GFPT2
GFRA1
GFRA2
GFRA3
GFRA4
GGA1
GGA2
GGA3
GGCT
GGCX
GGH
GGNBP1
GGPS1
GGT5
GGT7
GH1
GHDC
GHITM
GHR
GHRL
GIF
GIGYF1
GIGYF2
GIMAP5
GIN1
GINS2
GINS3
GINS4
GIP
GIPC1
GIPC2
GIPR
GIT1
GIT2
GIYD2
GJA1
GJA10
GJA3
GJA5
GJA8
GJB1
GJB2
GJD2
GJD3
GK2
GKAP1
GLA
GLB1
GLB1L
GLCE
GLDC
GLE1
GLE1L
GLG1
GLI1
GLI2
GLI3
GLI4
GLIPR1L1
GLIPR1L2
GLIS1
GLIS2
GLIS3
GLMN
GLO1
GLOD4
GLP1R
GLP2R
GLRA1
GLRA2
GLRA3
GLRB
GLRX
GLRX2
GLRX3
GLRX5
GLS
GLS2
GLT6D1
GLT8D1
GLTP
GLTPD1
GLTSCR1
GLTSCR2
GLUD1
GLUD2
GLUL
GLYAT
GLYATL3
GLYCTK
GLYR1
GM2A
GMCL1
GMCL1L
GMDS
GMEB1
GMEB2
GMFB
GMIP
GMNN
GMPPA
GMPPB
GMPR
GMPR2
GMPS
GNA11
GNA12
GNA13
GNA15
GNAI1
GNAI2
GNAI3
GNAL
GNAO1
GNAQ
GNAS
GNASAS
GNAT1
GNAT3
GNAZ
GNB1
GNB1L
GNB2
GNB2L1
GNB3
GNB4
GNB5
GNE
GNG10
GNG11
GNG12
GNG13
GNG3
GNG4
GNG5
GNG7
GNGT1
GNGT2
GNL2
GNL3
GNL3L
GNMT
GNPAT
GNPDA1
GNPDA2
GNPNAT1
GNPTAB
GNPTG
GNRH1
GNS
GOLGA1
GOLGA2
GOLGA3
GOLGA4
GOLGA5
GOLGA6L5
GOLGA7
GOLGA7B
GOLGB1
GOLIM4
GOLM1
GOLPH3
GOLPH3L
GOLT1A
GOLT1B
GOPC
GORAB
GORASP1
GORASP2
GOSR1
GOSR2
GOT1
GOT2
GP1BA
GP1BB
GP5
GP6
GPAA1
GPAM
GPATCH1
GPATCH2
GPATCH3
GPATCH4
GPATCH8
GPBP1
GPBP1L1
GPC1
GPC3
GPC4
GPC5
GPC6
GPD1
GPD1L
GPD2
GPER
GPHN
GPI
GPIHBP1
GPKOW
GPLD1
GPM6B
GPN1
GPN3
GPR108
GPR109A
GPR110
GPR113
GPR114
GPR124
GPR125
GPR126
GPR132
GPR133
GPR135
GPR143
GPR15
GPR153
GPR156
GPR158
GPR160
GPR162
GPR171
GPR172A
GPR18
GPR180
GPR183
GPR19
GPR25
GPR26
GPR3
GPR31
GPR37
GPR37L1
GPR55
GPR56
GPR6
GPR61
GPR68
GPR78
GPR84
GPR98
GPRASP1
GPRASP2
GPRC5A
GPRC5B
GPRC5C
GPRIN1
GPRIN2
GPS1
GPS2
GPSM1
GPSM2
GPSM3
GPT
GPT2
GPX1
GPX2
GPX3
GPX4
GPX6
GPX7
GPX8
GRAMD1A
GRAMD1C
GRAMD4
GRAP
GRAP2
GRB10
GRB14
GRB2
GRB7
GREB1
GRHL1
GRHL2
GRHL3
GRHPR
GRIA1
GRIA2
GRIA3
GRIA4
GRID2
GRID2IP
GRIK1
GRIK2
GRIK3
GRIK5
GRIN1
GRIN2A
GRIN2B
GRIN2C
GRIN2D
GRIN3A
GRIN3B
GRINA
GRINL1A
GRINL1B
GRIP1
GRIP2
GRIPAP1
GRK1
GRK4
GRK5
GRK6
GRLF1
GRM1
GRM2
GRM3
GRM4
GRM7
GRN
GRPEL1
GRPEL2
GRPR
GRRP1
GRSF1
GRWD1
GSC
GSDMC
GSDMD
GSG1
GSG2
GSK3A
GSK3B
GSN
GSPT1
GSPT2
GSR
GSS
GSTA1
GSTA2
GSTA3
GSTA4
GSTCD
GSTK1
GSTM1
GSTM2
GSTM3
GSTM4
GSTM5
GSTO1
GSTO2
GSTP1
GSTT1
GSTT2B
GSTZ1
GSX1
GSX2
GTF2A1
GTF2A1L
GTF2A2
GTF2B
GTF2E1
GTF2E2
GTF2F1
GTF2F2
GTF2H1
GTF2H2
GTF2H3
GTF2H4
GTF2H5
GTF2I
GTF2IRD1
GTF2IRD2
GTF3A
GTF3C1
GTF3C2
GTF3C3
GTF3C4
GTF3C5
GTF3C6
GTPBP1
GTPBP10
GTPBP2
GTPBP3
GTPBP4
GTPBP5
GTPBP6
GTSE1
GTSF1
GTSF1L
GUCA1B
GUCA2A
GUCY1A2
GUCY1A3
GUCY1B3
GUCY2C
GUCY2E
GUCY2F
GUK1
GULP1
GUSB
GUSBL1
GUSBL2
GUSBP1
GXYLT1
GYG1
GYG2
GYPA
GYPB
GYPC
GYPE
GYS1
GYS2
GZF1
GZMA
GZMB
H19
H1F0
H1FOO
H1FX
H2AFJ
H2AFV
H2AFX
H2AFY
H2AFY2
H2AFZ
H2BFM
H3F3A
H3F3B
H6PD
HAAO
HABP4
HACL1
HADH
HADHA
HADHB
HAGH
HAL
HAND1
HAND2
HAO1
HAO2
HAP1
HAPLN1
HAPLN2
HAPLN3
HAR1B
HARS
HARS2
HAS1
HAS2
HAS3
HAT1
HAUS1
HAUS2
HAUS5
HAUS6
HAUS7
HAUS8
HAVCR2
HAX1
HBA1
HBA2
HBB
HBBP1
HBD
HBEGF
HBG1
HBP1
HBS1L
HBXIP
HBZ
HCCS
HCFC1
HCFC1R1
HCFC2
HCG11
HCG26
HCG27
HCK
HCLS1
HCN1
HCN2
HCN3
HCN4
HCP5
HCRP1
HCST
HDAC1
HDAC10
HDAC11
HDAC2
HDAC3
HDAC4
HDAC5
HDAC6
HDAC7
HDAC7A
HDAC8
HDAC9
HDC
HDDC2
HDDC3
HDGF
HDGF2
HDGFL1
HDGFRP2
HDHD1A
HDHD3
HDLBP
HDX
HEATR1
HEATR2
HEATR3
HEATR5A
HEATR5B
HEATR6
HEBP2
HECTD1
HECTD3
HECW1
HECW2
HEG1
HEJ1
HELB
HELLS
HELQ
HELT
HELZ
HEMGN
HEMK1
HEPH
HERC1
HERC2
HERC2P2
HERC3
HERC4
HERC5
HERC6
HERPUD1
HES1
HES2
HES3
HES4
HES6
HES7
HESX1
HEXA
HEXB
HEXDC
HEXIM1
HEXIM2
HEY1
HEY2
HEYL
HFE
HGD
HGF
HGS
HGSNAT
HHAT
HHATL
HHEX
HHIP
HHLA2
HHLA3
HIAT1
HIBADH
HIBCH
HIC1
HIF1A
HIF1AN
HIF3A
HIGD1A
HIGD1B
HIGD2A
HIGD2B
HIN1L
HINFP
HINT1
HINT2
HINT3
HIP1
HIP1R
HIP2
HIPK1
HIPK2
HIPK3
HIPK4
HIRA
HIRIP3
HIST1H1A
HIST1H1B
HIST1H1C
HIST1H1D
HIST1H1E
HIST1H1T
HIST1H2AA
HIST1H2AB
HIST1H2AC
HIST1H2AD
HIST1H2AE
HIST1H2AG
HIST1H2AH
HIST1H2AI
HIST1H2AJ
HIST1H2AK
HIST1H2AL
HIST1H2AM
HIST1H2BA
HIST1H2BB
HIST1H2BC
HIST1H2BD
HIST1H2BE
HIST1H2BF
HIST1H2BG
HIST1H2BH
HIST1H2BI
HIST1H2BJ
HIST1H2BK
HIST1H2BL
HIST1H2BM
HIST1H2BN
HIST1H2BO
HIST1H3A
HIST1H3B
HIST1H3C
HIST1H3D
HIST1H3E
HIST1H3F
HIST1H3G
HIST1H3H
HIST1H3I
HIST1H3J
HIST1H4A
HIST1H4B
HIST1H4C
HIST1H4D
HIST1H4E
HIST1H4F
HIST1H4G
HIST1H4H
HIST1H4I
HIST1H4J
HIST1H4K
HIST1H4L
HIST2H2AA3
HIST2H2AA4
HIST2H2AB
HIST2H2AC
HIST2H2BC
HIST2H2BE
HIST2H2BF
HIST2H3A
HIST2H3B
HIST2H3C
HIST2H4A
HIST2H4B
HIST3H2A
HIST3H2BB
HIST3H3
HIST4H4
HIVEP1
HIVEP2
HIVEP3
HJURP
HK1
HK2
HK3
HKR1
HLA-A
HLA-B
HLA-C
HLA-DMA
HLA-DMB
HLA-DOA
HLA-DOB
HLA-DPA1
HLA-DPB1
HLA-DPB2
HLA-DQA1
HLA-DQB1
HLA-DRA
HLA-DRB1
HLA-DRB3
HLA-DRB5
HLA-E
HLA-F
HLA-G
HLA-H
HLA-L
HLCS
HLF
HLN2
HLTF
HLX
HM13
HMBOX1
HMBS
HMCN1
HMG20A
HMG20B
HMGA1
HMGA2
HMGB1
HMGB2
HMGB4
HMGCL
HMGCR
HMGCS1
HMGCS2
HMGN1
HMGN2
HMGN3
HMGN4
HMGXB3
HMGXB4
HMHA1
HMMR
HMOX1
HMOX2
HMP19
HMX1
HMX2
HMX3
HN1
HN1L
HNF1A
HNF1B
HNF4A
HNF4G
HNMT
HNRNPA0
HNRNPA1
HNRNPA1L2
HNRNPA2B1
HNRNPA3
HNRNPA3P1
HNRNPAB
HNRNPC
HNRNPD
HNRNPF
HNRNPH1
HNRNPH2
HNRNPH3
HNRNPK
HNRNPL
HNRNPM
HNRNPR
HNRNPU
HNRNPUL1
HNRNPUL2
HNRPA0
HNRPA1
HNRPA1L-2
HNRPAB
HNRPC
HNRPD
HNRPDL
HNRPH2
HNRPH3
HNRPK
HNRPLL
HNRPUL1
HOMER1
HOMER2
HOMER3
HOMEZ
HOOK1
HOOK2
HOOK3
HOPX
HOTAIR
HOXA1
HOXA10
HOXA11
HOXA11AS
HOXA13
HOXA2
HOXA3
HOXA4
HOXA5
HOXA6
HOXA7
HOXA9
HOXB1
HOXB13
HOXB2
HOXB3
HOXB4
HOXB5
HOXB6
HOXB7
HOXB8
HOXB9
HOXC10
HOXC11
HOXC12
HOXC13
HOXC4
HOXC5
HOXC6
HOXC8
HOXC9
HOXD1
HOXD10
HOXD11
HOXD12
HOXD13
HOXD3
HOXD4
HOXD8
HOXD9
HP
HP1BP3
HPC3
HPCA
HPCAL1
HPCAL4
HPD
HPGDS
HPN
HPR
HPRT1
HPS1
HPS3
HPS4
HPS5
HPS6
HPX
HR
HRAS
HRB
HRBL
HRC
HRCT1
HRG
HRH1
HRH2
HRH3
HRK
HRNBP3
HRNR
HRSP12
HS1BP3
HS2ST1
HS3ST1
HS3ST2
HS3ST3B1
HS6ST1
HSBP1
HSCB
HSD11B1
HSD11B1L
HSD11B2
HSD17B1
HSD17B10
HSD17B11
HSD17B12
HSD17B14
HSD17B2
HSD17B3
HSD17B4
HSD17B7
HSD17B8
HSD3B1
HSD3B2
HSD3B7
HSDL1
HSF1
HSF2
HSF2BP
HSF4
HSFX1
HSFY1
HSH2D
HSP90AA1
HSP90AA2
HSP90AB1
HSP90AB2P
HSP90B1
HSP90B3P
HSPA13
HSPA14
HSPA1A
HSPA1B
HSPA1L
HSPA2
HSPA4
HSPA4L
HSPA5
HSPA6
HSPA7
HSPA8
HSPA9
HSPB1
HSPB11
HSPB2
HSPB3
HSPB7
HSPB8
HSPBAP1
HSPBP1
HSPC072
HSPD1
HSPE1
HSPG2
HSPH1
HTATIP
HTATIP2
HTATSF1
HTF9C
HTN1
HTR1A
HTR1B
HTR1D
HTR1E
HTR2A
HTR2C
HTR5A
HTRA2
HTT
HUNK
HUS1
HUS1B
HUWE1
HYAL2
HYI
HYLS1
HYOU1
IARS
IARS2
IBTK
ICA1
ICAM1
ICAM2
ICAM3
ICAM4
ICAM5
ICK
ICMT
ICOS
ICOSLG
ICT1
ID1
ID2
ID3
ID4
IDE
IDH1
IDH2
IDH3A
IDH3B
IDH3G
IDI1
IDI2
IDO1
IDUA
IER2
IER3
IER3IP1
IER5
IER5L
IFFO1
IFI16
IFI27
IFI30
IFI35
IFI6
IFIH1
IFIT1
IFIT2
IFIT3
IFIT5
IFITM1
IFITM2
IFITM3
IFITM4P
IFNA1
IFNA2
IFNAR1
IFNAR2
IFNB1
IFNG
IFNGR1
IFNGR2
IFNK
IFNR
IFRD1
IFRD2
IFT122
IFT140
IFT172
IFT20
IFT27
IFT46
IFT57
IFT80
IFT88
IGBP1
IGF1
IGF1R
IGF2
IGF2AS
IGF2BP1
IGF2BP2
IGF2BP3
IGF2R
IGFALS
IGFBP1
IGFBP2
IGFBP3
IGFBP4
IGFBP5
IGFBP6
IGFBP7
IGFL3
IGHA1
IGHA2
IGHE
IGHG1
IGHM
IGHMBP2
IGKC
IGKV1-12
IGKV2-40
IGKV2D-29
IGKV4-1
IGLC1
IGLL5
IGSF1
IGSF10
IGSF21
IGSF22
IGSF8
IGSF9
IHH
IK
IKBKAP
IKBKB
IKBKE
IKBKG
IKZF1
IKZF2
IKZF3
IKZF4
IKZF5
IL10
IL10RA
IL10RB
IL11
IL11RA
IL12A
IL12B
IL12RB1
IL12RB2
IL13
IL13RA1
IL13RA2
IL15
IL15RA
IL16
IL17A
IL17B
IL17C
IL17RA
IL17RB
IL17REL
IL18
IL18BP
IL18R1
IL19
IL1A
IL1B
IL1F5
IL1F7
IL1F9
IL1R1
IL1R2
IL1RAP
IL1RAPL1
IL1RL1
IL1RN
IL2
IL20
IL20RA
IL20RB
IL21
IL21R
IL22
IL22RA1
IL22RA2
IL23A
IL23R
IL24
IL25
IL26
IL27
IL27RA
IL28A
IL28B
IL28RA
IL29
IL2RA
IL2RB
IL2RG
IL3
IL31
IL31RA
IL32
IL34
IL3RA
IL4
IL4I1
IL4R
IL5
IL5RA
IL6
IL6R
IL6ST
IL7
IL7R
IL8
IL9
IL9R
ILF2
ILF3
ILK
ILKAP
ILVBL
IMMP1L
IMMP2L
IMMT
IMP3
IMP4
IMPA1
IMPA2
IMPACT
IMPDH2
INA
INADL
INCA1
INCENP
ING1
ING2
ING3
ING4
ING5
INHA
INHBA
INHBB
INHBE
INMT
INO80
INO80B
INO80C
INO80D
INO80E
INPP1
INPP4A
INPP4B
INPP5A
INPP5B
INPP5D
INPP5E
INPP5J
INPP5K
INPPL1
INS
INSIG1
INSIG2
INSL3
INSM1
INSM2
INSR
INSRR
INTERACTION
INTS1
INTS10
INTS12
INTS2
INTS3
INTS4
INTS5
INTS6
INTS7
INTS8
INTS9
INTU
INVS
IOH58585
IP6K1
IP6K2
IPCEF1
IPMK
IPO11
IPO13
IPO4
IPO5
IPO7
IPO8
IPO9
IPP
IPPK
IQCD
IQCE
IQCG
IQCH
IQCK
IQGAP1
IQGAP2
IQGAP3
IQSEC2
IQUB
IQWD1
IRAK1
IRAK1BP1
IRAK2
IRAK3
IRAK4
IREB2
IRF1
IRF2
IRF2BP1
IRF2BP2
IRF3
IRF4
IRF5
IRF6
IRF7
IRF8
IRF9
IRGQ
IRS1
IRS2
IRS4
IRX1
IRX3
IRX4
IRX5
ISCA1
ISCU
ISG15
ISG20
ISG20L2
ISGF3G
ISL1
ISL2
ISLR2
ISOC2
ISY1
ISYNA1
ITCH
ITFG1
ITFG2
ITFG3
ITGA1
ITGA10
ITGA2
ITGA2B
ITGA3
ITGA4
ITGA5
ITGA6
ITGA7
ITGA8
ITGA9
ITGAD
ITGAE
ITGAL
ITGAM
ITGAV
ITGAX
ITGB1
ITGB1BP1
ITGB1BP2
ITGB1BP3
ITGB2
ITGB3
ITGB3BP
ITGB4
ITGB4BP
ITGB5
ITGB6
ITGB7
ITGB8
ITGBL1
ITIH2
ITK
ITM2B
ITM2C
ITPA
ITPK1
ITPKA
ITPKB
ITPKC
ITPR1
ITPR2
ITPR3
ITPRIP
ITPRIPL2
ITSN1
ITSN2
IVD
IVL
IVNS1ABP
IWS1
IZUMO1
JAG1
JAG2
JAGN1
JAK1
JAK2
JAK3
JAKMIP1
JAKMIP2
JAM2
JAM3
JARID1A
JARID1C
JARID1D
JARID2
JAZF1
JDP2
JHDM1D
JKAMP
JMJD1B
JMJD1C
JMJD2A
JMJD2B
JMJD2D
JMJD4
JMJD5
JMJD6
JMJD8
JMY
JOSD1
JOSD2
JPH1
JPH2
JPH3
JPH4
JRK
JUB
JUN
JUNB
JUND
JUP
KAL1
KALRN
KANK3
KARS
KAT2A
KAT2B
KAT5
KAT6A
KAT6B
KATNA1
KATNAL1
KATNB1
KAZ
KAZALD1
KBTBD10
KBTBD2
KBTBD3
KBTBD4
KBTBD6
KBTBD7
KCNA1
KCNA2
KCNA3
KCNA4
KCNA5
KCNAB1
KCNAB2
KCNB1
KCNC1
KCNC2
KCNC3
KCND2
KCNE1
KCNE2
KCNE3
KCNF1
KCNG2
KCNG3
KCNH1
KCNH2
KCNH4
KCNH5
KCNH6
KCNH7
KCNIP1
KCNIP2
KCNIP3
KCNIP4
KCNJ1
KCNJ10
KCNJ11
KCNJ12
KCNJ15
KCNJ2
KCNJ3
KCNJ4
KCNJ5
KCNJ6
KCNJ8
KCNJ9
KCNK1
KCNK12
KCNK3
KCNK4
KCNK5
KCNMB1
KCNN1
KCNN2
KCNN3
KCNN4
KCNQ1
KCNQ1OT1
KCNQ2
KCNQ3
KCNQ5
KCNRG
KCNS2
KCNS3
KCNV2
KCTD10
KCTD11
KCTD12
KCTD13
KCTD15
KCTD16
KCTD17
KCTD18
KCTD19
KCTD2
KCTD20
KCTD21
KCTD3
KCTD4
KCTD5
KCTD6
KCTD7
KCTD8
KCTD9
KCTD9P2
KDELC2
KDELR1
KDELR2
KDM1A
KDM1B
KDM2A
KDM2B
KDM3A
KDM3B
KDM4A
KDM4B
KDM4C
KDM4D
KDM5A
KDM5B
KDM5C
KDM6A
KDM6B
KDR
KDSR
KEAP1
KEL
KHDRBS1
KHDRBS2
KHDRBS3
KHK
KHNYN
KHSRP
KIAA0020
KIAA0040
KIAA0082
KIAA0087
KIAA0090
KIAA0101
KIAA0141
KIAA0146
KIAA0174
KIAA0182
KIAA0195
KIAA0196
KIAA0226
KIAA0232
KIAA0240
KIAA0284
KIAA0317
KIAA0319
KIAA0319L
KIAA0323
KIAA0368
KIAA0391
KIAA0406
KIAA0408
KIAA0415
KIAA0427
KIAA0430
KIAA0513
KIAA0528
KIAA0556
KIAA0562
KIAA0564
KIAA0586
KIAA0748
KIAA0776
KIAA0802
KIAA0892
KIAA0895
KIAA0895L
KIAA0907
KIAA0947
KIAA1009
KIAA1012
KIAA1033
KIAA1143
KIAA1191
KIAA1199
KIAA1217
KIAA1267
KIAA1279
KIAA1310
KIAA1324
KIAA1324L
KIAA1328
KIAA1370
KIAA1377
KIAA1383
KIAA1407
KIAA1409
KIAA1429
KIAA1468
KIAA1524
KIAA1530
KIAA1539
KIAA1598
KIAA1609
KIAA1627
KIAA1632
KIAA1683
KIAA1712
KIAA1715
KIAA1731
KIAA1737
KIAA1751
KIAA1804
KIAA1826
KIAA1840
KIAA1875
KIAA1908
KIAA1919
KIAA1946
KIAA1949
KIAA1967
KIAA1984
KIAA2018
KIAA2022
KIAA2026
KIDINS220
KIF11
KIF13A
KIF13B
KIF14
KIF15
KIF17
KIF18B
KIF1A
KIF1B
KIF1C
KIF20A
KIF20B
KIF21A
KIF21B
KIF22
KIF23
KIF24
KIF25
KIF26A
KIF26B
KIF27
KIF2A
KIF2C
KIF3A
KIF3B
KIF3C
KIF4A
KIF5A
KIF5B
KIF5C
KIF6
KIF7
KIF9
KIFAP3
KIFC1
KIFC3
KILLIN
KIN
KIR2DL1
KIR2DL2
KIR2DL3
KIR2DL4
KIR2DS2
KIR3DL2
KIR3DS1
KIR3DX1
KIRREL
KISS1
KISS1R
KIT
KITLG
KLC1
KLC2
KLC3
KLC4
KLF1
KLF10
KLF11
KLF12
KLF13
KLF15
KLF16
KLF2
KLF3
KLF4
KLF5
KLF6
KLF7
KLF8
KLF9
KLHDC10
KLHDC2
KLHDC3
KLHDC4
KLHDC5
KLHDC7B
KLHDC9
KLHL12
KLHL13
KLHL15
KLHL18
KLHL2
KLHL20
KLHL21
KLHL22
KLHL23
KLHL24
KLHL25
KLHL28
KLHL29
KLHL3
KLHL30
KLHL32
KLHL5
KLHL6
KLHL8
KLHL9
KLK1
KLK10
KLK13
KLK2
KLK3
KLK7
KLKB1
KLKP1
KLRAQ1
KLRC1
KLRC2
KLRC3
KLRD1
KLRG1
KLRK1
KMO
KNCN
KNG1
KNTC1
KPNA1
KPNA2
KPNA3
KPNA4
KPNA5
KPNA6
KPNA7
KPNB1
KPTN
KRAS
KRBA1
KRBA2
KRCC1
KREMEN1
KREMEN2
KRI1
KRIT1
KRR1
KRT1
KRT10
KRT12
KRT13
KRT14
KRT15
KRT16
KRT17
KRT18
KRT19
KRT2
KRT20
KRT23
KRT26
KRT28
KRT31
KRT32
KRT33A
KRT33B
KRT34
KRT35
KRT36
KRT37
KRT39
KRT4
KRT5
KRT6A
KRT6B
KRT7
KRT72
KRT73
KRT74
KRT77
KRT78
KRT79
KRT8
KRT80
KRT81
KRT82
KRT83
KRT84
KRT85
KRT9
KRTAP19-5
KRTAP3-1
KRTAP3-2
KRTAP3-4P
KRTAP4-12
KRTAP5-6
KRTAP9-2
KRTAP9-3
KRTCAP2
KSR1
KSR2
KTELC1
KTI12
KTN1
KYNU
L1CAM
L2HGDH
L3MBTL
L3MBTL2
L3MBTL3
LACRT
LACTB
LACTB2
LAD1
LAG3
LAGE3
LAIR1
LALBA
LAMA1
LAMA2
LAMA3
LAMA4
LAMA5
LAMB1
LAMB2
LAMB3
LAMB4
LAMC1
LAMC2
LAMC3
LAMP1
LAMP2
LAMP3
LANCL1
LANCL2
LAP3
LAPTM4A
LAPTM5
LARP1
LARP1B
LARP2
LARP4
LARP4B
LARP6
LARP7
LARS
LARS2
LAS1L
LASP1
LASS1
LASS2
LAT
LAT2
LATS1
LATS2
LAX1
LBP
LBR
LBX1
LBX2
LBXCOR1
LCAT
LCK
LCLAT1
LCMT1
LCMT2
LCN1
LCN15
LCN2
LCN8
LCNL1
LCOR
LCORL
LCP1
LCP2
LCT
LDB1
LDB2
LDB3
LDHA
LDHAL6A
LDHAL6B
LDHB
LDHC
LDHD
LDLR
LDLRAP1
LDOC1
LDOC1L
LEAP2
LEF1
LEKR1
LEMD2
LEMD3
LENEP
LENG1
LENG8
LENG9
LEO1
LEP
LEPR
LEPRE1
LEPREL2
LEPROT
LEPROTL1
LETM1
LETMD1
LFNG
LGALS1
LGALS13
LGALS16
LGALS2
LGALS3
LGALS3BP
LGALS4
LGALS7
LGALS8
LGALS9
LGI1
LGI4
LGMN
LGR5
LGR6
LGTN
LHCGR
LHFP
LHFPL4
LHFPL5
LHPP
LHX1
LHX2
LHX3
LHX4
LHX5
LHX6
LHX8
LHX9
LIAS
LIF
LIFR
LIG1
LIG3
LIG4
LILRA3
LILRB1
LILRB2
LILRB3
LILRB4
LIMA1
LIMD1
LIME1
LIMK1
LIMK2
LIMS1
LIMS2
LIN28
LIN28A
LIN28B
LIN37
LIN52
LIN54
LIN7A
LIN7B
LIN7C
LIN9
LINGO1
LINS1
LIPA
LIPC
LIPE
LIPF
LIPG
LIPH
LIPT2
LIX1
LLGL1
LLGL2
LLPH
LMAN1
LMAN2
LMBR1
LMBR1L
LMBRD1
LMBRD2
LMCD1
LMF1
LMLN
LMNA
LMNB1
LMNB2
LMO1
LMO2
LMO3
LMO4
LMO6
LMO7
LMTK2
LMTK3
LMX1A
LMX1B
LNP1
LNPEP
LNX1
LNX2
LOC100009676
LOC100125556
LOC100128023
LOC100128076
LOC100128164
LOC100128288
LOC100128573
LOC100128811
LOC100128822
LOC100128842
LOC100128977
LOC100129034
LOC100129083
LOC100129637
LOC100129716
LOC100129726
LOC100129935
LOC100130148
LOC100130264
LOC100130581
LOC100130691
LOC100130776
LOC100130987
LOC100131244
LOC100131496
LOC100131691
LOC100131801
LOC100132111
LOC100132215
LOC100132288
LOC100132707
LOC100132891
LOC100133315
LOC100133469
LOC100133545
LOC100133612
LOC100133669
LOC100134229
LOC100188947
LOC100188949
LOC100190939
LOC100190940
LOC100216001
LOC100216545
LOC100233209
LOC100268168
LOC100270710
LOC100270746
LOC100270804
LOC100271836
LOC100272217
LOC100272228
LOC100286938
LOC100287227
LOC100288428
LOC100288778
LOC100289019
LOC100289341
LOC100289511
LOC100289673
LOC100302401
LOC100329108
LOC100379224
LOC10431
LOC113230
LOC127841
LOC143666
LOC145837
LOC146336
LOC147727
LOC147791
LOC148189
LOC148413
LOC148696
LOC148709
LOC150197
LOC150776
LOC151162
LOC151300
LOC151534
LOC152217
LOC152225
LOC152485
LOC153328
LOC153684
LOC161931
LOC200726
LOC201651
LOC220594
LOC220729
LOC220930
LOC221122
LOC221710
LOC222699
LOC253039
LOC253724
LOC254559
LOC255512
LOC257358
LOC25845
LOC282997
LOC283050
LOC283116
LOC283314
LOC283404
LOC283663
LOC283731
LOC283856
LOC283922
LOC284023
LOC284412
LOC284440
LOC284632
LOC284788
LOC284900
LOC285045
LOC285375
LOC285456
LOC285548
LOC285627
LOC285696
LOC285733
LOC285847
LOC286359
LOC286367
LOC338328
LOC338758
LOC338799
LOC339524
LOC339674
LOC341333
LOC344382
LOC344887
LOC344967
LOC348926
LOC374443
LOC375748
LOC387647
LOC388387
LOC388796
LOC388946
LOC388948
LOC389333
LOC389458
LOC389634
LOC389791
LOC390937
LOC391322
LOC399815
LOC399959
LOC400027
LOC400696
LOC400752
LOC400891
LOC400931
LOC401093
LOC401242
LOC401397
LOC401431
LOC402377
LOC402778
LOC404266
LOC440264
LOC440356
LOC440461
LOC440563
LOC440925
LOC440926
LOC440944
LOC441046
LOC441177
LOC441666
LOC441869
LOC442227
LOC442421
LOC51035
LOC51255
LOC55908
LOC613037
LOC63930
LOC642587
LOC642597
LOC642852
LOC643008
LOC643596
LOC644914
LOC645166
LOC645323
LOC645431
LOC645638
LOC646851
LOC646999
LOC647979
LOC648691
LOC649946
LOC652276
LOC653486
LOC653653
LOC653866
LOC653972
LOC654342
LOC654433
LOC678655
LOC727922
LOC728276
LOC728323
LOC728613
LOC728619
LOC728643
LOC728656
LOC728743
LOC729020
LOC729082
LOC729467
LOC729603
LOC729991
LOC729991-MEF2B
LOC730092
LOC730101
LOC730668
LOC730755
LOC731275
LOC81691
LOC84931
LOC90586
LOC91316
LOC91450
LOC91461
LOC92659
LOC93349
LOC93622
LOH12CR1
LONP1
LONP2
LONRF1
LONRF2
LOR
LOX
LOXHD1
LOXL1
LOXL2
LOXL3
LOXL4
LPA
LPAR2
LPAR4
LPAR5
LPCAT1
LPCAT2
LPCAT3
LPHN1
LPHN2
LPIN1
LPIN3
LPL
LPO
LPP
LPPR3
LPPR4
LPXN
LQK1
LRBA
LRCH1
LRCH2
LRCH3
LRCH4
LRDD
LRFN1
LRFN2
LRG1
LRIG1
LRIG2
LRIT2
LRMP
LRP1
LRP10
LRP11
LRP12
LRP16
LRP2
LRP2BP
LRP4
LRP5
LRP6
LRP8
LRPAP1
LRPPRC
LRRC1
LRRC14
LRRC15
LRRC16B
LRRC18
LRRC20
LRRC23
LRRC24
LRRC25
LRRC26
LRRC27
LRRC28
LRRC29
LRRC31
LRRC32
LRRC33
LRRC37A3
LRRC40
LRRC41
LRRC45
LRRC46
LRRC47
LRRC48
LRRC49
LRRC4C
LRRC50
LRRC56
LRRC57
LRRC58
LRRC59
LRRC61
LRRC68
LRRC69
LRRC7
LRRC8A
LRRC8B
LRRC8E
LRRFIP1
LRRFIP2
LRRK1
LRRK2
LRRN3
LRRN4
LRRTM3
LRSAM1
LRTOMT
LRWD1
LSM1
LSM10
LSM11
LSM12
LSM14B
LSM2
LSM3
LSM4
LSM5
LSM6
LSM7
LSM8
LSMD1
LSP1
LSR
LSS
LTA
LTA4H
LTB
LTB4R
LTB4R2
LTBP1
LTBP2
LTBP3
LTBP4
LTBR
LTC4S
LTF
LTK
LTV1
LUC7L
LUC7L2
LUC7L3
LUM
LUZP1
LXN
LY6E
LY6G5C
LY6G6C
LY6G6F
LY75
LY86
LY9
LY96
LYAR
LYK5
LYL1
LYN
LYNX1
LYPD1
LYPD6B
LYPLA1
LYPLA2
LYPLAL1
LYRM1
LYSMD1
LYSMD2
LYSMD3
LYST
LYZ
LYZL1
LYZL2
LZIC
LZTFL1
LZTR1
LZTS1
LZTS2
M6PR
MACC1
MACF1
MACROD1
MACROD2
MAD1L1
MAD2L1
MAD2L1BP
MAD2L2
MADCAM1
MADD
MAEA
MAF
MAF1
MAFA
MAFB
MAFF
MAFG
MAFK
MAG
MAGEA1
MAGEA11
MAGEA12
MAGEA2
MAGEA2B
MAGEA3
MAGEA4
MAGEA6
MAGEA9
MAGEB1
MAGEB18
MAGEB2
MAGEB3
MAGEB4
MAGEB6
MAGED1
MAGED2
MAGED4
MAGED4B
MAGEH1
MAGEL2
MAGI1
MAGI2
MAGI3
MAGIX
MAGOH
MAGOHB
MAGT1
MAK
MAK16
MAL2
MALAT1
MALL
MALT1
MAML1
MAML2
MAML3
MAMSTR
MAN1A1
MAN1A2
MAN1B1
MAN2A1
MAN2A2
MAN2B2
MAN2C1
MANBA
MANBAL
MANEAL
MAOA
MAOB
MAP1A
MAP1B
MAP1D
MAP1LC3A
MAP1LC3B
MAP1LC3B2
MAP1LC3C
MAP1S
MAP2
MAP2K1
MAP2K2
MAP2K3
MAP2K4
MAP2K5
MAP2K6
MAP2K7
MAP3K1
MAP3K10
MAP3K11
MAP3K12
MAP3K13
MAP3K14
MAP3K15
MAP3K2
MAP3K3
MAP3K4
MAP3K5
MAP3K6
MAP3K7
MAP3K7IP1
MAP3K7IP2
MAP3K8
MAP3K9
MAP4
MAP4K1
MAP4K2
MAP4K3
MAP4K4
MAP4K5
MAP6
MAP6D1
MAP7
MAP7D1
MAPK1
MAPK10
MAPK11
MAPK12
MAPK13
MAPK14
MAPK15
MAPK1IP1L
MAPK3
MAPK6
MAPK7
MAPK8
MAPK8IP1
MAPK8IP2
MAPK8IP3
MAPK9
MAPKAP1
MAPKAPK2
MAPKAPK3
MAPKAPK5
MAPKBP1
MAPKSP1
MAPRE1
MAPRE2
MAPRE3
MAPT
MARCH1
MARCH10
MARCH11
MARCH2
MARCH3
MARCH4
MARCH5
MARCH6
MARCH7
MARCH8
MARCH9
MARCKS
MARCKSL1
MARCO
MARK1
MARK2
MARK3
MARK4
MARS
MARS2
MARVELD3
MAS1
MASP1
MASP2
MAST1
MAST2
MAST3
MAST4
MAT1A
MAT2A
MAT2B
MATK
MATN1
MATN2
MATN3
MATN4
MATR3
MAVS
MAX
MAZ
MB
MBD1
MBD2
MBD3
MBD3L1
MBD3L2
MBD4
MBD5
MBD6
MBIP
MBL2
MBLAC2
MBNL1
MBNL3
MBOAT1
MBOAT4
MBOAT7
MBP
MBTD1
MBTPS1
MBTPS2
MC1R
MC3R
MC4R
MC5R
MCAM
MCART1
MCAT
MCC
MCCC1
MCCC2
MCEE
MCF2
MCF2L
MCF2L2
MCFD2
MCL1
MCM10
MCM2
MCM3
MCM3AP
MCM3APAS
MCM4
MCM5
MCM6
MCM7
MCM8
MCOLN1
MCPH1
MCRS1
MCTP1
MCTS1
MDC1
MDFI
MDFIC
MDGA1
MDH1
MDH1B
MDH2
MDK
MDM1
MDM2
MDM4
MDN1
MDP1
MDS032
MDS1
MDS2
ME1
ME2
ME3
MEA1
MEAF6
MECOM
MECP2
MECR
MED1
MED10
MED11
MED12
MED12L
MED13
MED13L
MED14
MED15
MED16
MED17
MED18
MED19
MED20
MED21
MED22
MED23
MED24
MED25
MED26
MED27
MED28
MED29
MED30
MED31
MED4
MED6
MED7
MED8
MED9
MEF2A
MEF2B
MEF2C
MEF2D
MEFV
MEG3
MEGF11
MEGF6
MEGF8
MEGF9
MEIG1
MEIS1
MEIS2
MEIS3
MELK
MEN1
MEOX1
MEOX2
MEP1A
MEP1B
MEPCE
MERTK
MESDC2
MESP2
MEST
MESTIT1
MET
METAP1
METAP2
METT10D
METT11D1
METTL1
METTL10
METTL11A
METTL11B
METTL12
METTL13
METTL2A
METTL2B
METTL3
METTL4
METTL5
METTL6
METTL7A
METTL7B
METTL9
MEX3B
MEX3D
MFAP1
MFAP2
MFAP3
MFGE8
MFHAS1
MFN1
MFN2
MFNG
MFRP
MFSD1
MFSD11
MFSD2A
MFSD2B
MFSD3
MGA
MGAT1
MGAT2
MGAT5
MGAT5B
MGC10334
MGC10433
MGC11102
MGC12982
MGC13114
MGC13379
MGC16169
MGC16275
MGC16384
MGC16703
MGC21881
MGC23284
MGC24103
MGC27016
MGC29506
MGC33407
MGC35308
MGC42105
MGC72080
MGC87042
MGEA5
MGLL
MGMT
MGP
MGRN1
MGST1
MGST2
MGST3
MIA
MIA2
MIA3
MIB1
MIB2
MICA
MICAL1
MICALCL
MICALL1
MID1
MID1IP1
MID2
MIDN
MIER1
MIER2
MIF
MIF4GD
MIIP
MINA
MINK1
MINPP1
MIOS
MIOX
MIP
MIPEP
MIS12
MITD1
MITF
MIZF
MKI67
MKKS
MKL1
MKL2
MKLN1
MKNK1
MKNK2
MKRN1
MKRN2
MKRN3
MKS1
MKX
MLANA
MLC1
MLEC
MLF1
MLF1IP
MLF2
MLH1
MLH3
MLKL
MLL
MLL2
MLL3
MLL4
MLL5
MLLT1
MLLT10
MLLT11
MLLT3
MLLT4
MLLT6
MLNR
MLPH
MLST8
MLSTD2
MLX
MLXIP
MLXIPL
MLYCD
MMAA
MMAB
MMACHC
MMADHC
MME
MMP1
MMP10
MMP13
MMP14
MMP16
MMP19
MMP2
MMP24
MMP25
MMP28
MMP3
MMP7
MMP8
MMP9
MMRN1
MMS19
MN1
MNAT1
MND1
MNDA
MNS1
MNT
MNX1
MOAP1
MOB2
MOBKL1A
MOBKL1B
MOBKL2A
MOBKL2B
MOBKL2C
MOBKL3
MOCS3
MOG
MOGAT3
MOGS
MON1A
MON1B
MON2
MORC2
MORC3
MORF4
MORF4L1
MORF4L2
MORG1
MORN1
MORN2
MORN4
MORN5
MOS
MOSC1
MOV10
MOV10L1
MPDU1
MPDZ
MPEG1
MPG
MPHOSPH10
MPHOSPH6
MPHOSPH8
MPHOSPH9
MPI
MPL
MPND
MPO
MPP1
MPP3
MPP4
MPP5
MPP6
MPP7
MPRIP
MPST
MPV17
MPV17L2
MPZ
MPZL1
MPZL3
MR1
MRAS
MRC2
MRE11A
MRFAP1
MRFAP1L1
MRLC2
MRM1
MRO
MRP63
MRPL1
MRPL10
MRPL11
MRPL12
MRPL13
MRPL14
MRPL15
MRPL16
MRPL17
MRPL18
MRPL19
MRPL2
MRPL20
MRPL21
MRPL22
MRPL23
MRPL24
MRPL27
MRPL28
MRPL3
MRPL30
MRPL32
MRPL33
MRPL34
MRPL35
MRPL36
MRPL37
MRPL38
MRPL39
MRPL4
MRPL40
MRPL41
MRPL42
MRPL43
MRPL44
MRPL45
MRPL46
MRPL47
MRPL48
MRPL49
MRPL50
MRPL51
MRPL52
MRPL53
MRPL54
MRPL55
MRPL9
MRPS10
MRPS11
MRPS12
MRPS14
MRPS15
MRPS16
MRPS17
MRPS18A
MRPS18B
MRPS18C
MRPS2
MRPS21
MRPS22
MRPS23
MRPS24
MRPS25
MRPS26
MRPS27
MRPS28
MRPS30
MRPS31
MRPS33
MRPS34
MRPS35
MRPS36
MRPS5
MRPS6
MRPS7
MRPS9
MRRF
MRS2
MRS2L
MRTO4
MRVI1
MS4A1
MS4A15
MS4A2
MS4A3
MS4A7
MSC
MSH2
MSH3
MSH4
MSH5
MSH6
MSI2
MSL1
MSL2
MSL3
MSL3L2
MSLN
MSLNL
MSMB
MSMO1
MSMP
MSN
MSR1
MSRA
MSRB3
MST1
MST1P2
MST1R
MST4
MSTN
MSX1
MSX2
MT-CO1
MT-ND1
MT-ND2
MT-ND3
MT-ND4
MT-ND4L
MT-ND5
MT-ND6
MT1A
MT1DP
MT1E
MT1G
MT1H
MT1L
MT1M
MT1X
MT2A
MTA1
MTA2
MTA3
MTAP
MTBP
MTCH1
MTCH2
MTCP1
MTDH
MTERF
MTERFD1
MTERFD2
MTF1
MTF2
MTFMT
MTG1
MTHFD1
MTHFD1L
MTHFD2
MTHFR
MTHFS
MTHFSD
MTIF2
MTIF3
MTM1
MTMR1
MTMR11
MTMR12
MTMR14
MTMR15
MTMR2
MTMR4
MTMR6
MTMR7
MTMR8
MTMR9
MTNR1A
MTOR
MTPN
MTR
MTRF1
MTRNR2L1
MTRNR2L2
MTRNR2L6
MTRNR2L8
MTSS1
MTSS1L
MTTP
MTUS1
MTUS2
MTVR2
MTX1
MUC1
MUC12
MUC13
MUC16
MUC17
MUC2
MUC20
MUC5AC
MUC5B
MUC7
MUL1
MUS81
MUSK
MUT
MUTED
MUTYH
MVD
MVK
MVP
MX1
MX2
MXD1
MXD3
MXD4
MXI1
MYADM
MYB
MYBBP1A
MYBL1
MYBL2
MYBPC1
MYBPC2
MYBPC3
MYBPH
MYC
MYCBP
MYCBP2
MYCBPAP
MYCL1
MYCN
MYCT1
MYD88
MYEF2
MYEOV
MYEOV2
MYF5
MYF6
MYH1
MYH10
MYH11
MYH13
MYH14
MYH2
MYH4
MYH6
MYH7
MYH7B
MYH9
MYL12A
MYL12B
MYL2
MYL3
MYL5
MYL6
MYL6B
MYL9
MYLIP
MYLK
MYLK2
MYLPF
MYNN
MYO10
MYO15A
MYO15B
MYO18A
MYO19
MYO1A
MYO1B
MYO1C
MYO1D
MYO1E
MYO1F
MYO1G
MYO1H
MYO3A
MYO5A
MYO5B
MYO5C
MYO6
MYO7A
MYO9A
MYO9B
MYOC
MYOCD
MYOD1
MYOF
MYOG
MYOM2
MYOT
MYOZ1
MYOZ2
MYOZ3
MYPN
MYPOP
MYRIP
MYSM1
MYST1
MYST2
MYST3
MYST4
MYT1
MZF1
N-PAC
N4BP1
N4BP2
N4BP2L2
N4BP3
N6AMT1
N6AMT2
NA
NAA10
NAA15
NAA20
NAA25
NAA35
NAA38
NAA50
NAALADL2
NAB1
NAB2
NACA
NACA2
NACAP1
NACC1
NADK
NADSYN1
NAE1
NAF1
NAGK
NAGLU
NAGPA
NAGS
NAIF1
NAIP
NAME
NAMPT
NANOG
NANOS1
NANP
NANS
NAP1L1
NAP1L2
NAP1L3
NAP1L4
NAP1L5
NAPA
NAPB
NAPEPLD
NAPG
NAPSA
NAPSB
NARF
NARFL
NARG1L
NARS
NARS2
NASP
NAT1
NAT10
NAT15
NAT2
NAT6
NAT9
NAV1
NAV2
NAV3
NBAS
NBEA
NBL1
NBLA00301
NBN
NBPF1
NBPF10
NBPF3
NBR1
NBR2
NCALD
NCAM1
NCAM2
NCAN
NCAPD2
NCAPD3
NCAPG
NCAPG2
NCAPH
NCAPH2
NCBP1
NCBP2
NCDN
NCEH1
NCF1
NCF2
NCF4
NCK1
NCK2
NCKAP1
NCKAP1L
NCKAP5
NCKAP5L
NCKIPSD
NCL
NCLN
NCOA1
NCOA2
NCOA3
NCOA4
NCOA5
NCOA6
NCOA7
NCOR1
NCOR2
NCR1
NCR2
NCR3
NCRNA00085
NCRNA00094
NCRNA00095
NCRNA00105
NCRNA00111
NCRNA00115
NCRNA00160
NCRNA00161
NCRNA00162
NCRNA00167
NCRNA00169
NCRNA00171
NCRNA00176
NCRNA00183
NCRNA00188
NCRNA00201
NCRNA00219
NCRNA00235
NCRNA00240
NCRNA00242
NCRNA00244
NCRNA00245
NCRNA00253
NCRNA00261
NCRNA00263
NCRNA00265
NCRNA00271
NCRUPAR
NCS1
NCSTN
ND1
ND2
ND4
ND5
NDC80
NDE1
NDEL1
NDFIP1
NDFIP2
NDN
NDNL2
NDOR1
NDRG1
NDRG3
NDST1
NDST2
NDST3
NDUFA10
NDUFA11
NDUFA12
NDUFA13
NDUFA3
NDUFA4
NDUFA4L2
NDUFA5
NDUFA6
NDUFA7
NDUFA8
NDUFA9
NDUFAB1
NDUFAF1
NDUFAF3
NDUFAF4
NDUFB1
NDUFB10
NDUFB11
NDUFB2
NDUFB3
NDUFB4
NDUFB5
NDUFB6
NDUFB7
NDUFB8
NDUFB9
NDUFS1
NDUFS2
NDUFS3
NDUFS4
NDUFS5
NDUFS6
NDUFS7
NDUFS8
NDUFV1
NDUFV2
NDUFV3
NEAT1
NEB
NEBL
NECAB2
NECAB3
NECAP1
NECAP2
NEDD1
NEDD4
NEDD4L
NEDD8
NEDD9
NEFH
NEFL
NEFM
NEIL1
NEIL2
NEK10
NEK11
NEK2
NEK3
NEK4
NEK5
NEK6
NEK7
NEK8
NEK9
NELF
NELL1
NELL2
NENF
NEO1
NES
NET1
NETO2
NEU1
NEU2
NEU3
NEU4
NEURL
NEURL2
NEURL3
NEURL4
NEUROD1
NEUROD2
NEUROD4
NEUROG1
NEUROG2
NEUROG3
NF1
NF2
NFASC
NFAT5
NFATC1
NFATC2
NFATC2IP
NFATC3
NFATC4
NFE2
NFE2L1
NFE2L2
NFE2L3
NFE4
NFIA
NFIB
NFIC
NFIL3
NFIX
NFKB1
NFKB2
NFKBIA
NFKBIB
NFKBID
NFKBIE
NFKBIL1
NFKBIL2
NFKBIZ
NFRKB
NFS1
NFU1
NFX1
NFXL1
NFYA
NFYB
NFYC
NGB
NGDN
NGEF
NGF
NGFR
NGFRAP1
NGRN
NHEJ1
NHLH1
NHLRC1
NHLRC2
NHLRC3
NHP2
NHP2L1
NID1
NID2
NIF3L1
NIN
NINL
NIP7
NIPAL3
NIPAL4
NIPBL
NIPSNAP1
NIPSNAP3A
NISCH
NIT1
NKAIN4
NKAP
NKD1
NKD2
NKG7
NKIRAS1
NKIRAS2
NKPD1
NKRF
NKTR
NKX2-1
NKX2-2
NKX2-3
NKX2-4
NKX2-5
NKX2-6
NKX2-8
NKX3-1
NKX3-2
NKX6-1
NLE1
NLGN1
NLGN2
NLGN3
NLGN4X
NLK
NLRC4
NLRC5
NLRP1
NLRP10
NLRP12
NLRP2
NLRP3
NLRP4
NLRP6
NLRX1
NMB
NMBR
NMD3
NME1
NME1-NME2
NME2
NME2P1
NME3
NME4
NME5
NME7
NMI
NMNAT1
NMNAT2
NMNAT3
NMRAL1
NMS
NMT1
NMU
NMUR1
NMUR2
NNAT
NNMT
NNT
NOB1
NOC2L
NOC3L
NOC4L
NOD1
NOD2
NODAL
NOG
NOL10
NOL11
NOL12
NOL3
NOL4
NOL5A
NOL6
NOL7
NOL8
NOL9
NOLC1
NOM1
NOMO1
NOMO3
NONO
NOP10
NOP14
NOP16
NOP2
NOP5/NOP58
NOP56
NOP58
NOS1
NOS1AP
NOS2
NOS3
NOSIP
NOSTRIN
NOTCH1
NOTCH2
NOTCH2NL
NOTCH3
NOTCH4
NOTUM
NOV
NOXA1
NOXO1
NPAS2
NPAS4
NPAT
NPB
NPBWR1
NPC1
NPC1L1
NPC2
NPDC1
NPEPPS
NPHP1
NPHP3
NPHP4
NPHS1
NPHS2
NPL
NPLOC4
NPM1
NPM2
NPM3
NPNT
NPPA
NPPB
NPPC
NPR1
NPR2
NPR3
NPRL2
NPRL3
NPTN
NPTX1
NPW
NPY
NPY1R
NQO1
NQO2
NR0B1
NR0B2
NR1D1
NR1D2
NR1H2
NR1H3
NR1H4
NR1I2
NR1I3
NR2C1
NR2C2
NR2C2AP
NR2E1
NR2E3
NR2F1
NR2F2
NR2F6
NR3C1
NR3C2
NR4A1
NR4A2
NR4A3
NR5A1
NR5A2
NR6A1
NRAP
NRARP
NRAS
NRBF2
NRBP1
NRBP2
NRCAM
NRD1
NRF1
NRG1
NRG2
NRG3
NRG4
NRIP1
NRIP2
NRIP3
NRL
NRM
NRN1
NRP1
NRP2
NRSN1
NRSN2
NRTN
NRXN1
NRXN2
NRXN3
NSA2
NSBP1
NSD1
NSDHL
NSF
NSFL1C
NSL1
NSMAF
NSMCE1
NSMCE2
NSUN2
NSUN3
NSUN4
NSUN5
NSUN5B
NT5C
NT5C1A
NT5C1B
NT5C2
NT5C3
NT5DC2
NT5E
NT5M
NTAN1
NTF3
NTF4
NTHL1
NTN1
NTN4
NTN5
NTNG1
NTNG2
NTRK1
NTRK2
NTRK3
NTS
NTSR1
NTSR2
NUAK1
NUAK2
NUB1
NUBP1
NUBP2
NUBPL
NUCB1
NUCB2
NUCKS1
NUDC
NUDCD1
NUDCD2
NUDCD3
NUDT1
NUDT13
NUDT15
NUDT17
NUDT18
NUDT2
NUDT21
NUDT3
NUDT4
NUDT5
NUDT6
NUDT8
NUDT9P1
NUF2
NUFIP1
NUFIP2
NUMA1
NUMB
NUMBL
NUP107
NUP133
NUP153
NUP155
NUP160
NUP188
NUP205
NUP210
NUP214
NUP35
NUP37
NUP43
NUP50
NUP54
NUP62
NUP62CL
NUP85
NUP88
NUP93
NUP98
NUPL1
NUPL2
NUPR1
NUS1
NUSAP1
NUTF2
NVL
NXF1
NXF2
NXF3
NXN
NXNL2
NXPH1
NXPH3
NXT1
NXT2
NYNRIN
OAS1
OAS2
OAS3
OAT
OAZ1
OAZ2
OAZ3
OBFC1
OBFC2A
OBFC2B
OBP2B
OBSCN
OBSL1
OCA2
OCIAD1
OCIAD2
OCLN
OCRL
ODAM
ODC1
ODF1
ODF2
ODF2L
ODF3
ODF3B
OFD1
OGDH
OGDHL
OGFOD2
OGFR
OGG1
OGT
OIP5
OLA1
OLFM1
OLFM2
OLFM3
OLFML2A
OLFML3
OLIG1
OLIG2
OLIG3
OLR1
OMA1
OMG
OMP
ONECUT1
ONECUT2
ONECUT3
OPA1
OPA3
OPHN1
OPN1LW
OPN1SW
OPN3
OPN5
OPRD1
OPRK1
OPRL1
OPRM1
OPTC
OPTN
OR10V1
OR14I1
OR1E2
OR1F2P
OR2B2
OR2F2
OR2L13
OR2L3
OR7E91P
ORAI1
ORAI2
ORAI3
ORAOV1
ORC1L
ORC2L
ORC3L
ORC4L
ORC5L
ORC6L
ORM1
ORMDL1
ORMDL2
ORMDL3
OS9
OSBP
OSBP2
OSBPL10
OSBPL11
OSBPL1A
OSBPL2
OSBPL3
OSBPL5
OSBPL6
OSBPL8
OSBPL9
OSCP1
OSGEP
OSGEPL1
OSGIN1
OSGIN2
OSM
OSMR
OSR1
OSR2
OSTALPHA
OSTBETA
OSTF1
OSTM1
OTC
OTEX
OTOA
OTOF
OTP
OTUB1
OTUB2
OTUD1
OTUD3
OTUD4
OTUD5
OTUD6B
OTUD7B
OTX1
OTX2
OTX2OS1
OVCA2
OVOL1
OXA1L
OXCT1
OXCT2
OXNAD1
OXR1
OXSR1
OXT
OXTR
P2RX4
P2RX6
P2RX6P
P2RY1
P2RY11
P2RY2
P2RY6
P2RY8
P4HA1
P4HA2
P4HA3
P4HB
P4HTM
PA2G4
PA2G4P4
PAAF1
PABPC1
PABPC1L2A
PABPC1P1
PABPC3
PABPC4
PABPN1
PABPN1L
PACRG
PACRGL
PACS1
PACSIN1
PACSIN2
PACSIN3
PADI1
PADI4
PAEP
PAF1
PAFAH1B1
PAFAH1B2
PAFAH1B3
PAFAH2
PAG1
PAGE4
PAH
PAICS
PAIP1
PAIP2
PAIP2B
PAK1
PAK1IP1
PAK2
PAK3
PAK4
PAK6
PAK7
PALB2
PALLD
PALM3
PAM
PAN2
PAN3
PANK1
PANK2
PANK3
PANK4
PANX1
PANX3
PAPD1
PAPD5
PAPD7
PAPOLA
PAPOLG
PAPPA
PAPPA2
PAPSS1
PAPSS2
PAQR4
PAQR7
PAQR8
PAR1
PARD3
PARD3B
PARD6A
PARD6B
PARD6G
PARG
PARK2
PARK7
PARL
PARM1
PARN
PARP1
PARP10
PARP11
PARP12
PARP14
PARP15
PARP16
PARP2
PARP3
PARP4
PARP6
PARP8
PARP9
PARS2
PART1
PARVA
PARVB
PARVG
PASK
PATL1
PATZ1
PAWR
PAX1
PAX2
PAX3
PAX4
PAX5
PAX6
PAX7
PAX8
PAX9
PAXIP1
PBK
PBLD
PBRM1
PBX1
PBX2
PBX3
PBX4
PBXIP1
PC
PCBD1
PCBD2
PCBP1
PCBP2
PCBP3
PCBP4
PCCA
PCCB
PCDH1
PCDH10
PCDH17
PCDH20
PCDH7
PCDH8
PCDH9
PCDHA4
PCDHA8
PCDHAC1
PCDHB5
PCDHGA10
PCDHGA11
PCDHGA12
PCDHGB6
PCDHGB7
PCF11
PCGF1
PCGF2
PCGF5
PCGF6
PCID2
PCIF1
PCK1
PCK2
PCLO
PCM1
PCMT1
PCMTD1
PCNA
PCNAAS
PCNAP1
PCNP
PCNT
PCNX
PCNXL3
PCOTH
PCP4
PCQAP
PCSK1
PCSK2
PCSK5
PCSK6
PCSK9
PCTK1
PCTK2
PCTK3
PCYOX1
PCYT1A
PCYT1B
PCYT2
PDAP1
PDC
PDCD1
PDCD10
PDCD11
PDCD1LG2
PDCD2
PDCD2L
PDCD4
PDCD5
PDCD6
PDCD6IP
PDCD7
PDCL
PDCL3
PDDC1
PDE10A
PDE11A
PDE12
PDE1A
PDE1C
PDE2A
PDE3A
PDE3B
PDE4A
PDE4B
PDE4C
PDE4D
PDE4DIP
PDE5A
PDE6A
PDE6D
PDE6G
PDE6H
PDE7A
PDE7B
PDE8A
PDE8B
PDE9A
PDGFA
PDGFB
PDGFC
PDGFRA
PDGFRB
PDGFRL
PDHA1
PDHA2
PDHB
PDHX
PDIA2
PDIA3
PDIA4
PDIA5
PDIA6
PDIK1L
PDK1
PDK2
PDK3
PDK4
PDLIM1
PDLIM2
PDLIM4
PDLIM5
PDLIM7
PDP1
PDP2
PDPK1
PDPN
PDRG1
PDS5A
PDS5B
PDSS2
PDX1
PDXDC1
PDXK
PDXP
PDZD11
PDZD2
PDZD3
PDZD7
PDZD9
PDZK1
PDZK1IP1
PDZRN3
PEA15
PEBP1
PEBP4
PECAM1
PECI
PECR
PEF1
PEG10
PEG3
PEG3AS
PELI1
PELI2
PELI3
PELO
PELP1
PEMT
PENK
PEPD
PEPP-2
PER1
PER2
PER3
PERP
PES1
PET112L
PET117
PEX1
PEX10
PEX11A
PEX11B
PEX11G
PEX12
PEX13
PEX14
PEX16
PEX19
PEX2
PEX26
PEX3
PEX5
PEX5L
PEX6
PEX7
PF4
PFAS
PFDN1
PFDN2
PFDN4
PFDN5
PFDN6
PFKFB1
PFKFB2
PFKFB3
PFKFB4
PFKL
PFKM
PFKP
PFN1
PFN2
PFTK1
PFTK2
PGAM1
PGAM2
PGAM4
PGAM5
PGAP1
PGAP2
PGAP3
PGBD1
PGBD2
PGBD3
PGBD4
PGC
PGCP
PGD
PGF
PGGT1B
PGK1
PGK2
PGLS
PGLYRP4
PGM1
PGM2
PGM5
PGP
PGPEP1
PGR
PGRMC1
PGS1
PHACTR1
PHACTR3
PHAX
PHB
PHB2
PHC1
PHC2
PHC3
PHF1
PHF10
PHF12
PHF13
PHF14
PHF15
PHF16
PHF17
PHF19
PHF20
PHF20L1
PHF21A
PHF21B
PHF23
PHF5A
PHF7
PHF8
PHGDH
PHIP
PHKA2
PHKB
PHKG1
PHKG2
PHLDA1
PHLDA2
PHLDA3
PHLDB2
PHLPP1
PHLPP2
PHOSPHO1
PHOX2A
PHOX2B
PHPT1
PHRF1
PHTF1
PHTF2
PHYH
PHYHD1
PHYHIP
PHYHIPL
PI3
PI4K2A
PI4K2B
PI4KA
PI4KB
PIAS1
PIAS2
PIAS3
PIAS4
PIBF1
PICALM
PICK1
PIF1
PIGA
PIGB
PIGC
PIGG
PIGH
PIGK
PIGL
PIGN
PIGO
PIGP
PIGQ
PIGR
PIGS
PIGT
PIGU
PIGV
PIGW
PIGX
PIH1D1
PIK3C2A
PIK3C2B
PIK3C2G
PIK3C3
PIK3CA
PIK3CB
PIK3CD
PIK3CG
PIK3R1
PIK3R2
PIK3R3
PIK3R4
PIK3R5
PIK3R6
PIKFYVE
PILRA
PILRB
PIM1
PIM2
PIM3
PIN1
PIN1L
PIN4
PINK1
PINX1
PIP
PIP4K2A
PIP4K2B
PIP4K2C
PIP5K1A
PIP5K1B
PIP5K1C
PIP5KL1
PIPOX
PIR
PISD
PITPNA
PITPNB
PITPNC1
PITPNM1
PITPNM2
PITPNM3
PITRM1
PITX1
PITX2
PITX3
PIWIL1
PIWIL2
PIWIL3
PIWIL4
PJA1
PJA2
PKD1
PKD1L1
PKD1L3
PKD2
PKD2L1
PKD2L2
PKDCC
PKIA
PKIB
PKIG
PKLR
PKM2
PKMYT1
PKN1
PKN2
PKN3
PKNOX1
PKNOX2
PKP1
PKP2
PKP3
PKP4
PL-5283
PLA1A
PLA2G10
PLA2G12A
PLA2G12B
PLA2G15
PLA2G16
PLA2G1B
PLA2G2A
PLA2G2D
PLA2G2E
PLA2G2F
PLA2G3
PLA2G4A
PLA2G4C
PLA2G4D
PLA2G4E
PLA2G5
PLA2G6
PLAA
PLAC8
PLAG1
PLAGL1
PLAGL2
PLAT
PLAU
PLAUR
PLB1
PLBD2
PLCB1
PLCB2
PLCB3
PLCB4
PLCD1
PLCD3
PLCD4
PLCE1
PLCG1
PLCG2
PLCH2
PLCL1
PLCL2
PLCZ1
PLD1
PLD2
PLD3
PLD6
PLDN
PLEC
PLEK2
PLEKHA1
PLEKHA2
PLEKHA4
PLEKHA5
PLEKHA6
PLEKHA7
PLEKHA8
PLEKHA9
PLEKHB2
PLEKHF1
PLEKHF2
PLEKHG2
PLEKHG4
PLEKHG5
PLEKHG6
PLEKHH2
PLEKHH3
PLEKHJ1
PLEKHM1
PLEKHM2
PLEKHM3
PLEKHO1
PLG
PLGLA
PLIN3
PLK1
PLK1S1
PLK2
PLK3
PLK4
PLLP
PLN
PLOD1
PLOD2
PLOD3
PLP1
PLP2
PLRG1
PLS1
PLS3
PLSCR1
PLSCR3
PLSCR4
PLTP
PLUNC
PLXDC1
PLXDC2
PLXNA1
PLXNA2
PLXNB1
PLXNB2
PLXNB3
PMAIP1
PMCH
PMEPA1
PMF1
PMFBP1
PML
PMM1
PMM2
PMP22
PMPCA
PMPCB
PMS1
PMS2
PMS2L3
PMS2L4
PMS2L5
PMVK
PNCK
PNKD
PNKP
PNLIP
PNLIPRP1
PNMA1
PNMA2
PNMA3
PNMA6A
PNMAL1
PNMT
PNN
PNO1
PNOC
PNP
PNPLA2
PNPLA3
PNPLA4
PNPLA6
PNPLA7
PNPLA8
PNPO
PNPT1
PNRC1
PNRC2
POC1A
POC1B
PODXL
PODXL2
POF1B
POFUT1
POFUT2
POGK
POGZ
POLA1
POLA2
POLB
POLD1
POLD2
POLD3
POLD4
POLDIP2
POLDIP3
POLE
POLE2
POLE3
POLE4
POLG
POLG2
POLH
POLI
POLK
POLL
POLM
POLN
POLQ
POLR1A
POLR1B
POLR1C
POLR1D
POLR1E
POLR2A
POLR2B
POLR2C
POLR2D
POLR2E
POLR2F
POLR2G
POLR2H
POLR2I
POLR2J
POLR2J2
POLR2J3
POLR2J4
POLR2K
POLR2L
POLR3A
POLR3B
POLR3C
POLR3D
POLR3E
POLR3F
POLR3G
POLR3GL
POLR3H
POLR3K
POLRMT
POM121
POM121C
POM121L9P
POMC
POMP
POMT1
POMT2
PON1
PON2
PON3
POP1
POP4
POP5
POP7
POR
POT1
POTEE
POTEF
POTEI
POTEKP
POU1F1
POU2AF1
POU2F1
POU2F2
POU2F3
POU3F1
POU3F2
POU3F3
POU3F4
POU4F1
POU4F2
POU4F3
POU5F1
POU6F1
PPA1
PPA2
PPAN
PPAN-P2RY11
PPAP2A
PPAP2B
PPAP2C
PPARA
PPARBP
PPARD
PPARG
PPARGC1A
PPARGC1B
PPAT
PPBP
PPBPL2
PPCDC
PPEF1
PPEF2
PPFIA1
PPFIA2
PPFIA3
PPFIA4
PPFIBP1
PPFIBP2
PPHLN1
PPIA
PPIB
PPIC
PPID
PPIE
PPIF
PPIG
PPIH
PPIL1
PPIL2
PPIL3
PPIL4
PPIL5
PPIP5K1
PPIP5K2
PPL
PPM1A
PPM1B
PPM1D
PPM1E
PPM1F
PPM1G
PPM1J
PPM1M
PPME1
PPOX
PPP1CA
PPP1CB
PPP1CC
PPP1R10
PPP1R11
PPP1R12A
PPP1R12B
PPP1R12C
PPP1R13B
PPP1R13L
PPP1R14A
PPP1R14B
PPP1R14C
PPP1R15A
PPP1R15B
PPP1R16A
PPP1R1B
PPP1R2
PPP1R3A
PPP1R3B
PPP1R3C
PPP1R3D
PPP1R3E
PPP1R7
PPP1R8
PPP1R9A
PPP1R9B
PPP2CA
PPP2CB
PPP2R1A
PPP2R1B
PPP2R2A
PPP2R2B
PPP2R2C
PPP2R2D
PPP2R3A
PPP2R3B
PPP2R3C
PPP2R4
PPP2R5A
PPP2R5B
PPP2R5C
PPP2R5D
PPP2R5E
PPP3CA
PPP3CB
PPP3CC
PPP3R1
PPP4C
PPP4R1
PPP4R2
PPP4R4
PPP5C
PPP6C
PPP6R1
PPP6R2
PPP6R3
PPPDE1
PPRC1
PPT1
PPT2
PPTC7
PPWD1
PPYR1
PQBP1
PQLC2
PRAC
PRAM1
PRAME
PRB3
PRC1
PRCC
PRDM1
PRDM10
PRDM12
PRDM13
PRDM14
PRDM15
PRDM16
PRDM2
PRDM4
PRDM5
PRDM6
PRDM7
PRDM8
PRDM9
PRDX1
PRDX2
PRDX3
PRDX4
PRDX5
PRDX6
PREB
PRELID1
PRELP
PREP
PREPL
PREX1
PRF1
PRG2
PRG3
PRH1
PRIC285
PRICKLE1
PRICKLE2
PRICKLE3
PRICKLE4
PRIM1
PRIM2
PRIM2A
PRKAA1
PRKAA2
PRKAB1
PRKAB2
PRKACA
PRKACB
PRKACG
PRKAG1
PRKAG2
PRKAG3
PRKAR1A
PRKAR1B
PRKAR2A
PRKAR2B
PRKCA
PRKCB
PRKCB1
PRKCD
PRKCE
PRKCG
PRKCH
PRKCI
PRKCQ
PRKCSH
PRKCZ
PRKD1
PRKD2
PRKD3
PRKDC
PRKG1
PRKG2
PRKRA
PRKRIP1
PRKRIR
PRKX
PRKY
PRL
PRLH
PRLHR
PRLR
PRM1
PRM2
PRM3
PRMT1
PRMT2
PRMT3
PRMT5
PRMT6
PRMT7
PRMT8
PRNP
PRNT
PRO0628
PROC
PROCA1
PROCR
PRODH
PROM1
PROP1
PROS1
PROSAPIP1
PROSC
PROX1
PRPF18
PRPF19
PRPF3
PRPF31
PRPF38A
PRPF38B
PRPF39
PRPF4
PRPF40A
PRPF40B
PRPF4B
PRPF6
PRPF8
PRPH
PRPS1
PRPS1L1
PRPS2
PRPSAP1
PRPSAP2
PRR11
PRR13
PRR14
PRR15L
PRR19
PRR24
PRR3
PRR4
PRR5
PRR5L
PRR7
PRRC1
PRRG2
PRRG4
PRRT2
PRRT3
PRRX1
PRSS1
PRSS12
PRSS23
PRSS3
PRSS30P
PRSS35
PRSS48
PRSS50
PRTFDC1
PRTN3
PRUNE
PRUNE2
PRX
PSAP
PSAT1
PSCA
PSD
PSD2
PSD3
PSD4
PSEN1
PSEN2
PSENEN
PSG1
PSG10
PSG2
PSG4
PSG5
PSG9
PSIMCT-1
PSIP1
PSITPTE22
PSKH1
PSMA1
PSMA2
PSMA3
PSMA4
PSMA5
PSMA6
PSMA7
PSMA8
PSMB1
PSMB10
PSMB11
PSMB2
PSMB3
PSMB4
PSMB5
PSMB6
PSMB7
PSMB8
PSMB9
PSMC1
PSMC2
PSMC3
PSMC3IP
PSMC4
PSMC5
PSMC6
PSMD1
PSMD10
PSMD11
PSMD12
PSMD13
PSMD14
PSMD2
PSMD3
PSMD4
PSMD5
PSMD6
PSMD7
PSMD8
PSMD9
PSME1
PSME2
PSME3
PSME4
PSMF1
PSMG1
PSMG2
PSMG3
PSORS1C3
PSPC1
PSPH
PSPN
PSTPIP1
PTAFR
PTBP1
PTBP2
PTCD1
PTCD2
PTCD3
PTCH1
PTCH2
PTCHD2
PTDSS1
PTDSS2
PTEN
PTF1A
PTGDS
PTGER1
PTGER3
PTGER4
PTGES
PTGES2
PTGES3
PTGFRN
PTGIR
PTGIS
PTGS1
PTGS2
PTH
PTH1R
PTH2R
PTHLH
PTK2
PTK2B
PTK6
PTK7
PTMA
PTMS
PTN
PTOV1
PTP4A1
PTP4A2
PTP4A3
PTPDC1
PTPLAD1
PTPLB
PTPMT1
PTPN1
PTPN11
PTPN12
PTPN13
PTPN14
PTPN18
PTPN2
PTPN21
PTPN22
PTPN23
PTPN3
PTPN4
PTPN5
PTPN6
PTPN7
PTPN9
PTPRA
PTPRB
PTPRC
PTPRCAP
PTPRD
PTPRE
PTPRF
PTPRG
PTPRH
PTPRJ
PTPRK
PTPRM
PTPRN
PTPRN2
PTPRO
PTPRR
PTPRS
PTPRU
PTPRZ1
PTRF
PTRH1
PTRH2
PTS
PTTG1
PTTG1IP
PUF60
PUM1
PUM2
PURA
PURB
PURG
PUS1
PUS10
PUS7
PUSL1
PVR
PVRIG
PVRL1
PVRL2
PVRL3
PVRL4
PVT1
PWP1
PWP2
PWWP2A
PXK
PXMP2
PXMP4
PXN
PXT1
PYCARD
PYCR1
PYCR2
PYCRL
PYDC1
PYGB
PYGL
PYGM
PYGO1
PYGO2
PYHIN1
PYROXD1
PYROXD2
PYY
PZP
QARS
QDPR
QKI
QPCTL
QPRT
QRFP
QRFPR
QRICH1
QRICH2
QRSL1
QSOX2
QTRT1
QTRTD1
R3HCC1
R3HDM1
R3HDM2
RAB10
RAB11A
RAB11B
RAB11FIP1
RAB11FIP2
RAB11FIP3
RAB11FIP4
RAB11FIP5
RAB12
RAB13
RAB14
RAB15
RAB17
RAB18
RAB1A
RAB1B
RAB21
RAB22A
RAB23
RAB24
RAB25
RAB26
RAB27A
RAB27B
RAB2A
RAB2B
RAB30
RAB32
RAB33A
RAB33B
RAB34
RAB35
RAB36
RAB37
RAB38
RAB39
RAB3A
RAB3B
RAB3C
RAB3D
RAB3GAP1
RAB3GAP2
RAB3IL1
RAB3IP
RAB40C
RAB4A
RAB4B
RAB5A
RAB5B
RAB5C
RAB6A
RAB6B
RAB6IP1
RAB7A
RAB7L1
RAB8A
RAB8B
RAB9A
RABAC1
RABEP1
RABEP2
RABEPK
RABGAP1
RABGAP1L
RABGEF1
RABGGTA
RABGGTB
RABIF
RABL2B
RABL3
RAC1
RAC2
RAC3
RACGAP1
RAD1
RAD17
RAD18
RAD21
RAD23A
RAD23B
RAD50
RAD51
RAD51AP1
RAD51AP2
RAD51C
RAD51L1
RAD51L3
RAD52
RAD54B
RAD54L
RAD54L2
RAD9A
RAD9B
RADIL
RAE1
RAET1K
RAF1
RAG1
RAG1AP1
RAG2
RAGE
RAI1
RAI14
RAI2
RALA
RALB
RALBP1
RALGAPA1
RALGAPA2
RALGAPB
RALGDS
RALGPS1
RALGPS2
RALY
RALYL
RAMP1
RAMP2
RAMP3
RAN
RANBP1
RANBP10
RANBP2
RANBP3
RANBP6
RANBP9
RANGAP1
RANGRF
RAP1A
RAP1B
RAP1GAP
RAP1GAP2
RAP1GDS1
RAP2A
RAP2B
RAPGEF1
RAPGEF2
RAPGEF3
RAPGEF4
RAPGEF5
RAPGEF6
RAPH1
RAPSN
RARA
RARB
RARG
RARRES3
RARS
RARS2
RASA1
RASA2
RASA3
RASA4P
RASAL2
RASAL3
RASD1
RASD2
RASEF
RASGEF1C
RASGRF1
RASGRF2
RASGRP1
RASGRP2
RASGRP3
RASGRP4
RASIP1
RASL11B
RASSF1
RASSF2
RASSF4
RASSF5
RASSF7
RASSF8
RASSF9
RAVER1
RAX
RB1
RB1CC1
RBBP4
RBBP5
RBBP6
RBBP7
RBBP8
RBBP9
RBCK1
RBED1
RBKS
RBL1
RBL2
RBM10
RBM11
RBM12
RBM12B
RBM13
RBM14
RBM15
RBM15B
RBM16
RBM17
RBM18
RBM19
RBM22
RBM23
RBM25
RBM26
RBM27
RBM28
RBM3
RBM33
RBM34
RBM38
RBM39
RBM4
RBM41
RBM42
RBM43
RBM45
RBM47
RBM4B
RBM5
RBM6
RBM7
RBM8A
RBM9
RBMS1
RBMS2
RBMX
RBMXL2
RBMY1J
RBP1
RBP2
RBP4
RBP5
RBPJ
RBPJL
RBPMS
RBPMS2
RBX1
RC3H2
RCAN1
RCAN2
RCBTB1
RCBTB2
RCC1
RCC2
RCCD1
RCE1
RCHY1
RCL1
RCN1
RCN2
RCN3
RCOR1
RCOR2
RCOR3
RCSD1
RCVRN
RDBP
RDH11
RDH12
RDH13
RDH14
RDH5
RDX
REC8
RECQL
RECQL4
RECQL5
REEP5
REEP6
REG1B
REG3A
REL
RELA
RELB
RELL2
RELN
RELT
REM1
REN
RENBP
REP15
REPIN1
REPS1
REPS2
RER1
RERE
RERG
RESP18
REST
RET
RETSAT
REV1
REV3L
REXO1
REXO2
REXO4
RFC1
RFC2
RFC3
RFC4
RFC5
RFESD
RFFL
RFK
RFNG
RFPL2
RFT1
RFTN1
RFWD2
RFWD3
RFX1
RFX2
RFX3
RFX4
RFX5
RFX6
RFX7
RFXANK
RFXAP
RFXDC1
RG9MTD1
RG9MTD3
RGAG4
RGL1
RGL2
RGL4
RGMA
RGMB
RGN
RGNEF
RGP1
RGPD1
RGPD2
RGPD4
RGPD5
RGPD6
RGPD8
RGR
RGS1
RGS10
RGS11
RGS12
RGS14
RGS16
RGS17
RGS18
RGS19
RGS2
RGS20
RGS3
RGS4
RGS5
RGS6
RGS7
RGS9
RGS9BP
RHAG
RHBDD1
RHBDD3
RHBDF1
RHBDF2
RHBDL2
RHBG
RHCE
RHD
RHEB
RHEBL1
RHO
RHOA
RHOB
RHOBTB2
RHOBTB3
RHOC
RHOD
RHOF
RHOG
RHOH
RHOJ
RHOQ
RHOT1
RHOT2
RHOV
RHOXF1
RHOXF2
RHPN1
RHPN2
RIBC1
RIBC2
RIC3
RIC8A
RIC8B
RICH2
RICTOR
RIF1
RILP
RILPL2
RIMBP2
RIMKLB
RIMS1
RIMS2
RIMS3
RIN1
RIN2
RIN3
RING1
RINL
RINT1
RIOK1
RIOK2
RIOK3
RIPK1
RIPK2
RIPK3
RIPK4
RIPK5
RIPPLY2
RIT1
RIT2
RKHD2
RKHD3
RLBP1
RLF
RLIM
RLN3
RLTPR
RMI1
RMND1
RMND5B
RMRP
RN7SK
RNASE1
RNASE2
RNASE4
RNASE6
RNASE8
RNASEH2A
RNASEH2C
RNASEK
RNASEL
RNASEN
RNASET2
RND1
RND2
RND3
RNF10
RNF103
RNF11
RNF111
RNF112
RNF113A
RNF113B
RNF114
RNF115
RNF12
RNF121
RNF122
RNF123
RNF125
RNF126
RNF128
RNF13
RNF130
RNF133
RNF135
RNF138
RNF139
RNF14
RNF141
RNF144A
RNF144B
RNF146
RNF149
RNF150
RNF151
RNF152
RNF157
RNF160
RNF165
RNF166
RNF167
RNF168
RNF17
RNF170
RNF180
RNF181
RNF182
RNF183
RNF185
RNF186
RNF187
RNF19
RNF19A
RNF19B
RNF2
RNF20
RNF213
RNF215
RNF216
RNF216L
RNF219
RNF220
RNF24
RNF25
RNF26
RNF31
RNF32
RNF34
RNF38
RNF4
RNF40
RNF41
RNF43
RNF44
RNF5
RNF5P1
RNF6
RNF7
RNF8
RNFT1
RNFT2
RNGTT
RNH1
RNMT
RNMTL1
RNPC3
RNPEP
RNPS1
RNU1-4
RNU11
RNU12
RNU12-2P
RNU2-1
RNU4ATAC
RNU6ATAC
RNU86
RNUXA
ROBLD3
ROBO1
ROBO2
ROBO4
ROCK1
ROCK1P1
ROCK2
ROD1
ROGDI
ROM1
ROMO1
ROPN1
ROPN1L
ROR1
ROR2
RORA
RORB
RORC
ROS1
RP2
RP6-213H19.1
RP9
RP9P
RPA1
RPA2
RPA3
RPA4
RPAP1
RPAP2
RPAP3
RPE
RPE65
RPF1
RPF2
RPGR
RPGRIP1
RPGRIP1L
RPH3A
RPH3AL
RPIA
RPL10
RPL10A
RPL11
RPL12
RPL12P1
RPL13
RPL13A
RPL13AP20
RPL13AP5
RPL14
RPL15
RPL17
RPL18
RPL18A
RPL18AP3
RPL19
RPL21
RPL21P28
RPL21P97
RPL22
RPL22L1
RPL23
RPL23A
RPL23AP53
RPL24
RPL26
RPL26L1
RPL27
RPL27A
RPL28
RPL29
RPL3
RPL30
RPL31
RPL32
RPL32P3
RPL34
RPL35
RPL35A
RPL35P5
RPL36
RPL36A
RPL36AL
RPL37
RPL37A
RPL38
RPL3L
RPL4
RPL41
RPL4P5
RPL5
RPL6
RPL6P1
RPL7
RPL7A
RPL7L1
RPL8
RPL9
RPLP0
RPLP1
RPLP2
RPN1
RPN2
RPP14
RPP21
RPP25
RPP30
RPP38
RPP40
RPPH1
RPRD1B
RPRD2
RPRM
RPS10
RPS10P5
RPS10P7
RPS11
RPS12
RPS13
RPS14
RPS15
RPS15A
RPS16
RPS17
RPS18
RPS19
RPS19BP1
RPS1KL1
RPS2
RPS20
RPS21
RPS23
RPS24
RPS25
RPS26
RPS27
RPS27A
RPS27L
RPS28
RPS29
RPS3
RPS3A
RPS4X
RPS5
RPS6
RPS6KA1
RPS6KA2
RPS6KA3
RPS6KA4
RPS6KA5
RPS6KA6
RPS6KB1
RPS6KB2
RPS6KC1
RPS6KL1
RPS7
RPS8
RPS9
RPSA
RPSAP58
RPTN
RPTOR
RPUSD1
RPUSD3
RPUSD4
RQCD1
RRAD
RRAGA
RRAGB
RRAGC
RRAGD
RRAS
RRAS2
RRBP1
RREB1
RRM1
RRM2
RRM2B
RRN3
RRP1
RRP12
RRP15
RRP1B
RRP7A
RRP8
RRP9
RRS1
RS1
RSAD1
RSAD2
RSBN1
RSBN1L
RSF1
RSL1D1
RSL24D1
RSPH6A
RSPO1
RSPO2
RSPRY1
RSRC1
RSRC2
RSU1
RTBDN
RTCD1
RTDR1
RTEL1
RTF1
RTKN
RTKN2
RTN1
RTN2
RTN3
RTN4
RTN4IP1
RTN4R
RTP3
RTTN
RUFY1
RUFY2
RUFY3
RUFY4
RUNDC2A
RUNDC2C
RUNDC3A
RUNX1
RUNX1T1
RUNX2
RUNX3
RUSC1
RUSC2
RUVBL1
RUVBL2
RWDD1
RWDD2B
RWDD3
RWDD4A
RXFP2
RXFP3
RXFP4
RXRA
RXRB
RXRG
RYBP
RYK
RYR1
RYR2
RYR3
S100A1
S100A10
S100A11
S100A13
S100A14
S100A16
S100A2
S100A3
S100A4
S100A5
S100A6
S100A7
S100A8
S100A9
S100B
S100P
S100PBP
S100Z
S1PR1
S1PR2
S1PR3
S1PR4
S1PR5
SAA1
SAA2
SAA4
SAAL1
SAC3D1
SACM1L
SAE1
SAE2
SAFB
SAFB2
SAG
SALL1
SALL2
SALL4
SAMD10
SAMD11
SAMD3
SAMD4A
SAMD4B
SAMD9
SAMHD1
SAMM50
SAMSN1
SAP130
SAP18
SAP25
SAP30
SAP30BP
SAP30L
SAPS2
SAPS3
SAR1B
SARDH
SARM1
SARNP
SARS
SARS2
SART1
SART3
SASH1
SASH3
SASS6
SAT1
SAT2
SATB1
SATB2
SAV1
SBDS
SBF1
SBF2
SBK1
SBK2
SBNO2
SC4MOL
SC5DL
SC65
SCAF1
SCAI
SCAMP1
SCAMP2
SCAMP3
SCAMP4
SCAMP5
SCAND1
SCAND2
SCAND3
SCAP
SCARA5
SCARB1
SCARB2
SCARF2
SCARNA13
SCARNA16
SCARNA2
SCARNA20
SCARNA27
SCARNA9
SCC-112
SCD
SCD5
SCEL
SCFD1
SCFD2
SCG2
SCG3
SCG5
SCGB1A1
SCGB1C1
SCGB1D2
SCGB3A1
SCGB3A2
SCGN
SCHIP1
SCIN
SCLT1
SCLY
SCMH1
SCML1
SCML2
SCML4
SCN1A
SCN1B
SCN2A
SCN3A
SCN3B
SCN4A
SCN4B
SCN5A
SCN8A
SCNM1
SCNN1A
SCNN1B
SCNN1D
SCNN1G
SCO1
SCO2
SCOC
SCP2
SCRIB
SCRN1
SCRN2
SCRN3
SCRT1
SCRT2
SCT
SCTR
SCXA
SCYL1
SCYL2
SCYL3
SDAD1
SDC1
SDC2
SDC3
SDC4
SDCBP
SDCBP2
SDCCAG1
SDCCAG3
SDCCAG8
SDF2
SDF2L1
SDF4
SDHA
SDHAF1
SDHAF2
SDHAP1
SDHAP3
SDHB
SDHC
SDHD
SDPR
SDR16C5
SDR39U1
SDS
SDSL
SEBOX
SEC1
SEC11A
SEC11C
SEC13
SEC14L1
SEC14L2
SEC14L5
SEC16A
SEC16B
SEC22A
SEC22B
SEC23A
SEC23B
SEC23IP
SEC24A
SEC24B
SEC24C
SEC24D
SEC31A
SEC61A1
SEC61A2
SEC61B
SEC62
SEC63
SECISBP2
SECTM1
SEH1L
SEL1L
SEL1L3
SELE
SELENBP1
SELL
SELM
SELP
SELPLG
SELS
SELT
SELV
SEMA3A
SEMA3B
SEMA3C
SEMA3G
SEMA4A
SEMA4B
SEMA4C
SEMA4D
SEMA4G
SEMA6A
SEMA6B
SEMA7A
SEMG1
SEMG2
SENP1
SENP2
SENP3
SENP6
SENP7
SENP8
SEPHS1
SEPHS2
SEPP1
SEPT1
SEPT10
SEPT11
SEPT2
SEPT3
SEPT4
SEPT5
SEPT6
SEPT7
SEPT8
SEPT9
SEPW1
SERBP1
SERF2
SERGEF
SERHL
SERINC3
SERP1
SERP2
SERPINA1
SERPINA11
SERPINA3
SERPINA4
SERPINA5
SERPINA6
SERPINB1
SERPINB12
SERPINB2
SERPINB3
SERPINB4
SERPINB5
SERPINB6
SERPINB8
SERPINB9
SERPIND1
SERPINE1
SERPINE2
SERPINF2
SERPING1
SERPINH1
SERPINI1
SERPINI2
SERTAD1
SERTAD2
SERTAD3
SERTAD4
SESN1
SESN2
SET
SETBP1
SETD1A
SETD1B
SETD2
SETD3
SETD4
SETD5
SETD6
SETD7
SETD8
SETDB1
SETDB2
SETMAR
SETX
SEZ6
SEZ6L
SEZ6L2
SF1
SF3A1
SF3A2
SF3A3
SF3B1
SF3B14
SF3B2
SF3B3
SF3B4
SF3B5
SF4
SFI1
SFMBT1
SFN
SFPQ
SFRP1
SFRP2
SFRS1
SFRS10
SFRS11
SFRS12
SFRS12IP1
SFRS13A
SFRS14
SFRS15
SFRS16
SFRS17A
SFRS18
SFRS2
SFRS2B
SFRS2IP
SFRS3
SFRS4
SFRS5
SFRS6
SFRS7
SFRS8
SFRS9
SFT2D1
SFT2D2
SFTA3
SFTPA1
SFTPC
SFTPD
SFXN1
SFXN2
SFXN3
SFXN4
SGCA
SGCD
SGCE
SGCG
SGK
SGK1
SGK196
SGK2
SGK223
SGK3
SGMS1
SGMS2
SGOL1
SGOL2
SGPL1
SGPP1
SGPP2
SGSH
SGSM2
SGSM3
SGTA
SGTB
SH2B1
SH2B2
SH2B3
SH2D1A
SH2D1B
SH2D2A
SH2D3A
SH2D3C
SH2D4A
SH2D4B
SH2D6
SH3BGRL
SH3BGRL2
SH3BGRL3
SH3BP1
SH3BP2
SH3BP4
SH3BP5
SH3BP5L
SH3D19
SH3GL1
SH3GL2
SH3GL3
SH3GLB1
SH3GLB2
SH3KBP1
SH3PXD2A
SH3RF1
SH3RF2
SH3TC1
SH3TC2
SH3YL1
SHANK1
SHANK2
SHANK3
SHARPIN
SHB
SHC1
SHC2
SHC3
SHC4
SHCBP1
SHD
SHE
SHF
SHFM1
SHH
SHISA7
SHKBP1
SHMT1
SHMT2
SHOC2
SHOX
SHOX2
SHPK
SHPRH
SHQ1
SHROOM3
SI
SIAH1
SIAH1L
SIAH2
SIAHBP1
SIDT1
SIDT2
SIGIRR
SIGLEC10
SIGLEC11
SIGLEC12
SIGLEC5
SIGLEC6
SIGLECP3
SIGMAR1
SIK1
SIK2
SIK3
SIKE1
SIL1
SIM1
SIM2
SIN3A
SIN3B
SIP1
SIPA1
SIPA1L1
SIPA1L3
SIRPA
SIRPB1
SIRT1
SIRT2
SIRT3
SIRT4
SIRT5
SIRT6
SIRT7
SIT1
SIVA1
SIX1
SIX2
SIX3
SIX4
SIX5
SIX6
SKA1
SKA2
SKA3
SKAP1
SKAP2
SKI
SKIL
SKINTL
SKIV2L
SKIV2L2
SKP1
SKP2
SLA
SLA2
SLAIN2
SLAMF1
SLAMF6
SLBP
SLC10A2
SLC10A6
SLC11A2
SLC12A2
SLC12A3
SLC12A4
SLC12A5
SLC12A6
SLC12A9
SLC13A3
SLC13A5
SLC14A1
SLC15A3
SLC15A4
SLC16A1
SLC16A11
SLC16A13
SLC16A3
SLC16A4
SLC16A5
SLC16A6
SLC16A8
SLC17A1
SLC17A2
SLC17A5
SLC17A6
SLC17A9
SLC18A1
SLC18A3
SLC19A2
SLC1A1
SLC1A2
SLC1A3
SLC1A4
SLC1A5
SLC1A6
SLC22A1
SLC22A11
SLC22A12
SLC22A15
SLC22A24
SLC22A4
SLC22A5
SLC22A6
SLC22A7
SLC23A3
SLC24A1
SLC25A1
SLC25A10
SLC25A11
SLC25A12
SLC25A13
SLC25A14
SLC25A15
SLC25A17
SLC25A18
SLC25A19
SLC25A20
SLC25A21
SLC25A22
SLC25A24
SLC25A25
SLC25A27
SLC25A28
SLC25A3
SLC25A31
SLC25A32
SLC25A36
SLC25A37
SLC25A38
SLC25A4
SLC25A40
SLC25A42
SLC25A44
SLC25A45
SLC25A46
SLC25A5
SLC25A6
SLC26A1
SLC26A10
SLC26A2
SLC26A3
SLC26A8
SLC26A9
SLC27A1
SLC27A2
SLC27A4
SLC27A5
SLC27A6
SLC28A1
SLC29A1
SLC29A2
SLC29A3
SLC2A1
SLC2A10
SLC2A11
SLC2A2
SLC2A3
SLC2A4
SLC2A4RG
SLC2A5
SLC2A8
SLC2A9
SLC30A3
SLC30A5
SLC30A6
SLC30A7
SLC30A9
SLC31A2
SLC32A1
SLC33A1
SLC34A2
SLC34A3
SLC35A2
SLC35A3
SLC35A4
SLC35A5
SLC35B1
SLC35B2
SLC35B3
SLC35B4
SLC35C2
SLC35D1
SLC35D2
SLC35E1
SLC35E2
SLC35F5
SLC36A1
SLC36A4
SLC37A2
SLC37A3
SLC37A4
SLC38A1
SLC38A10
SLC38A2
SLC38A3
SLC38A7
SLC38A9
SLC39A1
SLC39A13
SLC39A14
SLC39A3
SLC39A4
SLC39A6
SLC39A7
SLC39A8
SLC39A9
SLC3A2
SLC40A1
SLC41A2
SLC43A3
SLC44A1
SLC44A2
SLC44A3
SLC45A3
SLC45A4
SLC46A3
SLC47A2
SLC48A1
SLC4A1
SLC4A1AP
SLC4A2
SLC4A3
SLC4A4
SLC4A7
SLC4A8
SLC4A9
SLC5A1
SLC5A6
SLC5A7
SLC6A1
SLC6A12
SLC6A18
SLC6A3
SLC6A4
SLC6A5
SLC6A9
SLC7A1
SLC7A11
SLC7A14
SLC7A2
SLC7A4
SLC7A5
SLC7A5P1
SLC7A5P2
SLC7A6
SLC7A7
SLC7A8
SLC8A1
SLC8A2
SLC9A1
SLC9A2
SLC9A3
SLC9A3R1
SLC9A3R2
SLC9A4
SLC9A5
SLC9A6
SLC9A7
SLC9A8
SLCO2B1
SLCO4C1
SLFN11
SLFN14
SLFN5
SLIT2
SLIT3
SLITRK1
SLITRK3
SLK
SLMAP
SLMO2
SLN
SLPI
SLTM
SLU7
SMAD1
SMAD2
SMAD3
SMAD4
SMAD5
SMAD6
SMAD7
SMAD9
SMAP1
SMAP1L
SMARCA1
SMARCA2
SMARCA4
SMARCA5
SMARCAD1
SMARCAL1
SMARCB1
SMARCC1
SMARCC2
SMARCD1
SMARCD2
SMARCD3
SMARCE1
SMC1A
SMC1B
SMC2
SMC3
SMC4
SMC5
SMC6
SMCHD1
SMCP
SMCR7
SMCR7L
SMCR8
SMEK1
SMEK2
SMG1
SMG5
SMG6
SMG7
SMN1
SMN2
SMNDC1
SMO
SMOC2
SMPD1
SMPD2
SMPD3
SMPD4
SMPDL3A
SMPX
SMS
SMTN
SMU1
SMUG1
SMURF1
SMURF2
SMYD2
SMYD3
SMYD4
SMYD5
SNAI1
SNAI2
SNAI3
SNAP23
SNAP23P
SNAP25
SNAP29
SNAP91
SNAPC1
SNAPC2
SNAPC3
SNAPC4
SNAPC5
SNAPIN
SNAR-F
SNAR-G1
SNAR-G2
SNCA
SNCAIP
SNCB
SNCG
SND1
SNF1LK
SNF1LK2
SNF8
SNFT
SNHG1
SNHG10
SNHG11
SNHG12
SNHG3
SNHG3-RCC1
SNHG4
SNHG5
SNHG6
SNHG7
SNHG9
SNIP1
SNORA1
SNORA10
SNORA11B
SNORA13
SNORA16A
SNORA18
SNORA20
SNORA25
SNORA29
SNORA3
SNORA31
SNORA32
SNORA33
SNORA36A
SNORA4
SNORA40
SNORA44
SNORA45
SNORA48
SNORA51
SNORA56
SNORA57
SNORA6
SNORA61
SNORA62
SNORA63
SNORA64
SNORA65
SNORA67
SNORA68
SNORA70
SNORA71D
SNORA75
SNORA76
SNORA78
SNORA7A
SNORA8
SNORA81
SNORD10
SNORD100
SNORD101
SNORD104
SNORD105
SNORD105B
SNORD114-20
SNORD114-21
SNORD114-22
SNORD114-24
SNORD114-25
SNORD114-26
SNORD114-27
SNORD114-28
SNORD116-1
SNORD116-10
SNORD116-11
SNORD116-12
SNORD116-13
SNORD116-14
SNORD116-15
SNORD116-16
SNORD116-2
SNORD116-3
SNORD116-4
SNORD116-5
SNORD116-6
SNORD116-7
SNORD116-8
SNORD116-9
SNORD12
SNORD124
SNORD12B
SNORD12C
SNORD17
SNORD1A
SNORD1B
SNORD1C
SNORD2
SNORD20
SNORD22
SNORD25
SNORD26
SNORD27
SNORD28
SNORD29
SNORD30
SNORD31
SNORD32A
SNORD33
SNORD34
SNORD35A
SNORD35B
SNORD36A
SNORD36C
SNORD37
SNORD42A
SNORD42B
SNORD43
SNORD44
SNORD45A
SNORD45B
SNORD45C
SNORD47
SNORD48
SNORD49A
SNORD49B
SNORD4A
SNORD4B
SNORD5
SNORD50A
SNORD50B
SNORD52
SNORD54
SNORD55
SNORD56
SNORD57
SNORD59A
SNORD59B
SNORD6
SNORD60
SNORD65
SNORD72
SNORD74
SNORD75
SNORD76
SNORD77
SNORD78
SNORD79
SNORD80
SNORD81
SNORD82
SNORD83A
SNORD83B
SNORD86
SNORD88A
SNORD88B
SNORD88C
SNORD95
SNORD96A
SNRK
SNRNP200
SNRNP25
SNRNP27
SNRNP35
SNRNP40
SNRNP48
SNRNP70
SNRP70
SNRPA
SNRPA1
SNRPB
SNRPB2
SNRPC
SNRPD1
SNRPD2
SNRPD2P1
SNRPD3
SNRPE
SNRPEL1
SNRPF
SNRPG
SNRPN
SNTA1
SNTB1
SNTB2
SNTG1
SNUPN
SNURF
SNW1
SNX1
SNX10
SNX12
SNX13
SNX14
SNX15
SNX16
SNX17
SNX18
SNX19
SNX2
SNX20
SNX22
SNX27
SNX3
SNX32
SNX4
SNX5
SNX6
SNX7
SNX8
SNX9
SOAT1
SOAT2
SOBP
SOCS1
SOCS2
SOCS3
SOCS4
SOCS5
SOCS6
SOCS7
SOD1
SOD2
SOHLH2
SOLH
SON
SORBS1
SORBS2
SORBS3
SORCS2
SORD
SORL1
SORT1
SOS1
SOS2
SOST
SOSTDC1
SOX1
SOX10
SOX12
SOX13
SOX14
SOX15
SOX17
SOX18
SOX2
SOX3
SOX30
SOX4
SOX5
SOX6
SOX8
SOX9
SP1
SP100
SP110
SP140
SP2
SP3
SP4
SP5
SP8
SP9
SPA17
SPAG1
SPAG16
SPAG4
SPAG5
SPAG7
SPAG8
SPAG9
SPARC
SPARCL1
SPAST
SPATA12
SPATA2
SPATA20
SPATA24
SPATA2L
SPATA3
SPATA5
SPATA5L1
SPATC1
SPATS2
SPATS2L
SPC24
SPC25
SPCS1
SPCS2
SPDEF
SPDYA
SPEF1
SPEF2
SPEG
SPEN
SPERT
SPG11
SPG20
SPG21
SPG7
SPHK1
SPHK2
SPI1
SPIB
SPIC
SPIN1
SPINK1
SPINK7
SPINT1
SPINT2
SPIRE1
SPIRE2
SPN
SPNS1
SPOCD1
SPOCK2
SPOCK3
SPOP
SPOPL
SPP1
SPPL2A
SPPL2B
SPPL3
SPR
SPRED1
SPRED2
SPRED3
SPRR2C
SPRY1
SPRY2
SPRY3
SPRY4
SPRYD3
SPRYD4
SPRYD5
SPSB1
SPSB2
SPSB3
SPSB4
SPTA1
SPTAN1
SPTB
SPTBN1
SPTBN2
SPTBN4
SPTLC1
SPTLC2
SPTLC3
SPTY2D1
SPZ1
SQLE
SQRDL
SQSTM1
SR140
SRA1
SRBD1
SRC
SRCAP
SRCIN1
SRD5A1
SRD5A3
SREBF1
SREBF2
SRF
SRFBP1
SRGAP1
SRGAP2
SRGN
SRI
SRM
SRP14
SRP19
SRP54
SRP68
SRP72
SRP9
SRPK1
SRPK2
SRPR
SRPRB
SRPX
SRR
SRRM1
SRRM2
SRRM3
SRRM4
SRRT
SRSF1
SRSF10
SRSF11
SRSF2
SRSF2IP
SRSF3
SRSF4
SRSF5
SRSF6
SRSF7
SRSF9
SRXN1
SRY
SS18
SS18L1
SS18L2
SSB
SSBP1
SSBP2
SSBP3
SSBP4
SSFA2
SSH1
SSH2
SSH3
SSNA1
SSPN
SSR1
SSR2
SSR3
SSR4
SSRP1
SSSCA1
SST
SSTR1
SSTR2
SSTR3
SSTR4
SSTR5
SSU72
SSX1
SSX2
SSX2IP
SSX3
SSX4
SSX5
ST13
ST14
ST18
ST20
ST3GAL1
ST3GAL2
ST3GAL3
ST3GAL5
ST3GAL6
ST5
ST6GAL1
ST6GALNAC1
ST6GALNAC2
ST6GALNAC6
ST7
ST7L
ST8SIA2
ST8SIA3
ST8SIA4
STAB1
STAB2
STAC3
STAG1
STAG2
STAG3
STAG3L4
STAM
STAM2
STAMBP
STAMBPL1
STAP1
STAP2
STAR
STARD10
STARD13
STARD3
STARD4
STARD7
STARD8
STARD9
STAT1
STAT2
STAT3
STAT4
STAT5A
STAT5B
STAT6
STATH
STAU1
STAU2
STBD1
STC1
STC2
STEAP1
STEAP2
STEAP3
STEAP4
STIL
STIM1
STIM2
STIP1
STK10
STK11
STK11IP
STK16
STK17A
STK17B
STK19
STK24
STK25
STK3
STK31
STK32A
STK32B
STK32C
STK33
STK35
STK36
STK38
STK38L
STK39
STK4
STK40
STMN1
STMN2
STMN3
STMN4
STOM
STOML1
STOML2
STON1
STON2
STRA13
STRA6
STRADA
STRADB
STRAP
STRBP
STRN
STRN3
STRN4
STS
STT3A
STUB1
STX10
STX11
STX12
STX16
STX17
STX18
STX1A
STX1B
STX2
STX3
STX4
STX5
STX6
STX7
STX8
STXBP1
STXBP2
STXBP3
STXBP4
STXBP5
STXBP5L
STXBP6
STYK1
STYXL1
SUB1
SUCLA2
SUCLG1
SUCLG2
SUDS3
SUFU
SUGT1
SUHW1
SUHW2
SUHW3
SUHW4
SULF2
SULT1A1
SULT1A2
SULT1A3.1
SULT1B1
SULT1C2
SULT1E1
SULT2A1
SULT2B1
SULT4A1
SUMF1
SUMF2
SUMO1
SUMO1P1
SUMO2
SUMO3
SUMO4
SUN2
SUN5
SUOX
SUPT16H
SUPT3H
SUPT4H1
SUPT5H
SUPT6H
SUPT7L
SUPV3L1
SURB7
SURF2
SURF4
SURF6
SUSD2
SUV39H1
SUV39H2
SUV420H1
SUV420H2
SUZ12
SV2B
SV2C
SVIL
SVIP
SVOP
SWAP70
SYBU
SYCE2
SYCP2
SYCP3
SYDE2
SYF2
SYK
SYMPK
SYN1
SYN2
SYN3
SYNC
SYNCRIP
SYNE1
SYNE2
SYNGAP1
SYNGR4
SYNJ1
SYNJ2
SYNJ2BP
SYNM
SYNPO
SYNPO2
SYNRG
SYP
SYPL1
SYS1
SYS1-DBNDD2
SYT1
SYT11
SYT13
SYT14
SYT15
SYT16
SYT17
SYT2
SYT3
SYT4
SYT5
SYT7
SYT8
SYT9
SYTL1
SYTL2
SYTL3
SYTL4
SYTL5
SYVN1
TAB1
TAB2
TAB3
TAC1
TAC3
TAC4
TACC1
TACC2
TACC3
TACO1
TACR1
TACR2
TACR3
TACSTD2
TADA1
TADA2A
TADA2B
TADA2L
TADA3
TADA3L
TAF1
TAF10
TAF11
TAF12
TAF13
TAF15
TAF1A
TAF1B
TAF1C
TAF1D
TAF1L
TAF2
TAF3
TAF4
TAF4B
TAF5
TAF5L
TAF6
TAF6L
TAF7
TAF7L
TAF8
TAF9
TAF9B
TAG
TAGLN
TAGLN2
TAL1
TAL2
TALDO1
TANK
TAOK1
TAOK2
TAOK3
TAP1
TAP2
TAPBP
TAPBPL
TARBP1
TARBP2
TARDBP
TARS
TARS2
TAS1R1
TAS1R2
TAS1R3
TAS2R13
TAS2R40
TAS2R5
TASP1
TAT
TATDN1
TATDN2
TATDN3
TAX1BP1
TAX1BP3
TAZ
TBC1D1
TBC1D10A
TBC1D10B
TBC1D14
TBC1D15
TBC1D17
TBC1D2
TBC1D20
TBC1D22A
TBC1D22B
TBC1D25
TBC1D2B
TBC1D3F
TBC1D4
TBC1D5
TBC1D7
TBC1D8
TBC1D9
TBCB
TBCC
TBCCD1
TBCD
TBK1
TBKBP1
TBL1X
TBL1XR1
TBL2
TBL3
TBP
TBPL1
TBPL2
TBR1
TBRG1
TBRG4
TBX1
TBX10
TBX15
TBX19
TBX2
TBX20
TBX21
TBX22
TBX3
TBX4
TBX5
TBX6
TBXA2R
TBXAS1
TCAM1P
TCAP
TCEA1
TCEA2
TCEAL1
TCEAL2
TCEAL4
TCEAL6
TCEANC
TCEB1
TCEB2
TCEB3
TCEB3B
TCEB3C
TCERG1
TCF12
TCF19
TCF2
TCF20
TCF21
TCF23
TCF25
TCF3
TCF4
TCF7
TCF7L1
TCF7L2
TCFL5
TCHH
TCHP
TCL1A
TCL1B
TCN2
TCOF1
TCP1
TCP10L
TCP11
TCP11L1
TCP11L2
TCTA
TCTE3
TCTEX1D2
TCTEX1D4
TCTN3
TDG
TDGF1
TDH
TDO2
TDP1
TDP2
TDRD1
TDRD10
TDRD3
TDRD6
TDRD7
TDRG1
TDRKH
TEAD1
TEAD2
TEAD3
TEAD4
TEC
TECPR1
TECPR2
TECR
TEF
TEK
TEKT1
TEKT4
TELO2
TENC1
TENR
TEP1
TEPP
TERC
TERF1
TERF2
TERF2IP
TERT
TES
TESC
TESK1
TESK2
TET2
TEX10
TEX11
TEX14
TEX19
TEX2
TEX261
TEX28
TEX9
TF
TFAM
TFAP2A
TFAP2B
TFAP2C
TFAP2D
TFAP2E
TFAP4
TFB1M
TFB2M
TFCP2
TFCP2L1
TFDP1
TFDP2
TFE3
TFEB
TFEC
TFF1
TFF2
TFG
TFIP11
TFPI
TFPT
TFR2
TFRC
TG
TGFA
TGFB1
TGFB1I1
TGFB2
TGFB3
TGFBI
TGFBR1
TGFBR2
TGFBR3
TGFBRAP1
TGIF1
TGIF2
TGIF2LX
TGIF2LY
TGM1
TGM2
TGM3
TGOLN2
TGS1
TH
TH1L
THADA
THAP1
THAP10
THAP11
THAP2
THAP3
THAP4
THAP5
THAP6
THAP7
THAP8
THBD
THBS1
THBS2
THEG
THEM4
THEX1
THG1L
THNSL1
THNSL2
THOC1
THOC3
THOC4
THOC5
THOC6
THOC7
THOP1
THPO
THRA
THRAP3
THRAP5
THRB
THSD1P1
THTPA
THUMPD1
THUMPD2
THUMPD3
THY1
THYN1
TIA1
TIAF1
TIAL1
TIAM1
TICAM1
TICAM2
TIE1
TIFA
TIGD1
TIGD2
TIGD3
TIGD4
TIGD5
TIGD6
TIMELESS
TIMM10
TIMM13
TIMM16
TIMM17A
TIMM17B
TIMM22
TIMM23
TIMM44
TIMM50
TIMM8A
TIMM8B
TIMM9
TIMP1
TIMP2
TIMP3
TIMP4
TINAGL1
TINF2
TIPARP
TIPIN
TIPRL
TIRAP
TJAP1
TJP1
TJP2
TJP3
TK1
TK2
TKT
TKTL1
TKTL2
TLCD1
TLE1
TLE2
TLE3
TLE4
TLK1
TLK2
TLN1
TLN2
TLR1
TLR10
TLR2
TLR3
TLR4
TLR5
TLR6
TLR8
TLR9
TLX1
TLX1NB
TLX2
TLX3
TM2D2
TM2D3
TM4SF1
TM4SF18
TM4SF20
TM7SF2
TM7SF3
TM9SF1
TM9SF2
TM9SF4
TMBIM1
TMBIM4
TMBIM6
TMC4
TMC6
TMC7
TMC8
TMCC1
TMCC2
TMCO1
TMCO3
TMCO6
TMCO7
TMED1
TMED10
TMED2
TMED3
TMED4
TMEM101
TMEM102
TMEM104
TMEM106C
TMEM107
TMEM108
TMEM109
TMEM11
TMEM111
TMEM114
TMEM115
TMEM116
TMEM120A
TMEM123
TMEM125
TMEM127
TMEM129
TMEM130
TMEM131
TMEM132A
TMEM132D
TMEM134
TMEM135
TMEM138
TMEM140
TMEM141
TMEM143
TMEM145
TMEM146
TMEM147
TMEM14A
TMEM14C
TMEM150A
TMEM151A
TMEM156
TMEM159
TMEM160
TMEM161A
TMEM164
TMEM165
TMEM167A
TMEM167B
TMEM168
TMEM169
TMEM170A
TMEM173
TMEM177
TMEM179
TMEM179B
TMEM18
TMEM180
TMEM181
TMEM183A
TMEM183B
TMEM184A
TMEM184C
TMEM185B
TMEM186
TMEM187
TMEM188
TMEM189
TMEM189-UBE2V1
TMEM19
TMEM191A
TMEM194A
TMEM196
TMEM198
TMEM199
TMEM2
TMEM201
TMEM203
TMEM205
TMEM206
TMEM208
TMEM209
TMEM212
TMEM214
TMEM216
TMEM217
TMEM222
TMEM25
TMEM26
TMEM30A
TMEM33
TMEM37
TMEM38B
TMEM39A
TMEM39B
TMEM40
TMEM41B
TMEM42
TMEM43
TMEM44
TMEM45A
TMEM45B
TMEM48
TMEM49
TMEM50A
TMEM50B
TMEM51
TMEM52
TMEM53
TMEM55A
TMEM55B
TMEM56
TMEM57
TMEM59
TMEM59L
TMEM60
TMEM62
TMEM63B
TMEM66
TMEM69
TMEM79
TMEM80
TMEM85
TMEM87B
TMEM88
TMEM9
TMEM90A
TMEM91
TMEM92
TMEM93
TMEM97
TMEM99
TMEM9B
TMF1
TMIGD2
TMLHE
TMOD1
TMOD3
TMOD4
TMPO
TMPPE
TMPRSS11D
TMPRSS13
TMPRSS3
TMSB10
TMSB4X
TMSB4Y
TMSL3
TMTC1
TMTC3
TMTC4
TMUB1
TMX1
TMX2
TMX3
TMX4
TNC
TNF
TNFAIP1
TNFAIP3
TNFAIP6
TNFAIP8
TNFAIP8L1
TNFAIP8L2
TNFRSF10A
TNFRSF10B
TNFRSF10C
TNFRSF10D
TNFRSF11A
TNFRSF11B
TNFRSF12A
TNFRSF13B
TNFRSF13C
TNFRSF14
TNFRSF17
TNFRSF18
TNFRSF19
TNFRSF1A
TNFRSF1B
TNFRSF21
TNFRSF25
TNFRSF4
TNFRSF6B
TNFRSF8
TNFRSF9
TNFSF10
TNFSF11
TNFSF13
TNFSF13B
TNFSF14
TNFSF15
TNFSF8
TNFSF9
TNIK
TNIP1
TNIP2
TNIP3
TNK1
TNK2
TNKS
TNKS1BP1
TNKS2
TNN
TNNC1
TNNI1
TNNI2
TNNI3
TNNI3K
TNNT1
TNNT2
TNNT3
TNP1
TNP2
TNPO1
TNPO2
TNPO3
TNR
TNRC18
TNRC5
TNRC6A
TNRC6B
TNS1
TNS4
TOB1
TOB2
TOE1
TOLLIP
TOM1
TOM1L1
TOM1L2
TOMM20
TOMM22
TOMM34
TOMM40
TOMM40L
TOMM5
TOMM6
TOMM70A
TOP1
TOP2A
TOP2B
TOP3A
TOP3B
TOPBP1
TOPORS
TOR1A
TOR1AIP1
TOR1AIP2
TOR1B
TOR2A
TOX
TOX2
TOX4
TP53
TP53AIP1
TP53BP1
TP53BP2
TP53I3
TP53INP1
TP53INP2
TP53RK
TP63
TP73
TPBG
TPCN1
TPCN2
TPD52
TPD52L1
TPD52L2
TPD52L3
TPH1
TPH2
TPI1
TPI1P2
TPK1
TPM1
TPM2
TPM3
TPM4
TPO
TPP1
TPP2
TPPP
TPR
TPRA1
TPRG1L
TPRKB
TPRN
TPSAB1
TPSD1
TPST1
TPT1
TPX2
TRA2A
TRA2B
TRA@
TRABD
TRADD
TRAF1
TRAF2
TRAF3
TRAF3IP1
TRAF3IP2
TRAF3IP3
TRAF4
TRAF5
TRAF6
TRAF7
TRAFD1
TRAIP
TRAK1
TRAK2
TRAM1
TRAM2
TRANK1
TRAP1
TRAPPC1
TRAPPC10
TRAPPC2
TRAPPC2L
TRAPPC2P1
TRAPPC3
TRAPPC4
TRAPPC5
TRAPPC6A
TRAPPC6B
TRAPPC9
TRAT1
TRB@
TRBV2
TRDMT1
TRDN
TREH
TREM1
TREML1
TRERF1
TREX1
TREX2
TRFP
TRIAD3
TRIAP1
TRIB1
TRIB2
TRIB3
TRIL
TRIM10
TRIM11
TRIM13
TRIM14
TRIM15
TRIM16
TRIM17
TRIM2
TRIM21
TRIM22
TRIM23
TRIM24
TRIM25
TRIM26
TRIM27
TRIM28
TRIM29
TRIM3
TRIM31
TRIM32
TRIM33
TRIM34
TRIM35
TRIM36
TRIM37
TRIM38
TRIM39
TRIM40
TRIM41
TRIM43
TRIM44
TRIM46
TRIM47
TRIM48
TRIM5
TRIM52
TRIM54
TRIM55
TRIM56
TRIM58
TRIM59
TRIM6
TRIM6-TRIM34
TRIM61
TRIM62
TRIM63
TRIM65
TRIM67
TRIM68
TRIM69
TRIM7
TRIM71
TRIM72
TRIM74
TRIM8
TRIM9
TRIML2
TRIO
TRIOBP
TRIP10
TRIP11
TRIP12
TRIP13
TRIP4
TRIP6
TRIT1
TRMT1
TRMT11
TRMT112
TRMT12
TRMT2A
TRMT6
TRMT61A
TRMT61B
TRMU
TRNAG1
TRNAN1
TRNAS2
TRNP1
TRNT1
TRO
TROAP
TROVE2
TRPA1
TRPC1
TRPC2
TRPC3
TRPC4
TRPC4AP
TRPC5
TRPC6
TRPC7
TRPM2
TRPM5
TRPM7
TRPT1
TRPV1
TRPV2
TRPV3
TRPV4
TRPV5
TRPV6
TRRAP
TRSPAP1
TRUB1
TRUB2
TSC1
TSC2
TSC22D1
TSC22D3
TSC22D4
TSEN15
TSEN2
TSEN34
TSEN54
TSFM
TSG101
TSGA10
TSHR
TSHZ1
TSHZ2
TSHZ3
TSKS
TSLP
TSN
TSNAX
TSNAX-DISC1
TSNAXIP1
TSPAN12
TSPAN17
TSPAN2
TSPAN3
TSPAN31
TSPAN32
TSPAN4
TSPAN6
TSPAN7
TSPAN8
TSPO
TSPO2
TSPY1
TSPYL1
TSPYL2
TSPYL3
TSPYL4
TSPYL5
TSPYL6
TSR1
TSR2
TSSC1
TSSC4
TSSK1B
TSSK2
TSSK3
TSSK4
TSSK6
TST
TSTA3
TSTD1
TTBK1
TTBK2
TTC1
TTC12
TTC13
TTC14
TTC15
TTC16
TTC17
TTC18
TTC19
TTC21A
TTC22
TTC23L
TTC24
TTC25
TTC27
TTC28
TTC3
TTC30A
TTC31
TTC32
TTC33
TTC35
TTC37
TTC39B
TTC4
TTC5
TTC9B
TTC9C
TTF1
TTF2
TTI1
TTK
TTLL1
TTLL11
TTLL12
TTLL5
TTN
TTPA
TTPAL
TTR
TTRAP
TTYH2
TTYH3
TUB
TUBA1A
TUBA1B
TUBA1C
TUBA3C
TUBA3E
TUBA4A
TUBA8
TUBB
TUBB1
TUBB2A
TUBB2B
TUBB2C
TUBB3
TUBB4
TUBB4Q
TUBB6
TUBB8
TUBBP5
TUBD1
TUBG1
TUBG2
TUBGCP2
TUBGCP3
TUBGCP4
TUBGCP5
TUFM
TUFT1
TUG1
TULP1
TULP2
TULP3
TULP4
TUSC1
TUSC2
TUSC3
TUSC4
TUT1
TWF2
TWIST1
TWIST2
TWISTNB
TWSG1
TXK
TXLNA
TXLNB
TXLNG
TXN
TXN2
TXNDC11
TXNDC12
TXNDC15
TXNDC16
TXNDC17
TXNDC2
TXNDC5
TXNDC9
TXNIP
TXNL1
TXNL4A
TXNL4B
TXNRD1
TXNRD2
TYK2
TYMP
TYMS
TYR
TYRO3
TYROBP
TYRP1
TYSND1
TYW1
TYW3
U2AF1
U2AF1L4
U2AF2
UACA
UAP1
UBA1
UBA2
UBA3
UBA5
UBA52
UBA6
UBA7
UBAC1
UBAC2
UBAP2
UBAP2L
UBASH3A
UBASH3B
UBB
UBC
UBD
UBE2A
UBE2B
UBE2C
UBE2CBP
UBE2D1
UBE2D2
UBE2D3
UBE2D4
UBE2DNL
UBE2E1
UBE2E2
UBE2E3
UBE2F
UBE2G1
UBE2G2
UBE2H
UBE2I
UBE2J1
UBE2J2
UBE2K
UBE2L1
UBE2L3
UBE2L6
UBE2M
UBE2N
UBE2NL
UBE2O
UBE2Q1
UBE2Q2
UBE2Q2P1
UBE2R2
UBE2S
UBE2T
UBE2U
UBE2V1
UBE2V2
UBE2W
UBE2Z
UBE3A
UBE3B
UBE3C
UBE4A
UBE4B
UBFD1
UBIAD1
UBL4A
UBL4B
UBL5
UBL7
UBLCP1
UBN2
UBOX5
UBP1
UBQLN1
UBQLN2
UBQLN4
UBR1
UBR2
UBR3
UBR4
UBR5
UBR7
UBTD1
UBTD2
UBTF
UBXN1
UBXN10
UBXN11
UBXN2A
UBXN2B
UBXN4
UBXN6
UBXN7
UBXN8
UCA1
UCHL1
UCHL3
UCHL5
UCK1
UCK2
UCKL1
UCN
UCN3
UCP1
UCP2
UCP3
UEVLD
UFC1
UFD1L
UFM1
UFSP1
UFSP2
UGCG
UGDH
UGGT1
UGGT2
UGP1
UGP2
UGT1A1
UGT1A10
UGT1A4
UGT1A5
UGT1A7
UGT1A8
UGT1A9
UGT2A1
UGT2A3
UGT2B10
UGT2B15
UGT2B17
UGT2B28
UGT2B4
UGT2B7
UGT8
UHMK1
UHRF1
UHRF1BP1
UHRF2
UIMC1
ULBP2
ULK1
ULK2
ULK3
ULK4
UMOD
UMODL1
UMPS
UNC119
UNC13A
UNC13B
UNC13D
UNC45A
UNC45B
UNC50
UNC5A
UNC5B
UNC5CL
UNC80
UNC93A
UNC93B1
UNCX
UNG
UNK
UNKL
UPB1
UPF1
UPF2
UPF3A
UPF3B
UPK1A
UPK1B
UPK2
UPK3A
UPP1
UPP2
UPRT
UQCC
UQCR10
UQCRB
UQCRC1
UQCRC2
UQCRH
UQCRHL
UQCRQ
URB1
URB2
URGCP
URM1
UROC1
UROD
UROS
USE1
USF1
USF2
USH1C
USHBP1
USMG5
USO1
USP1
USP10
USP11
USP12
USP12P1
USP13
USP14
USP15
USP16
USP17
USP17L2
USP17L7
USP18
USP19
USP2
USP20
USP21
USP22
USP25
USP26
USP27X
USP28
USP29
USP3
USP30
USP31
USP32
USP33
USP34
USP35
USP36
USP37
USP38
USP39
USP4
USP41
USP42
USP43
USP44
USP45
USP46
USP47
USP48
USP49
USP5
USP50
USP53
USP6
USP6NL
USP7
USP8
USP9X
USP9Y
USPL1
UTF1
UTP11L
UTP14A
UTP14C
UTP18
UTP20
UTP23
UTP3
UTP6
UTRN
UTS2D
UTS2R
UTY
UVRAG
UXS1
UXT
VAC14
VAMP1
VAMP2
VAMP3
VAMP4
VAMP5
VAMP7
VAMP8
VANGL1
VANGL2
VAPA
VAPB
VARS
VARS2
VARSL.5
VASH1
VASN
VASP
VAT1
VAV1
VAV2
VAV3
VAX1
VAX2
VBP1
VCAM1
VCAN
VCL
VCP
VCPIP1
VCX3A
VCY
VDAC1
VDAC2
VDAC3
VDR
VEGFA
VEGFB
VEGFC
VENTX
VEPH1
VEZF1
VEZT
VGF
VGLL1
VGLL2
VGLL3
VGLL4
VHL
VHLL
VIL1
VILL
VIM
VIP
VIPAR
VIPR1
VKORC1
VLDLR
VMAC
VNN1
VNN2
VNN3
VPRBP
VPS11
VPS13A
VPS13B
VPS13C
VPS13D
VPS16
VPS18
VPS24
VPS25
VPS26A
VPS26B
VPS28
VPS29
VPS33A
VPS33B
VPS35
VPS36
VPS37A
VPS37B
VPS37C
VPS37D
VPS39
VPS41
VPS45
VPS4A
VPS4B
VPS52
VPS53
VPS54
VPS72
VPS8
VRK1
VRK2
VRK3
VSIG2
VSIG8
VSNL1
VSTM2B
VSTM2L
VSX1
VSX2
VTA1
VTI1A
VTI1B
VTN
VTNR
VTRNA1-1
VTRNA1-2
VTRNA1-3
VWA3B
VWA5A
VWA5B2
VWC2L
VWF
WAC
WAPAL
WARS
WARS2
WAS
WASF1
WASF2
WASF3
WASH1
WASH2P
WASL
WBP1
WBP11
WBP2
WBP4
WBP5
WBSCR16
WBSCR22
WBSCR26
WBSCR28
WDFY4
WDHD1
WDR1
WDR11
WDR12
WDR13
WDR17
WDR18
WDR20
WDR24
WDR25
WDR26
WDR27
WDR3
WDR33
WDR34
WDR35
WDR36
WDR37
WDR38
WDR4
WDR41
WDR43
WDR44
WDR45
WDR45L
WDR46
WDR47
WDR48
WDR5
WDR53
WDR55
WDR57
WDR59
WDR5B
WDR6
WDR60
WDR61
WDR62
WDR65
WDR66
WDR67
WDR69
WDR7
WDR70
WDR73
WDR74
WDR75
WDR76
WDR77
WDR8
WDR81
WDR82
WDR82P1
WDR83
WDR85
WDR87
WDR88
WDR89
WDR90
WDR91
WDR92
WDTC1
WDYHV1
WEE1
WFDC10A
WFDC2
WFDC3
WFDC5
WFS1
WG
WHAMM
WHSC1
WHSC1L1
WHSC2
WIBG
WIF1
WIPF1
WIPF2
WIPF3
WIPI1
WIPI2
WISP1
WISP2
WIT1
WIZ
WNK1
WNK2
WNK4
WNT1
WNT10A
WNT10B
WNT11
WNT16
WNT2
WNT2B
WNT3A
WNT4
WNT5A
WNT5B
WNT6
WNT7A
WNT7B
WNT8A
WNT9A
WNT9B
WRAP53
WRN
WRNIP1
WSB1
WSB2
WT1
WTAP
WTIP
WWC1
WWC2
WWOX
WWP1
WWP2
WWTR1
XAB2
XAF1
XAGE2
XBP1
XDH
XG
XIAP
XIRP2
XIST
XK
XKR4
XKR7
XKR8
XKR9
XKRY
XPA
XPC
XPNPEP1
XPNPEP3
XPO1
XPO4
XPO5
XPO6
XPO7
XPOT
XPR1
XRCC1
XRCC2
XRCC3
XRCC4
XRCC5
XRCC6
XRCC6BP1
XRN1
XRN2
XYLB
YAF2
YAP1
YARS
YARS2
YBX1
YBX2
YDJC
YEATS4
YES1
YIF1A
YIF1B
YIPF1
YIPF2
YIPF3
YIPF4
YIPF5
YIPF6
YKT6
YLPM1
YME1L1
YOD1
YPEL1
YPEL3
YPEL4
YRDC
YTHDC1
YTHDC2
YTHDF1
YTHDF2
YTHDF3
YWHAB
YWHAE
YWHAG
YWHAH
YWHAQ
YWHAZ
YY1
YY1AP1
ZAK
ZAP70
ZBBX
ZBED1
ZBED2
ZBED3
ZBED5
ZBP1
ZBTB1
ZBTB11
ZBTB12
ZBTB16
ZBTB17
ZBTB2
ZBTB20
ZBTB22
ZBTB24
ZBTB25
ZBTB26
ZBTB3
ZBTB32
ZBTB33
ZBTB34
ZBTB37
ZBTB38
ZBTB39
ZBTB4
ZBTB40
ZBTB42
ZBTB43
ZBTB44
ZBTB45
ZBTB46
ZBTB47
ZBTB48
ZBTB5
ZBTB6
ZBTB7A
ZBTB7B
ZBTB8A
ZBTB8OS
ZBTB9
ZC3H10
ZC3H11A
ZC3H12A
ZC3H12C
ZC3H12D
ZC3H13
ZC3H14
ZC3H18
ZC3H3
ZC3H4
ZC3H6
ZC3H7A
ZC3H8
ZC3HAV1
ZC3HAV1L
ZC3HC1
ZC4H2
ZCCHC10
ZCCHC11
ZCCHC12
ZCCHC14
ZCCHC17
ZCCHC2
ZCCHC3
ZCCHC4
ZCCHC7
ZCCHC8
ZCCHC9
ZCRB1
ZCWPW1
ZDHHC1
ZDHHC11
ZDHHC12
ZDHHC14
ZDHHC16
ZDHHC17
ZDHHC19
ZDHHC2
ZDHHC21
ZDHHC23
ZDHHC3
ZDHHC4
ZDHHC5
ZDHHC6
ZDHHC7
ZDHHC8
ZEB1
ZEB2
ZFAND2A
ZFAND2B
ZFAND3
ZFAND5
ZFAND6
ZFATAS
ZFC3H1
ZFHX3
ZFP106
ZFP112
ZFP161
ZFP185
ZFP2
ZFP251
ZFP282
ZFP3
ZFP30
ZFP36
ZFP36L1
ZFP36L2
ZFP37
ZFP42
ZFP516
ZFP617
ZFP62
ZFP64
ZFP811
ZFP90
ZFP91
ZFP91-CNTF
ZFP92
ZFPL1
ZFPM1
ZFPM2
ZFR
ZFY
ZFYVE1
ZFYVE16
ZFYVE19
ZFYVE20
ZFYVE21
ZFYVE26
ZFYVE27
ZFYVE28
ZFYVE9
ZG16B
ZGPAT
ZHX1
ZHX2
ZHX3
ZIC1
ZIC2
ZIC3
ZIC4
ZIK1
ZIM2
ZKSCAN1
ZKSCAN3
ZKSCAN4
ZKSCAN5
ZMAT2
ZMAT3
ZMAT4
ZMAT5
ZMIZ1
ZMIZ2
ZMPSTE24
ZMYM2
ZMYM3
ZMYM4
ZMYM5
ZMYM6
ZMYND10
ZMYND11
ZMYND19
ZMYND8
ZNF10
ZNF101
ZNF107
ZNF114
ZNF117
ZNF12
ZNF121
ZNF131
ZNF133
ZNF134
ZNF136
ZNF137
ZNF138
ZNF140
ZNF141
ZNF142
ZNF143
ZNF148
ZNF155
ZNF16
ZNF160
ZNF165
ZNF167
ZNF169
ZNF174
ZNF175
ZNF177
ZNF179
ZNF180
ZNF184
ZNF185
ZNF187
ZNF189
ZNF192
ZNF193
ZNF195
ZNF197
ZNF20
ZNF200
ZNF202
ZNF205
ZNF207
ZNF212
ZNF213
ZNF217
ZNF219
ZNF22
ZNF221
ZNF223
ZNF224
ZNF225
ZNF226
ZNF227
ZNF23
ZNF230
ZNF232
ZNF233
ZNF235
ZNF238
ZNF239
ZNF24
ZNF248
ZNF25
ZNF250
ZNF251
ZNF252
ZNF253
ZNF259
ZNF26
ZNF260
ZNF263
ZNF266
ZNF267
ZNF271
ZNF273
ZNF274
ZNF276
ZNF277
ZNF28
ZNF280A
ZNF280B
ZNF280D
ZNF281
ZNF286A
ZNF289
ZNF291
ZNF292
ZNF295
ZNF296
ZNF3
ZNF300
ZNF302
ZNF313
ZNF317
ZNF318
ZNF319
ZNF32
ZNF321
ZNF323
ZNF326
ZNF331
ZNF333
ZNF334
ZNF335
ZNF337
ZNF33A
ZNF33B
ZNF34
ZNF341
ZNF342
ZNF343
ZNF345
ZNF346
ZNF347
ZNF35
ZNF350
ZNF354A
ZNF354B
ZNF354C
ZNF358
ZNF364
ZNF365
ZNF367
ZNF37A
ZNF37B
ZNF382
ZNF383
ZNF384
ZNF385
ZNF385A
ZNF385B
ZNF389
ZNF394
ZNF395
ZNF396
ZNF397
ZNF397OS
ZNF398
ZNF407
ZNF408
ZNF41
ZNF410
ZNF414
ZNF416
ZNF417
ZNF418
ZNF419
ZNF420
ZNF423
ZNF425
ZNF426
ZNF428
ZNF429
ZNF43
ZNF430
ZNF431
ZNF432
ZNF433
ZNF434
ZNF436
ZNF438
ZNF439
ZNF440
ZNF441
ZNF443
ZNF444
ZNF445
ZNF446
ZNF45
ZNF451
ZNF454
ZNF460
ZNF461
ZNF462
ZNF467
ZNF468
ZNF471
ZNF473
ZNF483
ZNF484
ZNF485
ZNF490
ZNF491
ZNF493
ZNF496
ZNF497
ZNF498
ZNF500
ZNF501
ZNF502
ZNF503
ZNF506
ZNF507
ZNF511
ZNF512B
ZNF513
ZNF514
ZNF516
ZNF519
ZNF521
ZNF524
ZNF526
ZNF527
ZNF529
ZNF542
ZNF543
ZNF546
ZNF547
ZNF548
ZNF549
ZNF551
ZNF553
ZNF554
ZNF555
ZNF556
ZNF559
ZNF560
ZNF562
ZNF563
ZNF564
ZNF565
ZNF566
ZNF567
ZNF569
ZNF57
ZNF572
ZNF574
ZNF576
ZNF577
ZNF579
ZNF580
ZNF581
ZNF582
ZNF584
ZNF585A
ZNF585B
ZNF587
ZNF592
ZNF593
ZNF594
ZNF595
ZNF596
ZNF597
ZNF598
ZNF599
ZNF600
ZNF605
ZNF606
ZNF607
ZNF610
ZNF611
ZNF613
ZNF614
ZNF615
ZNF620
ZNF621
ZNF622
ZNF623
ZNF624
ZNF626
ZNF628
ZNF630
ZNF638
ZNF639
ZNF641
ZNF642
ZNF643
ZNF644
ZNF646
ZNF649
ZNF652
ZNF653
ZNF655
ZNF658
ZNF658B
ZNF668
ZNF669
ZNF670
ZNF671
ZNF672
ZNF675
ZNF679
ZNF683
ZNF684
ZNF687
ZNF688
ZNF689
ZNF69
ZNF691
ZNF692
ZNF695
ZNF696
ZNF699
ZNF7
ZNF70
ZNF701
ZNF703
ZNF707
ZNF71
ZNF711
ZNF714
ZNF718
ZNF720
ZNF738
ZNF74
ZNF740
ZNF746
ZNF747
ZNF749
ZNF75A
ZNF76
ZNF764
ZNF765
ZNF766
ZNF767
ZNF768
ZNF77
ZNF770
ZNF772
ZNF773
ZNF774
ZNF775
ZNF784
ZNF785
ZNF786
ZNF787
ZNF789
ZNF79
ZNF791
ZNF792
ZNF793
ZNF8
ZNF800
ZNF81
ZNF815
ZNF821
ZNF823
ZNF826
ZNF827
ZNF828
ZNF83
ZNF837
ZNF839
ZNF84
ZNF843
ZNF845
ZNF846
ZNF879
ZNF92
ZNF93
ZNFX1
ZNHIT2
ZNHIT3
ZNRD1
ZNRF1
ZNRF2
ZNRF3
ZNRF4
ZPBP
ZPBP2
ZRANB1
ZRANB2
ZRANB3
ZSCAN1
ZSCAN12
ZSCAN12P1
ZSCAN16
ZSCAN18
ZSCAN20
ZSCAN21
ZSCAN22
ZSWIM1
ZSWIM2
ZSWIM3
ZSWIM4
ZSWIM6
ZSWIM7
ZUFSP
ZW10
ZWILCH
ZWINT
ZXDB
ZXDC
ZYG11B
ZYX
ZZEF1
ZZZ3
